mode: set
github.com/etcd-monitor/taskmaster/cmd/etcd-monitor/main.go:62.13,66.14 2 0
github.com/etcd-monitor/taskmaster/cmd/etcd-monitor/main.go:66.14,69.3 2 0
github.com/etcd-monitor/taskmaster/cmd/etcd-monitor/main.go:72.2,73.16 2 0
github.com/etcd-monitor/taskmaster/cmd/etcd-monitor/main.go:73.16,76.3 2 0
github.com/etcd-monitor/taskmaster/cmd/etcd-monitor/main.go:77.2,88.16 5 0
github.com/etcd-monitor/taskmaster/cmd/etcd-monitor/main.go:88.16,90.3 1 0
github.com/etcd-monitor/taskmaster/cmd/etcd-monitor/main.go:91.2,94.19 2 0
github.com/etcd-monitor/taskmaster/cmd/etcd-monitor/main.go:94.19,97.3 2 0
github.com/etcd-monitor/taskmaster/cmd/etcd-monitor/main.go:100.2,119.16 3 0
github.com/etcd-monitor/taskmaster/cmd/etcd-monitor/main.go:119.16,121.3 1 0
github.com/etcd-monitor/taskmaster/cmd/etcd-monitor/main.go:124.2,124.47 1 0
github.com/etcd-monitor/taskmaster/cmd/etcd-monitor/main.go:124.47,126.3 1 0
github.com/etcd-monitor/taskmaster/cmd/etcd-monitor/main.go:127.2,143.12 6 0
github.com/etcd-monitor/taskmaster/cmd/etcd-monitor/main.go:143.12,144.43 1 0
github.com/etcd-monitor/taskmaster/cmd/etcd-monitor/main.go:144.43,146.4 1 0
github.com/etcd-monitor/taskmaster/cmd/etcd-monitor/main.go:149.2,163.44 8 0
github.com/etcd-monitor/taskmaster/cmd/etcd-monitor/main.go:163.44,165.3 1 0
github.com/etcd-monitor/taskmaster/cmd/etcd-monitor/main.go:167.2,167.34 1 0
github.com/etcd-monitor/taskmaster/cmd/etcd-monitor/main.go:171.89,178.56 2 0
github.com/etcd-monitor/taskmaster/cmd/etcd-monitor/main.go:178.56,185.17 3 0
github.com/etcd-monitor/taskmaster/cmd/etcd-monitor/main.go:185.17,187.4 1 0
github.com/etcd-monitor/taskmaster/cmd/etcd-monitor/main.go:188.3,188.23 1 0
github.com/etcd-monitor/taskmaster/cmd/etcd-monitor/main.go:188.23,190.4 1 0
github.com/etcd-monitor/taskmaster/cmd/etcd-monitor/main.go:191.3,192.49 2 0
github.com/etcd-monitor/taskmaster/cmd/etcd-monitor/main.go:195.2,196.16 2 0
github.com/etcd-monitor/taskmaster/cmd/etcd-monitor/main.go:196.16,198.3 1 0
github.com/etcd-monitor/taskmaster/cmd/etcd-monitor/main.go:201.2,205.16 4 0
github.com/etcd-monitor/taskmaster/cmd/etcd-monitor/main.go:205.16,208.3 2 0
github.com/etcd-monitor/taskmaster/cmd/etcd-monitor/main.go:210.2,212.20 2 0
github.com/etcd-monitor/taskmaster/cmd/etcd-monitor/main.go:216.51,218.37 2 1
github.com/etcd-monitor/taskmaster/cmd/etcd-monitor/main.go:218.37,220.55 2 1
github.com/etcd-monitor/taskmaster/cmd/etcd-monitor/main.go:220.55,222.4 1 1
github.com/etcd-monitor/taskmaster/cmd/etcd-monitor/main.go:223.3,224.21 2 1
github.com/etcd-monitor/taskmaster/cmd/etcd-monitor/main.go:224.21,226.4 1 1
github.com/etcd-monitor/taskmaster/cmd/etcd-monitor/main.go:227.3,227.6 1 1
github.com/etcd-monitor/taskmaster/cmd/etcd-monitor/main.go:229.2,229.18 1 1
github.com/etcd-monitor/taskmaster/cmd/etcd-monitor/main.go:233.68,257.16 6 0
github.com/etcd-monitor/taskmaster/cmd/etcd-monitor/main.go:257.16,259.3 1 0
github.com/etcd-monitor/taskmaster/cmd/etcd-monitor/main.go:262.2,279.53 17 0
github.com/etcd-monitor/taskmaster/cmd/etcd-monitor/main.go:279.53,282.3 2 0
github.com/etcd-monitor/taskmaster/pkg/benchmark/benchmark.go:71.85,77.2 1 1
github.com/etcd-monitor/taskmaster/pkg/benchmark/benchmark.go:80.60,81.21 1 1
github.com/etcd-monitor/taskmaster/pkg/benchmark/benchmark.go:81.21,83.3 1 1
github.com/etcd-monitor/taskmaster/pkg/benchmark/benchmark.go:85.2,100.23 4 0
github.com/etcd-monitor/taskmaster/pkg/benchmark/benchmark.go:101.26,102.41 1 0
github.com/etcd-monitor/taskmaster/pkg/benchmark/benchmark.go:103.25,104.40 1 0
github.com/etcd-monitor/taskmaster/pkg/benchmark/benchmark.go:105.26,106.41 1 0
github.com/etcd-monitor/taskmaster/pkg/benchmark/benchmark.go:107.10,108.74 1 0
github.com/etcd-monitor/taskmaster/pkg/benchmark/benchmark.go:111.2,111.16 1 0
github.com/etcd-monitor/taskmaster/pkg/benchmark/benchmark.go:111.16,113.3 1 0
github.com/etcd-monitor/taskmaster/pkg/benchmark/benchmark.go:115.2,118.20 3 0
github.com/etcd-monitor/taskmaster/pkg/benchmark/benchmark.go:122.79,133.53 2 0
github.com/etcd-monitor/taskmaster/pkg/benchmark/benchmark.go:133.53,134.56 1 0
github.com/etcd-monitor/taskmaster/pkg/benchmark/benchmark.go:134.56,136.26 2 0
github.com/etcd-monitor/taskmaster/pkg/benchmark/benchmark.go:136.26,139.39 2 0
github.com/etcd-monitor/taskmaster/pkg/benchmark/benchmark.go:139.39,147.20 6 0
github.com/etcd-monitor/taskmaster/pkg/benchmark/benchmark.go:147.20,150.7 2 0
github.com/etcd-monitor/taskmaster/pkg/benchmark/benchmark.go:150.12,155.7 4 0
github.com/etcd-monitor/taskmaster/pkg/benchmark/benchmark.go:158.6,158.32 1 0
github.com/etcd-monitor/taskmaster/pkg/benchmark/benchmark.go:158.32,160.7 1 0
github.com/etcd-monitor/taskmaster/pkg/benchmark/benchmark.go:166.2,174.12 6 0
github.com/etcd-monitor/taskmaster/pkg/benchmark/benchmark.go:178.78,183.31 3 0
github.com/etcd-monitor/taskmaster/pkg/benchmark/benchmark.go:183.31,187.17 4 0
github.com/etcd-monitor/taskmaster/pkg/benchmark/benchmark.go:187.17,189.4 1 0
github.com/etcd-monitor/taskmaster/pkg/benchmark/benchmark.go:193.2,202.53 2 0
github.com/etcd-monitor/taskmaster/pkg/benchmark/benchmark.go:202.53,203.56 1 0
github.com/etcd-monitor/taskmaster/pkg/benchmark/benchmark.go:203.56,205.14 2 0
github.com/etcd-monitor/taskmaster/pkg/benchmark/benchmark.go:205.14,208.39 2 0
github.com/etcd-monitor/taskmaster/pkg/benchmark/benchmark.go:208.39,217.20 6 0
github.com/etcd-monitor/taskmaster/pkg/benchmark/benchmark.go:217.20,219.7 1 0
github.com/etcd-monitor/taskmaster/pkg/benchmark/benchmark.go:219.12,224.7 4 0
github.com/etcd-monitor/taskmaster/pkg/benchmark/benchmark.go:227.6,227.32 1 0
github.com/etcd-monitor/taskmaster/pkg/benchmark/benchmark.go:227.32,229.7 1 0
github.com/etcd-monitor/taskmaster/pkg/benchmark/benchmark.go:235.2,247.12 8 0
github.com/etcd-monitor/taskmaster/pkg/benchmark/benchmark.go:251.79,264.53 3 0
github.com/etcd-monitor/taskmaster/pkg/benchmark/benchmark.go:264.53,265.56 1 0
github.com/etcd-monitor/taskmaster/pkg/benchmark/benchmark.go:265.56,267.26 2 0
github.com/etcd-monitor/taskmaster/pkg/benchmark/benchmark.go:267.26,270.39 2 0
github.com/etcd-monitor/taskmaster/pkg/benchmark/benchmark.go:270.39,277.36 4 0
github.com/etcd-monitor/taskmaster/pkg/benchmark/benchmark.go:277.36,279.7 1 0
github.com/etcd-monitor/taskmaster/pkg/benchmark/benchmark.go:279.12,282.7 2 0
github.com/etcd-monitor/taskmaster/pkg/benchmark/benchmark.go:284.6,286.20 2 0
github.com/etcd-monitor/taskmaster/pkg/benchmark/benchmark.go:286.20,288.7 1 0
github.com/etcd-monitor/taskmaster/pkg/benchmark/benchmark.go:288.12,293.7 4 0
github.com/etcd-monitor/taskmaster/pkg/benchmark/benchmark.go:296.6,296.32 1 0
github.com/etcd-monitor/taskmaster/pkg/benchmark/benchmark.go:296.32,298.7 1 0
github.com/etcd-monitor/taskmaster/pkg/benchmark/benchmark.go:304.2,315.12 7 0
github.com/etcd-monitor/taskmaster/pkg/benchmark/benchmark.go:319.77,320.25 1 1
github.com/etcd-monitor/taskmaster/pkg/benchmark/benchmark.go:320.25,322.3 1 1
github.com/etcd-monitor/taskmaster/pkg/benchmark/benchmark.go:324.2,335.32 8 1
github.com/etcd-monitor/taskmaster/pkg/benchmark/benchmark.go:335.32,337.3 1 1
github.com/etcd-monitor/taskmaster/pkg/benchmark/benchmark.go:338.2,344.32 3 1
github.com/etcd-monitor/taskmaster/pkg/benchmark/benchmark.go:344.32,347.3 2 1
github.com/etcd-monitor/taskmaster/pkg/benchmark/benchmark.go:351.54,352.22 1 1
github.com/etcd-monitor/taskmaster/pkg/benchmark/benchmark.go:352.22,354.3 1 1
github.com/etcd-monitor/taskmaster/pkg/benchmark/benchmark.go:355.2,356.15 2 1
github.com/etcd-monitor/taskmaster/pkg/benchmark/benchmark.go:356.15,358.3 1 0
github.com/etcd-monitor/taskmaster/pkg/benchmark/benchmark.go:359.2,359.26 1 1
github.com/etcd-monitor/taskmaster/pkg/benchmark/benchmark.go:359.26,361.3 1 0
github.com/etcd-monitor/taskmaster/pkg/benchmark/benchmark.go:362.2,362.22 1 1
github.com/etcd-monitor/taskmaster/pkg/benchmark/benchmark.go:366.47,367.9 1 1
github.com/etcd-monitor/taskmaster/pkg/benchmark/benchmark.go:368.19,369.16 1 1
github.com/etcd-monitor/taskmaster/pkg/benchmark/benchmark.go:370.19,371.17 1 1
github.com/etcd-monitor/taskmaster/pkg/benchmark/benchmark.go:372.20,373.18 1 1
github.com/etcd-monitor/taskmaster/pkg/benchmark/benchmark.go:374.20,375.19 1 1
github.com/etcd-monitor/taskmaster/pkg/benchmark/benchmark.go:376.21,377.20 1 1
github.com/etcd-monitor/taskmaster/pkg/benchmark/benchmark.go:378.21,379.21 1 1
github.com/etcd-monitor/taskmaster/pkg/benchmark/benchmark.go:380.10,381.18 1 1
github.com/etcd-monitor/taskmaster/pkg/benchmark/benchmark.go:386.46,389.19 3 1
github.com/etcd-monitor/taskmaster/pkg/benchmark/benchmark.go:389.19,391.3 1 1
github.com/etcd-monitor/taskmaster/pkg/benchmark/benchmark.go:392.2,392.18 1 1
github.com/etcd-monitor/taskmaster/pkg/benchmark/benchmark.go:396.54,408.2 1 1
github.com/etcd-monitor/taskmaster/pkg/api/prometheus.go:58.108,71.2 4 0
github.com/etcd-monitor/taskmaster/pkg/api/prometheus.go:74.49,278.2 26 0
github.com/etcd-monitor/taskmaster/pkg/api/prometheus.go:281.48,285.21 3 0
github.com/etcd-monitor/taskmaster/pkg/api/prometheus.go:285.21,287.3 1 0
github.com/etcd-monitor/taskmaster/pkg/api/prometheus.go:291.47,294.16 2 0
github.com/etcd-monitor/taskmaster/pkg/api/prometheus.go:294.16,297.3 2 0
github.com/etcd-monitor/taskmaster/pkg/api/prometheus.go:300.2,300.20 1 0
github.com/etcd-monitor/taskmaster/pkg/api/prometheus.go:300.20,302.3 1 0
github.com/etcd-monitor/taskmaster/pkg/api/prometheus.go:302.8,304.3 1 0
github.com/etcd-monitor/taskmaster/pkg/api/prometheus.go:306.2,306.22 1 0
github.com/etcd-monitor/taskmaster/pkg/api/prometheus.go:306.22,308.3 1 0
github.com/etcd-monitor/taskmaster/pkg/api/prometheus.go:308.8,310.3 1 0
github.com/etcd-monitor/taskmaster/pkg/api/prometheus.go:312.2,318.16 5 0
github.com/etcd-monitor/taskmaster/pkg/api/prometheus.go:318.16,321.3 2 0
github.com/etcd-monitor/taskmaster/pkg/api/prometheus.go:324.2,350.53 19 0
github.com/etcd-monitor/taskmaster/pkg/api/prometheus.go:354.54,356.2 1 0
github.com/etcd-monitor/taskmaster/pkg/api/prometheus.go:359.66,362.2 2 0
github.com/etcd-monitor/taskmaster/pkg/api/prometheus.go:365.58,367.16 2 0
github.com/etcd-monitor/taskmaster/pkg/api/prometheus.go:367.16,369.3 1 0
github.com/etcd-monitor/taskmaster/pkg/api/prometheus.go:371.2,372.16 2 0
github.com/etcd-monitor/taskmaster/pkg/api/prometheus.go:372.16,374.3 1 0
github.com/etcd-monitor/taskmaster/pkg/api/prometheus.go:376.2,418.16 2 0
github.com/etcd-monitor/taskmaster/pkg/api/server.go:42.100,43.19 1 1
github.com/etcd-monitor/taskmaster/pkg/api/server.go:43.19,45.3 1 1
github.com/etcd-monitor/taskmaster/pkg/api/server.go:46.2,54.19 3 1
github.com/etcd-monitor/taskmaster/pkg/api/server.go:54.19,61.3 1 1
github.com/etcd-monitor/taskmaster/pkg/api/server.go:63.2,63.10 1 1
github.com/etcd-monitor/taskmaster/pkg/api/server.go:67.32,91.2 12 1
github.com/etcd-monitor/taskmaster/pkg/api/server.go:94.32,97.2 2 0
github.com/etcd-monitor/taskmaster/pkg/api/server.go:100.50,103.2 2 1
github.com/etcd-monitor/taskmaster/pkg/api/server.go:106.71,114.2 2 1
github.com/etcd-monitor/taskmaster/pkg/api/server.go:117.78,119.16 2 1
github.com/etcd-monitor/taskmaster/pkg/api/server.go:119.16,122.3 2 1
github.com/etcd-monitor/taskmaster/pkg/api/server.go:124.2,124.39 1 0
github.com/etcd-monitor/taskmaster/pkg/api/server.go:128.79,133.16 3 0
github.com/etcd-monitor/taskmaster/pkg/api/server.go:133.16,136.3 2 0
github.com/etcd-monitor/taskmaster/pkg/api/server.go:139.2,140.26 2 0
github.com/etcd-monitor/taskmaster/pkg/api/server.go:140.26,143.3 2 0
github.com/etcd-monitor/taskmaster/pkg/api/server.go:146.2,147.16 2 0
github.com/etcd-monitor/taskmaster/pkg/api/server.go:147.16,150.3 2 0
github.com/etcd-monitor/taskmaster/pkg/api/server.go:152.2,159.41 2 0
github.com/etcd-monitor/taskmaster/pkg/api/server.go:163.78,165.16 2 0
github.com/etcd-monitor/taskmaster/pkg/api/server.go:165.16,168.3 2 0
github.com/etcd-monitor/taskmaster/pkg/api/server.go:170.2,176.41 2 0
github.com/etcd-monitor/taskmaster/pkg/api/server.go:180.79,182.16 2 1
github.com/etcd-monitor/taskmaster/pkg/api/server.go:182.16,185.3 2 1
github.com/etcd-monitor/taskmaster/pkg/api/server.go:187.2,187.40 1 0
github.com/etcd-monitor/taskmaster/pkg/api/server.go:191.79,201.2 2 0
github.com/etcd-monitor/taskmaster/pkg/api/server.go:204.79,206.16 2 0
github.com/etcd-monitor/taskmaster/pkg/api/server.go:206.16,209.3 2 0
github.com/etcd-monitor/taskmaster/pkg/api/server.go:211.2,225.41 2 0
github.com/etcd-monitor/taskmaster/pkg/api/server.go:229.71,231.25 2 0
github.com/etcd-monitor/taskmaster/pkg/api/server.go:231.25,234.3 2 0
github.com/etcd-monitor/taskmaster/pkg/api/server.go:237.2,245.41 3 0
github.com/etcd-monitor/taskmaster/pkg/api/server.go:249.77,251.25 2 0
github.com/etcd-monitor/taskmaster/pkg/api/server.go:251.25,254.3 2 0
github.com/etcd-monitor/taskmaster/pkg/api/server.go:261.2,269.41 3 0
github.com/etcd-monitor/taskmaster/pkg/api/server.go:273.74,278.65 2 0
github.com/etcd-monitor/taskmaster/pkg/api/server.go:278.65,281.3 2 0
github.com/etcd-monitor/taskmaster/pkg/api/server.go:283.2,283.29 1 0
github.com/etcd-monitor/taskmaster/pkg/api/server.go:283.29,285.3 1 0
github.com/etcd-monitor/taskmaster/pkg/api/server.go:287.2,291.53 2 0
github.com/etcd-monitor/taskmaster/pkg/api/server.go:295.81,299.56 3 1
github.com/etcd-monitor/taskmaster/pkg/api/server.go:299.56,301.3 1 0
github.com/etcd-monitor/taskmaster/pkg/api/server.go:305.91,313.16 3 1
github.com/etcd-monitor/taskmaster/pkg/api/server.go:313.16,315.3 1 1
github.com/etcd-monitor/taskmaster/pkg/api/server.go:317.2,317.34 1 1
github.com/etcd-monitor/taskmaster/pkg/api/server.go:321.68,322.71 1 1
github.com/etcd-monitor/taskmaster/pkg/api/server.go:322.71,338.3 5 1
github.com/etcd-monitor/taskmaster/pkg/api/server.go:342.65,343.71 1 1
github.com/etcd-monitor/taskmaster/pkg/api/server.go:343.71,348.28 4 1
github.com/etcd-monitor/taskmaster/pkg/api/server.go:348.28,351.4 2 1
github.com/etcd-monitor/taskmaster/pkg/api/server.go:353.3,353.23 1 1
github.com/etcd-monitor/taskmaster/pkg/api/server.go:363.49,366.2 2 1
github.com/etcd-monitor/taskmaster/cmd/etcdcluster-controller/controller.go:49.68,56.55 2 1
github.com/etcd-monitor/taskmaster/cmd/etcdcluster-controller/controller.go:56.55,57.48 1 0
github.com/etcd-monitor/taskmaster/cmd/etcdcluster-controller/controller.go:57.48,59.5 1 0
github.com/etcd-monitor/taskmaster/cmd/etcdcluster-controller/controller.go:60.4,60.35 1 0
github.com/etcd-monitor/taskmaster/cmd/etcdcluster-controller/controller.go:60.35,62.5 1 0
github.com/etcd-monitor/taskmaster/cmd/etcdcluster-controller/controller.go:63.4,63.14 1 0
github.com/etcd-monitor/taskmaster/cmd/etcdcluster-controller/controller.go:67.2,72.12 6 1
github.com/etcd-monitor/taskmaster/cmd/etcdcluster-controller/controller.go:75.42,80.16 3 0
github.com/etcd-monitor/taskmaster/cmd/etcdcluster-controller/controller.go:80.16,82.3 1 0
github.com/etcd-monitor/taskmaster/cmd/etcdcluster-controller/controller.go:84.2,85.16 2 0
github.com/etcd-monitor/taskmaster/cmd/etcdcluster-controller/controller.go:85.16,87.3 1 0
github.com/etcd-monitor/taskmaster/cmd/etcdcluster-controller/controller.go:89.2,102.57 4 0
github.com/etcd-monitor/taskmaster/cmd/etcdcluster-controller/controller.go:102.57,122.49 3 0
github.com/etcd-monitor/taskmaster/cmd/etcdcluster-controller/controller.go:122.49,123.53 1 0
github.com/etcd-monitor/taskmaster/cmd/etcdcluster-controller/controller.go:123.53,125.7 1 0
github.com/etcd-monitor/taskmaster/cmd/etcdcluster-controller/controller.go:127.30,130.6 2 0
github.com/etcd-monitor/taskmaster/cmd/etcdcluster-controller/controller.go:131.40,132.24 1 0
github.com/etcd-monitor/taskmaster/cmd/etcdcluster-controller/controller.go:132.24,134.7 1 0
github.com/etcd-monitor/taskmaster/cmd/etcdcluster-controller/controller.go:135.6,135.52 1 0
github.com/etcd-monitor/taskmaster/cmd/etcdcluster-controller/controller.go:139.8,140.50 1 0
github.com/etcd-monitor/taskmaster/cmd/etcdcluster-controller/controller.go:140.50,142.4 1 0
github.com/etcd-monitor/taskmaster/cmd/etcdcluster-controller/controller.go:145.2,146.12 2 0
github.com/etcd-monitor/taskmaster/cmd/etcdinspection-controller/controller.go:33.71,40.55 2 1
github.com/etcd-monitor/taskmaster/cmd/etcdinspection-controller/controller.go:40.55,41.48 1 0
github.com/etcd-monitor/taskmaster/cmd/etcdinspection-controller/controller.go:41.48,43.5 1 0
github.com/etcd-monitor/taskmaster/cmd/etcdinspection-controller/controller.go:44.4,44.35 1 0
github.com/etcd-monitor/taskmaster/cmd/etcdinspection-controller/controller.go:44.35,46.5 1 0
github.com/etcd-monitor/taskmaster/cmd/etcdinspection-controller/controller.go:47.4,47.14 1 0
github.com/etcd-monitor/taskmaster/cmd/etcdinspection-controller/controller.go:51.2,56.12 6 1
github.com/etcd-monitor/taskmaster/cmd/etcdinspection-controller/controller.go:59.45,64.16 3 0
github.com/etcd-monitor/taskmaster/cmd/etcdinspection-controller/controller.go:64.16,66.3 1 0
github.com/etcd-monitor/taskmaster/cmd/etcdinspection-controller/controller.go:68.2,69.16 2 0
github.com/etcd-monitor/taskmaster/cmd/etcdinspection-controller/controller.go:69.16,71.3 1 0
github.com/etcd-monitor/taskmaster/cmd/etcdinspection-controller/controller.go:73.2,86.57 4 0
github.com/etcd-monitor/taskmaster/cmd/etcdinspection-controller/controller.go:86.57,106.49 3 0
github.com/etcd-monitor/taskmaster/cmd/etcdinspection-controller/controller.go:106.49,107.53 1 0
github.com/etcd-monitor/taskmaster/cmd/etcdinspection-controller/controller.go:107.53,109.7 1 0
github.com/etcd-monitor/taskmaster/cmd/etcdinspection-controller/controller.go:111.30,114.6 2 0
github.com/etcd-monitor/taskmaster/cmd/etcdinspection-controller/controller.go:115.40,116.24 1 0
github.com/etcd-monitor/taskmaster/cmd/etcdinspection-controller/controller.go:116.24,118.7 1 0
github.com/etcd-monitor/taskmaster/cmd/etcdinspection-controller/controller.go:119.6,119.52 1 0
github.com/etcd-monitor/taskmaster/cmd/etcdinspection-controller/controller.go:123.8,124.50 1 0
github.com/etcd-monitor/taskmaster/cmd/etcdinspection-controller/controller.go:124.50,126.4 1 0
github.com/etcd-monitor/taskmaster/cmd/etcdinspection-controller/controller.go:129.2,130.12 2 0
github.com/etcd-monitor/taskmaster/pkg/examples/examples.go:15.82,23.16 3 0
github.com/etcd-monitor/taskmaster/pkg/examples/examples.go:23.16,25.3 1 0
github.com/etcd-monitor/taskmaster/pkg/examples/examples.go:26.2,31.39 3 0
github.com/etcd-monitor/taskmaster/pkg/examples/examples.go:31.39,33.3 1 0
github.com/etcd-monitor/taskmaster/pkg/examples/examples.go:35.2,41.41 3 0
github.com/etcd-monitor/taskmaster/pkg/examples/examples.go:41.41,43.3 1 0
github.com/etcd-monitor/taskmaster/pkg/examples/examples.go:45.2,48.40 2 0
github.com/etcd-monitor/taskmaster/pkg/examples/examples.go:48.40,52.3 3 0
github.com/etcd-monitor/taskmaster/pkg/examples/examples.go:54.2,54.12 1 0
github.com/etcd-monitor/taskmaster/pkg/examples/examples.go:58.83,63.16 3 0
github.com/etcd-monitor/taskmaster/pkg/examples/examples.go:63.16,65.3 1 0
github.com/etcd-monitor/taskmaster/pkg/examples/examples.go:66.2,82.56 4 0
github.com/etcd-monitor/taskmaster/pkg/examples/examples.go:82.56,84.3 1 0
github.com/etcd-monitor/taskmaster/pkg/examples/examples.go:86.2,90.16 3 0
github.com/etcd-monitor/taskmaster/pkg/examples/examples.go:90.16,92.3 1 0
github.com/etcd-monitor/taskmaster/pkg/examples/examples.go:94.2,95.31 2 0
github.com/etcd-monitor/taskmaster/pkg/examples/examples.go:95.31,99.3 1 0
github.com/etcd-monitor/taskmaster/pkg/examples/examples.go:102.2,102.76 1 0
github.com/etcd-monitor/taskmaster/pkg/examples/examples.go:102.76,106.3 1 0
github.com/etcd-monitor/taskmaster/pkg/examples/examples.go:108.2,108.12 1 0
github.com/etcd-monitor/taskmaster/pkg/examples/examples.go:112.80,116.16 3 0
github.com/etcd-monitor/taskmaster/pkg/examples/examples.go:116.16,118.3 1 0
github.com/etcd-monitor/taskmaster/pkg/examples/examples.go:119.2,124.26 3 0
github.com/etcd-monitor/taskmaster/pkg/examples/examples.go:124.26,131.57 2 0
github.com/etcd-monitor/taskmaster/pkg/examples/examples.go:131.57,133.4 1 0
github.com/etcd-monitor/taskmaster/pkg/examples/examples.go:137.2,140.25 2 0
github.com/etcd-monitor/taskmaster/pkg/examples/examples.go:140.25,142.17 2 0
github.com/etcd-monitor/taskmaster/pkg/examples/examples.go:142.17,144.4 1 0
github.com/etcd-monitor/taskmaster/pkg/examples/examples.go:145.3,148.79 1 0
github.com/etcd-monitor/taskmaster/pkg/examples/examples.go:151.2,151.12 1 0
github.com/etcd-monitor/taskmaster/pkg/examples/examples.go:155.90,164.73 4 0
github.com/etcd-monitor/taskmaster/pkg/examples/examples.go:164.73,166.3 1 0
github.com/etcd-monitor/taskmaster/pkg/examples/examples.go:167.2,167.66 1 0
github.com/etcd-monitor/taskmaster/pkg/examples/examples.go:167.66,169.3 1 0
github.com/etcd-monitor/taskmaster/pkg/examples/examples.go:170.2,170.62 1 0
github.com/etcd-monitor/taskmaster/pkg/examples/examples.go:170.62,172.3 1 0
github.com/etcd-monitor/taskmaster/pkg/examples/examples.go:174.2,178.16 3 0
github.com/etcd-monitor/taskmaster/pkg/examples/examples.go:178.16,180.3 1 0
github.com/etcd-monitor/taskmaster/pkg/examples/examples.go:181.2,184.16 3 0
github.com/etcd-monitor/taskmaster/pkg/examples/examples.go:184.16,186.3 1 0
github.com/etcd-monitor/taskmaster/pkg/examples/examples.go:187.2,190.87 2 0
github.com/etcd-monitor/taskmaster/pkg/examples/examples.go:190.87,195.3 1 0
github.com/etcd-monitor/taskmaster/pkg/examples/examples.go:198.2,199.16 2 0
github.com/etcd-monitor/taskmaster/pkg/examples/examples.go:199.16,201.3 1 0
github.com/etcd-monitor/taskmaster/pkg/examples/examples.go:203.2,204.37 2 0
github.com/etcd-monitor/taskmaster/pkg/examples/examples.go:204.37,206.3 1 0
github.com/etcd-monitor/taskmaster/pkg/examples/examples.go:208.2,208.12 1 0
github.com/etcd-monitor/taskmaster/pkg/examples/examples.go:212.79,221.59 5 0
github.com/etcd-monitor/taskmaster/pkg/examples/examples.go:221.59,223.3 1 0
github.com/etcd-monitor/taskmaster/pkg/examples/examples.go:224.2,224.61 1 0
github.com/etcd-monitor/taskmaster/pkg/examples/examples.go:224.61,226.3 1 0
github.com/etcd-monitor/taskmaster/pkg/examples/examples.go:227.2,227.64 1 0
github.com/etcd-monitor/taskmaster/pkg/examples/examples.go:227.64,229.3 1 0
github.com/etcd-monitor/taskmaster/pkg/examples/examples.go:231.2,235.16 3 0
github.com/etcd-monitor/taskmaster/pkg/examples/examples.go:235.16,237.3 1 0
github.com/etcd-monitor/taskmaster/pkg/examples/examples.go:239.2,239.18 1 0
github.com/etcd-monitor/taskmaster/pkg/examples/examples.go:239.18,241.3 1 0
github.com/etcd-monitor/taskmaster/pkg/examples/examples.go:241.8,243.3 1 0
github.com/etcd-monitor/taskmaster/pkg/examples/examples.go:246.2,247.16 2 0
github.com/etcd-monitor/taskmaster/pkg/examples/examples.go:247.16,249.3 1 0
github.com/etcd-monitor/taskmaster/pkg/examples/examples.go:251.2,252.38 2 0
github.com/etcd-monitor/taskmaster/pkg/examples/examples.go:252.38,254.3 1 0
github.com/etcd-monitor/taskmaster/pkg/examples/examples.go:256.2,256.12 1 0
github.com/etcd-monitor/taskmaster/pkg/examples/examples.go:260.96,265.16 3 0
github.com/etcd-monitor/taskmaster/pkg/examples/examples.go:265.16,267.3 1 0
github.com/etcd-monitor/taskmaster/pkg/examples/examples.go:268.2,274.28 4 0
github.com/etcd-monitor/taskmaster/pkg/examples/examples.go:274.28,276.3 1 0
github.com/etcd-monitor/taskmaster/pkg/examples/examples.go:278.2,278.27 1 0
github.com/etcd-monitor/taskmaster/pkg/examples/examples.go:278.27,280.3 1 0
github.com/etcd-monitor/taskmaster/pkg/examples/examples.go:283.2,283.12 1 0
github.com/etcd-monitor/taskmaster/pkg/examples/examples.go:283.12,284.48 1 0
github.com/etcd-monitor/taskmaster/pkg/examples/examples.go:284.48,286.4 1 0
github.com/etcd-monitor/taskmaster/pkg/examples/examples.go:290.2,292.9 2 0
github.com/etcd-monitor/taskmaster/pkg/examples/examples.go:293.31,294.62 1 0
github.com/etcd-monitor/taskmaster/pkg/examples/examples.go:295.20,296.19 1 0
github.com/etcd-monitor/taskmaster/pkg/examples/examples.go:299.2,299.12 1 0
github.com/etcd-monitor/taskmaster/pkg/examples/examples.go:303.92,307.16 3 0
github.com/etcd-monitor/taskmaster/pkg/examples/examples.go:307.16,309.3 1 0
github.com/etcd-monitor/taskmaster/pkg/examples/examples.go:310.2,318.35 4 0
github.com/etcd-monitor/taskmaster/pkg/examples/examples.go:318.35,322.4 2 0
github.com/etcd-monitor/taskmaster/pkg/examples/examples.go:328.2,328.12 1 0
github.com/etcd-monitor/taskmaster/pkg/examples/examples.go:328.12,329.48 1 0
github.com/etcd-monitor/taskmaster/pkg/examples/examples.go:329.48,331.4 1 0
github.com/etcd-monitor/taskmaster/pkg/examples/examples.go:335.2,341.12 4 0
github.com/etcd-monitor/taskmaster/pkg/examples/examples.go:345.78,356.16 6 0
github.com/etcd-monitor/taskmaster/pkg/examples/examples.go:356.16,358.3 1 0
github.com/etcd-monitor/taskmaster/pkg/examples/examples.go:361.2,371.16 4 0
github.com/etcd-monitor/taskmaster/pkg/examples/examples.go:371.16,373.3 1 0
github.com/etcd-monitor/taskmaster/pkg/examples/examples.go:375.2,375.20 1 0
github.com/etcd-monitor/taskmaster/pkg/examples/examples.go:375.20,377.3 1 0
github.com/etcd-monitor/taskmaster/pkg/examples/examples.go:377.8,379.3 1 0
github.com/etcd-monitor/taskmaster/pkg/examples/examples.go:382.2,394.16 4 0
github.com/etcd-monitor/taskmaster/pkg/examples/examples.go:394.16,396.3 1 0
github.com/etcd-monitor/taskmaster/pkg/examples/examples.go:398.2,398.21 1 0
github.com/etcd-monitor/taskmaster/pkg/examples/examples.go:398.21,400.3 1 0
github.com/etcd-monitor/taskmaster/pkg/examples/examples.go:400.8,402.3 1 0
github.com/etcd-monitor/taskmaster/pkg/examples/examples.go:404.2,404.12 1 0
github.com/etcd-monitor/taskmaster/pkg/examples/examples.go:408.73,415.16 4 0
github.com/etcd-monitor/taskmaster/pkg/examples/examples.go:415.16,417.3 1 0
github.com/etcd-monitor/taskmaster/pkg/examples/examples.go:419.2,424.16 4 0
github.com/etcd-monitor/taskmaster/pkg/examples/examples.go:424.16,426.3 1 0
github.com/etcd-monitor/taskmaster/pkg/examples/examples.go:428.2,432.16 3 0
github.com/etcd-monitor/taskmaster/pkg/examples/examples.go:432.16,434.3 1 0
github.com/etcd-monitor/taskmaster/pkg/examples/examples.go:437.2,437.12 1 0
github.com/etcd-monitor/taskmaster/pkg/examples/examples.go:437.12,438.33 1 0
github.com/etcd-monitor/taskmaster/pkg/examples/examples.go:438.33,440.4 1 0
github.com/etcd-monitor/taskmaster/pkg/examples/examples.go:444.2,445.16 2 0
github.com/etcd-monitor/taskmaster/pkg/examples/examples.go:445.16,447.3 1 0
github.com/etcd-monitor/taskmaster/pkg/examples/examples.go:449.2,456.16 4 0
github.com/etcd-monitor/taskmaster/pkg/examples/examples.go:456.16,458.3 1 0
github.com/etcd-monitor/taskmaster/pkg/examples/examples.go:460.2,464.16 3 0
github.com/etcd-monitor/taskmaster/pkg/examples/examples.go:464.16,466.3 1 0
github.com/etcd-monitor/taskmaster/pkg/examples/examples.go:468.2,468.27 1 0
github.com/etcd-monitor/taskmaster/pkg/examples/examples.go:468.27,470.3 1 0
github.com/etcd-monitor/taskmaster/pkg/examples/examples.go:472.2,472.12 1 0
github.com/etcd-monitor/taskmaster/pkg/examples/examples.go:476.73,485.12 5 0
github.com/etcd-monitor/taskmaster/pkg/examples/examples.go:485.12,487.36 2 0
github.com/etcd-monitor/taskmaster/pkg/examples/examples.go:487.36,488.30 1 0
github.com/etcd-monitor/taskmaster/pkg/examples/examples.go:488.30,490.13 2 0
github.com/etcd-monitor/taskmaster/pkg/examples/examples.go:493.4,493.43 1 0
github.com/etcd-monitor/taskmaster/pkg/examples/examples.go:493.43,498.5 1 0
github.com/etcd-monitor/taskmaster/pkg/examples/examples.go:503.2,513.12 8 0
github.com/etcd-monitor/taskmaster/pkg/examples/examples.go:513.12,515.37 2 0
github.com/etcd-monitor/taskmaster/pkg/examples/examples.go:515.37,516.43 1 0
github.com/etcd-monitor/taskmaster/pkg/examples/examples.go:516.43,519.5 1 0
github.com/etcd-monitor/taskmaster/pkg/examples/examples.go:523.2,525.12 2 0
github.com/etcd-monitor/taskmaster/pkg/examples/examples.go:529.99,533.16 3 0
github.com/etcd-monitor/taskmaster/pkg/examples/examples.go:533.16,535.3 1 0
github.com/etcd-monitor/taskmaster/pkg/examples/examples.go:537.2,541.45 3 0
github.com/etcd-monitor/taskmaster/pkg/examples/examples.go:541.45,546.7 4 0
github.com/etcd-monitor/taskmaster/pkg/examples/examples.go:546.7,547.11 1 0
github.com/etcd-monitor/taskmaster/pkg/examples/examples.go:548.22,549.15 1 0
github.com/etcd-monitor/taskmaster/pkg/examples/examples.go:550.20,551.48 1 0
github.com/etcd-monitor/taskmaster/pkg/examples/examples.go:556.2,556.47 1 0
github.com/etcd-monitor/taskmaster/pkg/examples/examples.go:556.47,560.3 3 0
github.com/etcd-monitor/taskmaster/pkg/examples/examples.go:563.2,565.43 2 0
github.com/etcd-monitor/taskmaster/pkg/examples/examples.go:565.43,567.3 1 0
github.com/etcd-monitor/taskmaster/pkg/examples/examples.go:570.2,571.23 2 0
github.com/etcd-monitor/taskmaster/pkg/examples/examples.go:575.66,590.35 2 0
github.com/etcd-monitor/taskmaster/pkg/examples/examples.go:590.35,592.52 2 0
github.com/etcd-monitor/taskmaster/pkg/examples/examples.go:592.52,594.4 1 0
github.com/etcd-monitor/taskmaster/pkg/examples/examples.go:595.3,595.30 1 0
github.com/etcd-monitor/taskmaster/pkg/controllers/util/util.go:45.65,48.2 1 0
github.com/etcd-monitor/taskmaster/pkg/controllers/util/util.go:50.89,53.2 1 0
github.com/etcd-monitor/taskmaster/pkg/controllers/util/util.go:55.114,58.2 1 0
github.com/etcd-monitor/taskmaster/pkg/controllers/util/util.go:60.154,63.2 1 0
github.com/etcd-monitor/taskmaster/pkg/controllers/util/util.go:71.62,76.2 2 1
github.com/etcd-monitor/taskmaster/pkg/controllers/util/util.go:82.64,84.16 2 0
github.com/etcd-monitor/taskmaster/pkg/controllers/util/util.go:84.16,85.13 1 0
github.com/etcd-monitor/taskmaster/pkg/controllers/util/util.go:87.2,87.12 1 0
github.com/etcd-monitor/taskmaster/pkg/controllers/util/util.go:90.65,92.2 1 0
github.com/etcd-monitor/taskmaster/pkg/controllers/util/util.go:94.70,96.2 1 0
github.com/etcd-monitor/taskmaster/pkg/etcdctl/wrapper.go:20.71,25.2 1 1
github.com/etcd-monitor/taskmaster/pkg/etcdctl/wrapper.go:28.121,31.2 2 1
github.com/etcd-monitor/taskmaster/pkg/etcdctl/wrapper.go:34.114,37.2 2 1
github.com/etcd-monitor/taskmaster/pkg/etcdctl/wrapper.go:40.120,43.2 2 1
github.com/etcd-monitor/taskmaster/pkg/etcdctl/wrapper.go:46.104,49.2 2 1
github.com/etcd-monitor/taskmaster/pkg/etcdctl/wrapper.go:52.89,55.2 2 1
github.com/etcd-monitor/taskmaster/pkg/etcdctl/wrapper.go:58.106,61.2 2 1
github.com/etcd-monitor/taskmaster/pkg/etcdctl/wrapper.go:64.110,67.2 2 1
github.com/etcd-monitor/taskmaster/pkg/etcdctl/wrapper.go:70.81,76.37 4 1
github.com/etcd-monitor/taskmaster/pkg/etcdctl/wrapper.go:76.37,87.17 5 0
github.com/etcd-monitor/taskmaster/pkg/etcdctl/wrapper.go:87.17,89.4 1 0
github.com/etcd-monitor/taskmaster/pkg/etcdctl/wrapper.go:91.3,91.36 1 0
github.com/etcd-monitor/taskmaster/pkg/etcdctl/wrapper.go:94.2,94.21 1 0
github.com/etcd-monitor/taskmaster/pkg/etcdctl/wrapper.go:106.81,112.37 4 1
github.com/etcd-monitor/taskmaster/pkg/etcdctl/wrapper.go:112.37,114.17 2 0
github.com/etcd-monitor/taskmaster/pkg/etcdctl/wrapper.go:114.17,118.12 2 0
github.com/etcd-monitor/taskmaster/pkg/etcdctl/wrapper.go:121.3,132.36 2 0
github.com/etcd-monitor/taskmaster/pkg/etcdctl/wrapper.go:135.2,135.21 1 0
github.com/etcd-monitor/taskmaster/pkg/etcdctl/wrapper.go:151.126,154.2 2 1
github.com/etcd-monitor/taskmaster/pkg/etcdctl/wrapper.go:157.74,165.2 5 1
github.com/etcd-monitor/taskmaster/pkg/etcdctl/wrapper.go:168.72,173.25 3 1
github.com/etcd-monitor/taskmaster/pkg/etcdctl/wrapper.go:173.25,175.3 1 0
github.com/etcd-monitor/taskmaster/pkg/etcdctl/wrapper.go:180.2,180.72 1 0
github.com/etcd-monitor/taskmaster/pkg/etcdctl/wrapper.go:184.83,187.2 2 1
github.com/etcd-monitor/taskmaster/pkg/etcdctl/wrapper.go:190.114,195.2 2 1
github.com/etcd-monitor/taskmaster/pkg/etcdctl/wrapper.go:198.95,201.2 2 1
github.com/etcd-monitor/taskmaster/pkg/etcdctl/wrapper.go:204.112,207.2 2 1
github.com/etcd-monitor/taskmaster/pkg/etcdctl/wrapper.go:210.125,213.2 2 1
github.com/etcd-monitor/taskmaster/pkg/etcdctl/wrapper.go:216.150,219.2 2 1
github.com/etcd-monitor/taskmaster/pkg/etcdctl/wrapper.go:222.65,225.2 2 1
github.com/etcd-monitor/taskmaster/pkg/etcdctl/wrapper.go:228.100,231.2 2 1
github.com/etcd-monitor/taskmaster/pkg/etcdctl/wrapper.go:234.106,237.2 2 1
github.com/etcd-monitor/taskmaster/pkg/etcdctl/wrapper.go:240.99,243.2 2 1
github.com/etcd-monitor/taskmaster/pkg/etcdctl/wrapper.go:246.129,251.2 2 1
github.com/etcd-monitor/taskmaster/pkg/etcdctl/wrapper.go:254.101,263.16 7 1
github.com/etcd-monitor/taskmaster/pkg/etcdctl/wrapper.go:263.16,265.3 1 0
github.com/etcd-monitor/taskmaster/pkg/etcdctl/wrapper.go:267.2,267.28 1 0
github.com/etcd-monitor/taskmaster/pkg/etcdctl/wrapper.go:271.107,272.17 1 1
github.com/etcd-monitor/taskmaster/pkg/etcdctl/wrapper.go:273.13,274.20 1 1
github.com/etcd-monitor/taskmaster/pkg/etcdctl/wrapper.go:274.20,276.4 1 1
github.com/etcd-monitor/taskmaster/pkg/etcdctl/wrapper.go:277.3,277.38 1 1
github.com/etcd-monitor/taskmaster/pkg/etcdctl/wrapper.go:279.13,280.20 1 1
github.com/etcd-monitor/taskmaster/pkg/etcdctl/wrapper.go:280.20,282.4 1 0
github.com/etcd-monitor/taskmaster/pkg/etcdctl/wrapper.go:283.3,283.29 1 1
github.com/etcd-monitor/taskmaster/pkg/etcdctl/wrapper.go:285.23,286.20 1 0
github.com/etcd-monitor/taskmaster/pkg/etcdctl/wrapper.go:286.20,288.4 1 0
github.com/etcd-monitor/taskmaster/pkg/etcdctl/wrapper.go:289.3,289.32 1 0
github.com/etcd-monitor/taskmaster/pkg/etcdctl/wrapper.go:291.21,292.27 1 0
github.com/etcd-monitor/taskmaster/pkg/etcdctl/wrapper.go:294.25,295.31 1 0
github.com/etcd-monitor/taskmaster/pkg/etcdctl/wrapper.go:297.25,298.31 1 0
github.com/etcd-monitor/taskmaster/pkg/etcdctl/wrapper.go:300.20,301.26 1 0
github.com/etcd-monitor/taskmaster/pkg/etcdctl/wrapper.go:303.17,304.20 1 0
github.com/etcd-monitor/taskmaster/pkg/etcdctl/wrapper.go:304.20,306.4 1 0
github.com/etcd-monitor/taskmaster/pkg/etcdctl/wrapper.go:307.3,309.29 3 0
github.com/etcd-monitor/taskmaster/pkg/etcdctl/wrapper.go:311.10,312.57 1 1
github.com/etcd-monitor/taskmaster/pkg/clusterprovider/helper.go:15.76,17.48 2 0
github.com/etcd-monitor/taskmaster/pkg/clusterprovider/helper.go:17.48,18.38 1 0
github.com/etcd-monitor/taskmaster/pkg/clusterprovider/helper.go:18.38,20.4 1 0
github.com/etcd-monitor/taskmaster/pkg/clusterprovider/helper.go:20.9,22.4 1 0
github.com/etcd-monitor/taskmaster/pkg/clusterprovider/helper.go:24.2,24.18 1 0
github.com/etcd-monitor/taskmaster/pkg/clusterprovider/helper.go:28.95,30.32 2 0
github.com/etcd-monitor/taskmaster/pkg/clusterprovider/helper.go:30.32,32.3 1 0
github.com/etcd-monitor/taskmaster/pkg/clusterprovider/helper.go:37.2,37.29 1 0
github.com/etcd-monitor/taskmaster/pkg/clusterprovider/helper.go:41.158,47.16 3 0
github.com/etcd-monitor/taskmaster/pkg/clusterprovider/helper.go:47.16,50.3 2 0
github.com/etcd-monitor/taskmaster/pkg/clusterprovider/helper.go:51.2,54.16 3 0
github.com/etcd-monitor/taskmaster/pkg/clusterprovider/helper.go:54.16,57.3 2 0
github.com/etcd-monitor/taskmaster/pkg/clusterprovider/helper.go:60.2,61.24 2 0
github.com/etcd-monitor/taskmaster/pkg/clusterprovider/helper.go:61.24,63.17 2 0
github.com/etcd-monitor/taskmaster/pkg/clusterprovider/helper.go:63.17,65.4 1 0
github.com/etcd-monitor/taskmaster/pkg/clusterprovider/helper.go:68.2,68.31 1 0
github.com/etcd-monitor/taskmaster/pkg/clusterprovider/helper.go:68.31,70.28 2 0
github.com/etcd-monitor/taskmaster/pkg/clusterprovider/helper.go:70.28,72.4 1 0
github.com/etcd-monitor/taskmaster/pkg/clusterprovider/helper.go:74.3,81.20 2 0
github.com/etcd-monitor/taskmaster/pkg/clusterprovider/helper.go:81.20,83.4 1 0
github.com/etcd-monitor/taskmaster/pkg/clusterprovider/helper.go:85.3,85.36 1 0
github.com/etcd-monitor/taskmaster/pkg/clusterprovider/helper.go:88.2,88.21 1 0
github.com/etcd-monitor/taskmaster/pkg/clusterprovider/helper.go:92.90,96.16 3 0
github.com/etcd-monitor/taskmaster/pkg/clusterprovider/helper.go:96.16,99.3 2 0
github.com/etcd-monitor/taskmaster/pkg/clusterprovider/helper.go:100.2,104.16 4 0
github.com/etcd-monitor/taskmaster/pkg/clusterprovider/helper.go:104.16,107.3 2 0
github.com/etcd-monitor/taskmaster/pkg/clusterprovider/helper.go:109.2,109.41 1 0
github.com/etcd-monitor/taskmaster/pkg/clusterprovider/helper.go:109.41,111.22 2 0
github.com/etcd-monitor/taskmaster/pkg/clusterprovider/helper.go:112.10,113.25 1 0
github.com/etcd-monitor/taskmaster/pkg/clusterprovider/helper.go:114.10,115.25 1 0
github.com/etcd-monitor/taskmaster/pkg/clusterprovider/helper.go:118.3,121.5 1 0
github.com/etcd-monitor/taskmaster/pkg/clusterprovider/helper.go:124.2,124.20 1 0
github.com/etcd-monitor/taskmaster/pkg/clusterprovider/helper.go:128.69,129.30 1 0
github.com/etcd-monitor/taskmaster/pkg/clusterprovider/helper.go:129.30,131.3 1 0
github.com/etcd-monitor/taskmaster/pkg/clusterprovider/helper.go:134.2,134.40 1 0
github.com/etcd-monitor/taskmaster/pkg/clusterprovider/helper.go:134.40,136.3 1 0
github.com/etcd-monitor/taskmaster/pkg/clusterprovider/helper.go:137.2,137.40 1 0
github.com/etcd-monitor/taskmaster/pkg/clusterprovider/helper.go:137.40,139.3 1 0
github.com/etcd-monitor/taskmaster/pkg/clusterprovider/helper.go:141.2,141.23 1 0
github.com/etcd-monitor/taskmaster/pkg/clusterprovider/helper.go:141.23,145.45 1 0
github.com/etcd-monitor/taskmaster/pkg/clusterprovider/helper.go:145.45,147.4 1 0
github.com/etcd-monitor/taskmaster/pkg/clusterprovider/helper.go:150.2,150.13 1 0
github.com/etcd-monitor/taskmaster/pkg/clusterprovider/plugins.go:20.89,24.40 3 0
github.com/etcd-monitor/taskmaster/pkg/clusterprovider/plugins.go:24.40,26.3 1 0
github.com/etcd-monitor/taskmaster/pkg/clusterprovider/plugins.go:28.2,29.27 2 0
github.com/etcd-monitor/taskmaster/pkg/clusterprovider/plugins.go:36.20,42.12 5 0
github.com/etcd-monitor/taskmaster/pkg/clusterprovider/plugins.go:42.12,44.3 1 0
github.com/etcd-monitor/taskmaster/pkg/clusterprovider/plugins.go:45.2,45.15 1 0
github.com/etcd-monitor/taskmaster/pkg/featureprovider/plugins.go:18.66,22.51 3 0
github.com/etcd-monitor/taskmaster/pkg/featureprovider/plugins.go:22.51,24.3 1 0
github.com/etcd-monitor/taskmaster/pkg/featureprovider/plugins.go:26.2,27.38 2 0
github.com/etcd-monitor/taskmaster/pkg/featureprovider/plugins.go:31.76,37.12 5 0
github.com/etcd-monitor/taskmaster/pkg/featureprovider/plugins.go:37.12,39.3 1 0
github.com/etcd-monitor/taskmaster/pkg/featureprovider/plugins.go:40.2,40.15 1 0
github.com/etcd-monitor/taskmaster/pkg/featureprovider/plugins.go:44.37,48.44 4 0
github.com/etcd-monitor/taskmaster/pkg/featureprovider/plugins.go:48.44,50.3 1 0
github.com/etcd-monitor/taskmaster/pkg/featureprovider/plugins.go:51.2,51.17 1 0
github.com/etcd-monitor/taskmaster/pkg/signals/signal.go:17.52,23.12 5 1
github.com/etcd-monitor/taskmaster/pkg/signals/signal.go:23.12,28.3 4 1
github.com/etcd-monitor/taskmaster/pkg/signals/signal.go:30.2,30.13 1 1
github.com/etcd-monitor/taskmaster/pkg/patterns/config.go:29.101,37.2 1 0
github.com/etcd-monitor/taskmaster/pkg/patterns/config.go:40.88,42.16 2 0
github.com/etcd-monitor/taskmaster/pkg/patterns/config.go:42.16,44.3 1 0
github.com/etcd-monitor/taskmaster/pkg/patterns/config.go:46.2,48.16 3 0
github.com/etcd-monitor/taskmaster/pkg/patterns/config.go:48.16,50.3 1 0
github.com/etcd-monitor/taskmaster/pkg/patterns/config.go:52.2,57.12 5 0
github.com/etcd-monitor/taskmaster/pkg/patterns/config.go:61.87,64.45 2 0
github.com/etcd-monitor/taskmaster/pkg/patterns/config.go:64.45,67.3 2 0
github.com/etcd-monitor/taskmaster/pkg/patterns/config.go:68.2,73.16 4 0
github.com/etcd-monitor/taskmaster/pkg/patterns/config.go:73.16,75.3 1 0
github.com/etcd-monitor/taskmaster/pkg/patterns/config.go:77.2,77.24 1 0
github.com/etcd-monitor/taskmaster/pkg/patterns/config.go:77.24,79.3 1 0
github.com/etcd-monitor/taskmaster/pkg/patterns/config.go:81.2,81.64 1 0
github.com/etcd-monitor/taskmaster/pkg/patterns/config.go:81.64,83.3 1 0
github.com/etcd-monitor/taskmaster/pkg/patterns/config.go:86.2,90.12 4 0
github.com/etcd-monitor/taskmaster/pkg/patterns/config.go:94.85,96.49 2 0
github.com/etcd-monitor/taskmaster/pkg/patterns/config.go:96.49,98.3 1 0
github.com/etcd-monitor/taskmaster/pkg/patterns/config.go:99.2,99.19 1 0
github.com/etcd-monitor/taskmaster/pkg/patterns/config.go:103.79,105.49 2 0
github.com/etcd-monitor/taskmaster/pkg/patterns/config.go:105.49,107.3 1 0
github.com/etcd-monitor/taskmaster/pkg/patterns/config.go:108.2,108.19 1 0
github.com/etcd-monitor/taskmaster/pkg/patterns/config.go:112.81,114.49 2 0
github.com/etcd-monitor/taskmaster/pkg/patterns/config.go:114.49,116.3 1 0
github.com/etcd-monitor/taskmaster/pkg/patterns/config.go:117.2,117.19 1 0
github.com/etcd-monitor/taskmaster/pkg/patterns/config.go:121.72,124.16 3 0
github.com/etcd-monitor/taskmaster/pkg/patterns/config.go:124.16,126.3 1 0
github.com/etcd-monitor/taskmaster/pkg/patterns/config.go:128.2,133.12 5 0
github.com/etcd-monitor/taskmaster/pkg/patterns/config.go:137.101,140.16 3 0
github.com/etcd-monitor/taskmaster/pkg/patterns/config.go:140.16,142.3 1 0
github.com/etcd-monitor/taskmaster/pkg/patterns/config.go:144.2,145.30 2 0
github.com/etcd-monitor/taskmaster/pkg/patterns/config.go:145.30,147.58 2 0
github.com/etcd-monitor/taskmaster/pkg/patterns/config.go:147.58,149.12 2 0
github.com/etcd-monitor/taskmaster/pkg/patterns/config.go:152.3,153.31 2 0
github.com/etcd-monitor/taskmaster/pkg/patterns/config.go:156.2,156.21 1 0
github.com/etcd-monitor/taskmaster/pkg/patterns/config.go:160.88,167.13 5 0
github.com/etcd-monitor/taskmaster/pkg/patterns/config.go:167.13,169.3 1 0
github.com/etcd-monitor/taskmaster/pkg/patterns/config.go:173.68,177.6 3 0
github.com/etcd-monitor/taskmaster/pkg/patterns/config.go:177.6,178.10 1 0
github.com/etcd-monitor/taskmaster/pkg/patterns/config.go:179.21,180.10 1 0
github.com/etcd-monitor/taskmaster/pkg/patterns/config.go:181.33,182.30 1 0
github.com/etcd-monitor/taskmaster/pkg/patterns/config.go:182.30,184.13 2 0
github.com/etcd-monitor/taskmaster/pkg/patterns/config.go:187.4,187.43 1 0
github.com/etcd-monitor/taskmaster/pkg/patterns/config.go:187.43,189.5 1 0
github.com/etcd-monitor/taskmaster/pkg/patterns/config.go:195.79,204.41 5 0
github.com/etcd-monitor/taskmaster/pkg/patterns/config.go:204.41,205.67 1 0
github.com/etcd-monitor/taskmaster/pkg/patterns/config.go:205.67,208.4 2 0
github.com/etcd-monitor/taskmaster/pkg/patterns/config.go:211.3,213.17 3 0
github.com/etcd-monitor/taskmaster/pkg/patterns/config.go:214.8,214.51 1 0
github.com/etcd-monitor/taskmaster/pkg/patterns/config.go:214.51,220.3 4 0
github.com/etcd-monitor/taskmaster/pkg/patterns/config.go:223.2,227.35 4 0
github.com/etcd-monitor/taskmaster/pkg/patterns/config.go:227.35,229.3 1 0
github.com/etcd-monitor/taskmaster/pkg/patterns/config.go:231.2,233.43 1 0
github.com/etcd-monitor/taskmaster/pkg/patterns/config.go:237.64,239.16 2 0
github.com/etcd-monitor/taskmaster/pkg/patterns/config.go:239.16,241.3 1 0
github.com/etcd-monitor/taskmaster/pkg/patterns/config.go:243.2,248.12 5 0
github.com/etcd-monitor/taskmaster/pkg/patterns/config.go:252.56,253.15 1 0
github.com/etcd-monitor/taskmaster/pkg/patterns/config.go:253.15,255.3 1 0
github.com/etcd-monitor/taskmaster/pkg/patterns/config.go:256.2,256.37 1 0
github.com/etcd-monitor/taskmaster/pkg/patterns/config.go:260.65,262.16 2 0
github.com/etcd-monitor/taskmaster/pkg/patterns/config.go:262.16,264.3 1 0
github.com/etcd-monitor/taskmaster/pkg/patterns/config.go:265.2,265.35 1 0
github.com/etcd-monitor/taskmaster/pkg/patterns/config.go:275.64,280.2 1 0
github.com/etcd-monitor/taskmaster/pkg/patterns/config.go:283.89,286.16 3 0
github.com/etcd-monitor/taskmaster/pkg/patterns/config.go:286.16,289.3 1 0
github.com/etcd-monitor/taskmaster/pkg/patterns/config.go:290.2,290.21 1 0
github.com/etcd-monitor/taskmaster/pkg/patterns/config.go:294.78,297.2 2 0
github.com/etcd-monitor/taskmaster/pkg/patterns/config.go:300.79,303.2 2 0
github.com/etcd-monitor/taskmaster/pkg/patterns/config.go:306.82,308.16 2 0
github.com/etcd-monitor/taskmaster/pkg/patterns/config.go:308.16,310.3 1 0
github.com/etcd-monitor/taskmaster/pkg/patterns/config.go:312.2,313.34 2 0
github.com/etcd-monitor/taskmaster/pkg/patterns/config.go:313.34,314.38 1 0
github.com/etcd-monitor/taskmaster/pkg/patterns/config.go:314.38,316.4 1 0
github.com/etcd-monitor/taskmaster/pkg/patterns/config.go:319.2,319.19 1 0
github.com/etcd-monitor/taskmaster/pkg/patterns/config.go:336.72,341.2 1 0
github.com/etcd-monitor/taskmaster/pkg/patterns/config.go:344.104,346.16 2 0
github.com/etcd-monitor/taskmaster/pkg/patterns/config.go:346.16,348.3 1 0
github.com/etcd-monitor/taskmaster/pkg/patterns/config.go:350.2,358.65 3 0
github.com/etcd-monitor/taskmaster/pkg/patterns/config.go:358.65,360.3 1 0
github.com/etcd-monitor/taskmaster/pkg/patterns/config.go:362.2,362.22 1 0
github.com/etcd-monitor/taskmaster/pkg/patterns/config.go:366.86,370.66 3 0
github.com/etcd-monitor/taskmaster/pkg/patterns/config.go:370.66,372.3 1 0
github.com/etcd-monitor/taskmaster/pkg/patterns/config.go:375.2,375.42 1 0
github.com/etcd-monitor/taskmaster/pkg/patterns/config.go:375.42,376.63 1 0
github.com/etcd-monitor/taskmaster/pkg/patterns/config.go:376.63,378.4 1 0
github.com/etcd-monitor/taskmaster/pkg/patterns/config.go:381.2,381.12 1 0
github.com/etcd-monitor/taskmaster/pkg/patterns/discovery.go:57.125,58.14 1 0
github.com/etcd-monitor/taskmaster/pkg/patterns/discovery.go:58.14,60.3 1 0
github.com/etcd-monitor/taskmaster/pkg/patterns/discovery.go:62.2,69.8 1 0
github.com/etcd-monitor/taskmaster/pkg/patterns/discovery.go:73.85,79.16 4 0
github.com/etcd-monitor/taskmaster/pkg/patterns/discovery.go:79.16,81.3 1 0
github.com/etcd-monitor/taskmaster/pkg/patterns/discovery.go:83.2,88.16 4 0
github.com/etcd-monitor/taskmaster/pkg/patterns/discovery.go:88.16,90.3 1 0
github.com/etcd-monitor/taskmaster/pkg/patterns/discovery.go:93.2,95.16 3 0
github.com/etcd-monitor/taskmaster/pkg/patterns/discovery.go:95.16,97.3 1 0
github.com/etcd-monitor/taskmaster/pkg/patterns/discovery.go:100.2,101.16 2 0
github.com/etcd-monitor/taskmaster/pkg/patterns/discovery.go:101.16,103.3 1 0
github.com/etcd-monitor/taskmaster/pkg/patterns/discovery.go:106.2,115.12 4 0
github.com/etcd-monitor/taskmaster/pkg/patterns/discovery.go:119.97,125.16 5 0
github.com/etcd-monitor/taskmaster/pkg/patterns/discovery.go:125.16,127.3 1 0
github.com/etcd-monitor/taskmaster/pkg/patterns/discovery.go:129.2,134.12 3 0
github.com/etcd-monitor/taskmaster/pkg/patterns/discovery.go:138.101,142.16 3 0
github.com/etcd-monitor/taskmaster/pkg/patterns/discovery.go:142.16,144.3 1 0
github.com/etcd-monitor/taskmaster/pkg/patterns/discovery.go:146.2,147.30 2 0
github.com/etcd-monitor/taskmaster/pkg/patterns/discovery.go:147.30,149.60 2 0
github.com/etcd-monitor/taskmaster/pkg/patterns/discovery.go:149.60,151.12 2 0
github.com/etcd-monitor/taskmaster/pkg/patterns/discovery.go:153.3,153.39 1 0
github.com/etcd-monitor/taskmaster/pkg/patterns/discovery.go:156.2,160.22 2 0
github.com/etcd-monitor/taskmaster/pkg/patterns/discovery.go:164.105,170.40 4 0
github.com/etcd-monitor/taskmaster/pkg/patterns/discovery.go:170.40,172.3 1 0
github.com/etcd-monitor/taskmaster/pkg/patterns/discovery.go:174.2,174.12 1 0
github.com/etcd-monitor/taskmaster/pkg/patterns/discovery.go:178.82,186.6 5 0
github.com/etcd-monitor/taskmaster/pkg/patterns/discovery.go:186.6,187.10 1 0
github.com/etcd-monitor/taskmaster/pkg/patterns/discovery.go:188.21,189.10 1 0
github.com/etcd-monitor/taskmaster/pkg/patterns/discovery.go:190.33,191.30 1 0
github.com/etcd-monitor/taskmaster/pkg/patterns/discovery.go:191.30,193.13 2 0
github.com/etcd-monitor/taskmaster/pkg/patterns/discovery.go:196.4,196.43 1 0
github.com/etcd-monitor/taskmaster/pkg/patterns/discovery.go:196.43,198.5 1 0
github.com/etcd-monitor/taskmaster/pkg/patterns/discovery.go:204.88,206.65 2 0
github.com/etcd-monitor/taskmaster/pkg/patterns/discovery.go:206.65,209.3 2 0
github.com/etcd-monitor/taskmaster/pkg/patterns/discovery.go:211.2,212.20 2 0
github.com/etcd-monitor/taskmaster/pkg/patterns/discovery.go:213.29,214.23 1 0
github.com/etcd-monitor/taskmaster/pkg/patterns/discovery.go:214.23,216.4 1 0
github.com/etcd-monitor/taskmaster/pkg/patterns/discovery.go:216.9,218.4 1 0
github.com/etcd-monitor/taskmaster/pkg/patterns/discovery.go:219.32,220.29 1 0
github.com/etcd-monitor/taskmaster/pkg/patterns/discovery.go:223.2,233.35 5 0
github.com/etcd-monitor/taskmaster/pkg/patterns/discovery.go:233.35,235.3 1 0
github.com/etcd-monitor/taskmaster/pkg/patterns/discovery.go:237.2,240.32 1 0
github.com/etcd-monitor/taskmaster/pkg/patterns/discovery.go:244.141,245.6 1 0
github.com/etcd-monitor/taskmaster/pkg/patterns/discovery.go:245.6,246.10 1 0
github.com/etcd-monitor/taskmaster/pkg/patterns/discovery.go:247.21,248.10 1 0
github.com/etcd-monitor/taskmaster/pkg/patterns/discovery.go:249.36,250.11 1 0
github.com/etcd-monitor/taskmaster/pkg/patterns/discovery.go:250.11,255.5 2 0
github.com/etcd-monitor/taskmaster/pkg/patterns/discovery.go:256.4,256.19 1 0
github.com/etcd-monitor/taskmaster/pkg/patterns/discovery.go:256.19,259.5 2 0
github.com/etcd-monitor/taskmaster/pkg/patterns/discovery.go:260.4,262.32 1 0
github.com/etcd-monitor/taskmaster/pkg/patterns/discovery.go:268.80,270.2 1 0
github.com/etcd-monitor/taskmaster/pkg/patterns/discovery.go:273.72,275.2 1 0
github.com/etcd-monitor/taskmaster/pkg/patterns/discovery.go:278.42,279.27 1 0
github.com/etcd-monitor/taskmaster/pkg/patterns/discovery.go:279.27,281.3 1 0
github.com/etcd-monitor/taskmaster/pkg/patterns/discovery.go:284.2,284.21 1 0
github.com/etcd-monitor/taskmaster/pkg/patterns/discovery.go:284.21,289.17 4 0
github.com/etcd-monitor/taskmaster/pkg/patterns/discovery.go:289.17,292.4 2 0
github.com/etcd-monitor/taskmaster/pkg/patterns/discovery.go:295.2,295.12 1 0
github.com/etcd-monitor/taskmaster/pkg/patterns/discovery.go:316.93,322.2 1 0
github.com/etcd-monitor/taskmaster/pkg/patterns/discovery.go:325.99,327.16 2 0
github.com/etcd-monitor/taskmaster/pkg/patterns/discovery.go:327.16,329.3 1 0
github.com/etcd-monitor/taskmaster/pkg/patterns/discovery.go:331.2,331.24 1 0
github.com/etcd-monitor/taskmaster/pkg/patterns/discovery.go:331.24,333.3 1 0
github.com/etcd-monitor/taskmaster/pkg/patterns/discovery.go:335.2,335.21 1 0
github.com/etcd-monitor/taskmaster/pkg/patterns/discovery.go:336.18,337.38 1 0
github.com/etcd-monitor/taskmaster/pkg/patterns/discovery.go:338.14,339.34 1 0
github.com/etcd-monitor/taskmaster/pkg/patterns/discovery.go:340.10,341.27 1 0
github.com/etcd-monitor/taskmaster/pkg/patterns/discovery.go:346.73,354.2 5 0
github.com/etcd-monitor/taskmaster/pkg/patterns/discovery.go:357.69,360.2 2 0
github.com/etcd-monitor/taskmaster/pkg/patterns/discovery.go:371.109,377.2 1 0
github.com/etcd-monitor/taskmaster/pkg/patterns/discovery.go:380.53,387.6 5 0
github.com/etcd-monitor/taskmaster/pkg/patterns/discovery.go:387.6,388.10 1 0
github.com/etcd-monitor/taskmaster/pkg/patterns/discovery.go:389.26,390.10 1 0
github.com/etcd-monitor/taskmaster/pkg/patterns/discovery.go:391.19,392.30 1 0
github.com/etcd-monitor/taskmaster/pkg/patterns/discovery.go:398.33,399.22 1 0
github.com/etcd-monitor/taskmaster/pkg/patterns/discovery.go:399.22,401.3 1 0
github.com/etcd-monitor/taskmaster/pkg/patterns/discovery.go:405.61,409.2 1 0
github.com/etcd-monitor/taskmaster/pkg/patterns/election.go:30.138,31.14 1 0
github.com/etcd-monitor/taskmaster/pkg/patterns/election.go:31.14,33.3 1 0
github.com/etcd-monitor/taskmaster/pkg/patterns/election.go:36.2,37.16 2 0
github.com/etcd-monitor/taskmaster/pkg/patterns/election.go:37.16,39.3 1 0
github.com/etcd-monitor/taskmaster/pkg/patterns/election.go:42.2,53.8 2 0
github.com/etcd-monitor/taskmaster/pkg/patterns/election.go:57.63,60.61 2 0
github.com/etcd-monitor/taskmaster/pkg/patterns/election.go:60.61,62.3 1 0
github.com/etcd-monitor/taskmaster/pkg/patterns/election.go:64.2,71.25 5 0
github.com/etcd-monitor/taskmaster/pkg/patterns/election.go:71.25,73.3 1 0
github.com/etcd-monitor/taskmaster/pkg/patterns/election.go:75.2,75.12 1 0
github.com/etcd-monitor/taskmaster/pkg/patterns/election.go:79.61,83.18 3 0
github.com/etcd-monitor/taskmaster/pkg/patterns/election.go:83.18,85.3 1 0
github.com/etcd-monitor/taskmaster/pkg/patterns/election.go:87.2,87.48 1 0
github.com/etcd-monitor/taskmaster/pkg/patterns/election.go:87.48,89.3 1 0
github.com/etcd-monitor/taskmaster/pkg/patterns/election.go:91.2,95.24 3 0
github.com/etcd-monitor/taskmaster/pkg/patterns/election.go:95.24,97.3 1 0
github.com/etcd-monitor/taskmaster/pkg/patterns/election.go:99.2,99.12 1 0
github.com/etcd-monitor/taskmaster/pkg/patterns/election.go:103.43,107.2 3 0
github.com/etcd-monitor/taskmaster/pkg/patterns/election.go:110.74,112.16 2 0
github.com/etcd-monitor/taskmaster/pkg/patterns/election.go:112.16,114.3 1 0
github.com/etcd-monitor/taskmaster/pkg/patterns/election.go:116.2,116.24 1 0
github.com/etcd-monitor/taskmaster/pkg/patterns/election.go:116.24,118.3 1 0
github.com/etcd-monitor/taskmaster/pkg/patterns/election.go:120.2,120.39 1 0
github.com/etcd-monitor/taskmaster/pkg/patterns/election.go:124.70,127.12 2 0
github.com/etcd-monitor/taskmaster/pkg/patterns/election.go:127.12,131.7 3 0
github.com/etcd-monitor/taskmaster/pkg/patterns/election.go:131.7,132.11 1 0
github.com/etcd-monitor/taskmaster/pkg/patterns/election.go:133.22,134.11 1 0
github.com/etcd-monitor/taskmaster/pkg/patterns/election.go:135.26,136.12 1 0
github.com/etcd-monitor/taskmaster/pkg/patterns/election.go:136.12,138.6 1 0
github.com/etcd-monitor/taskmaster/pkg/patterns/election.go:139.5,139.26 1 0
github.com/etcd-monitor/taskmaster/pkg/patterns/election.go:139.26,145.44 4 0
github.com/etcd-monitor/taskmaster/pkg/patterns/election.go:145.44,147.29 2 0
github.com/etcd-monitor/taskmaster/pkg/patterns/election.go:147.29,149.8 1 0
github.com/etcd-monitor/taskmaster/pkg/patterns/election.go:150.7,150.74 1 0
github.com/etcd-monitor/taskmaster/pkg/patterns/election.go:152.6,152.20 1 0
github.com/etcd-monitor/taskmaster/pkg/patterns/election.go:158.2,158.20 1 0
github.com/etcd-monitor/taskmaster/pkg/patterns/election.go:162.54,164.2 1 0
github.com/etcd-monitor/taskmaster/pkg/patterns/election.go:167.53,169.2 1 0
github.com/etcd-monitor/taskmaster/pkg/patterns/election.go:172.41,176.17 3 0
github.com/etcd-monitor/taskmaster/pkg/patterns/election.go:176.17,179.49 3 0
github.com/etcd-monitor/taskmaster/pkg/patterns/election.go:179.49,181.4 1 0
github.com/etcd-monitor/taskmaster/pkg/patterns/election.go:182.3,182.22 1 0
github.com/etcd-monitor/taskmaster/pkg/patterns/election.go:185.2,185.27 1 0
github.com/etcd-monitor/taskmaster/pkg/patterns/election.go:197.99,203.2 1 0
github.com/etcd-monitor/taskmaster/pkg/patterns/election.go:206.112,210.53 3 0
github.com/etcd-monitor/taskmaster/pkg/patterns/election.go:210.53,212.3 1 0
github.com/etcd-monitor/taskmaster/pkg/patterns/election.go:214.2,215.16 2 0
github.com/etcd-monitor/taskmaster/pkg/patterns/election.go:215.16,217.3 1 0
github.com/etcd-monitor/taskmaster/pkg/patterns/election.go:219.2,220.22 2 0
github.com/etcd-monitor/taskmaster/pkg/patterns/election.go:224.92,229.13 4 0
github.com/etcd-monitor/taskmaster/pkg/patterns/election.go:229.13,231.3 1 0
github.com/etcd-monitor/taskmaster/pkg/patterns/election.go:233.2,233.22 1 0
github.com/etcd-monitor/taskmaster/pkg/patterns/election.go:237.75,242.13 4 0
github.com/etcd-monitor/taskmaster/pkg/patterns/election.go:242.13,244.3 1 0
github.com/etcd-monitor/taskmaster/pkg/patterns/election.go:246.2,246.41 1 0
github.com/etcd-monitor/taskmaster/pkg/patterns/election.go:246.41,248.3 1 0
github.com/etcd-monitor/taskmaster/pkg/patterns/election.go:250.2,251.12 2 0
github.com/etcd-monitor/taskmaster/pkg/patterns/election.go:255.52,260.43 4 0
github.com/etcd-monitor/taskmaster/pkg/patterns/election.go:260.43,261.42 1 0
github.com/etcd-monitor/taskmaster/pkg/patterns/election.go:261.42,264.4 2 0
github.com/etcd-monitor/taskmaster/pkg/patterns/election.go:267.2,268.16 2 0
github.com/etcd-monitor/taskmaster/pkg/patterns/election.go:281.140,288.2 1 0
github.com/etcd-monitor/taskmaster/pkg/patterns/election.go:291.50,296.31 3 0
github.com/etcd-monitor/taskmaster/pkg/patterns/election.go:296.31,299.3 2 0
github.com/etcd-monitor/taskmaster/pkg/patterns/election.go:301.2,301.30 1 0
github.com/etcd-monitor/taskmaster/pkg/patterns/election.go:301.30,303.23 2 0
github.com/etcd-monitor/taskmaster/pkg/patterns/election.go:303.23,305.4 1 0
github.com/etcd-monitor/taskmaster/pkg/patterns/election.go:309.2,309.28 1 0
github.com/etcd-monitor/taskmaster/pkg/patterns/election.go:309.28,311.3 1 0
github.com/etcd-monitor/taskmaster/pkg/patterns/election.go:315.52,319.6 3 0
github.com/etcd-monitor/taskmaster/pkg/patterns/election.go:319.6,320.10 1 0
github.com/etcd-monitor/taskmaster/pkg/patterns/election.go:321.21,322.10 1 0
github.com/etcd-monitor/taskmaster/pkg/patterns/election.go:323.19,324.31 1 0
github.com/etcd-monitor/taskmaster/pkg/patterns/election.go:324.31,326.5 1 0
github.com/etcd-monitor/taskmaster/pkg/patterns/election.go:328.4,328.39 1 0
github.com/etcd-monitor/taskmaster/pkg/patterns/election.go:328.39,330.5 1 0
github.com/etcd-monitor/taskmaster/pkg/patterns/election.go:336.30,337.22 1 0
github.com/etcd-monitor/taskmaster/pkg/patterns/election.go:337.22,339.3 1 0
github.com/etcd-monitor/taskmaster/pkg/patterns/election.go:357.32,364.2 1 0
github.com/etcd-monitor/taskmaster/pkg/patterns/election.go:367.74,372.12 3 0
github.com/etcd-monitor/taskmaster/pkg/patterns/election.go:372.12,373.57 1 0
github.com/etcd-monitor/taskmaster/pkg/patterns/election.go:373.57,376.4 2 0
github.com/etcd-monitor/taskmaster/pkg/patterns/election.go:380.2,382.12 2 0
github.com/etcd-monitor/taskmaster/pkg/patterns/election.go:382.12,385.7 2 0
github.com/etcd-monitor/taskmaster/pkg/patterns/election.go:385.7,386.11 1 0
github.com/etcd-monitor/taskmaster/pkg/patterns/election.go:387.27,388.29 1 0
github.com/etcd-monitor/taskmaster/pkg/patterns/election.go:388.29,390.6 1 0
github.com/etcd-monitor/taskmaster/pkg/patterns/election.go:391.5,391.11 1 0
github.com/etcd-monitor/taskmaster/pkg/patterns/election.go:392.37,393.12 1 0
github.com/etcd-monitor/taskmaster/pkg/patterns/election.go:393.12,395.6 1 0
github.com/etcd-monitor/taskmaster/pkg/patterns/election.go:398.5,398.29 1 0
github.com/etcd-monitor/taskmaster/pkg/patterns/election.go:398.29,400.6 1 0
github.com/etcd-monitor/taskmaster/pkg/patterns/election.go:403.5,406.38 3 0
github.com/etcd-monitor/taskmaster/pkg/patterns/election.go:406.38,409.6 2 0
github.com/etcd-monitor/taskmaster/pkg/patterns/election.go:409.11,412.6 2 0
github.com/etcd-monitor/taskmaster/pkg/patterns/election.go:417.2,417.12 1 0
github.com/etcd-monitor/taskmaster/pkg/patterns/election.go:421.110,422.36 1 0
github.com/etcd-monitor/taskmaster/pkg/patterns/election.go:422.36,424.3 1 0
github.com/etcd-monitor/taskmaster/pkg/patterns/election.go:428.54,429.23 1 0
github.com/etcd-monitor/taskmaster/pkg/patterns/election.go:429.23,431.3 1 0
github.com/etcd-monitor/taskmaster/pkg/patterns/election.go:432.2,432.29 1 0
github.com/etcd-monitor/taskmaster/pkg/patterns/lock.go:36.115,37.21 1 0
github.com/etcd-monitor/taskmaster/pkg/patterns/lock.go:37.21,39.3 1 0
github.com/etcd-monitor/taskmaster/pkg/patterns/lock.go:42.2,43.16 2 0
github.com/etcd-monitor/taskmaster/pkg/patterns/lock.go:43.16,45.3 1 0
github.com/etcd-monitor/taskmaster/pkg/patterns/lock.go:48.2,58.8 2 0
github.com/etcd-monitor/taskmaster/pkg/patterns/lock.go:62.60,66.17 3 0
github.com/etcd-monitor/taskmaster/pkg/patterns/lock.go:66.17,68.3 1 0
github.com/etcd-monitor/taskmaster/pkg/patterns/lock.go:70.2,72.43 2 0
github.com/etcd-monitor/taskmaster/pkg/patterns/lock.go:72.43,74.3 1 0
github.com/etcd-monitor/taskmaster/pkg/patterns/lock.go:76.2,79.12 3 0
github.com/etcd-monitor/taskmaster/pkg/patterns/lock.go:83.71,87.17 3 0
github.com/etcd-monitor/taskmaster/pkg/patterns/lock.go:87.17,89.3 1 0
github.com/etcd-monitor/taskmaster/pkg/patterns/lock.go:92.2,96.16 4 0
github.com/etcd-monitor/taskmaster/pkg/patterns/lock.go:96.16,97.47 1 0
github.com/etcd-monitor/taskmaster/pkg/patterns/lock.go:97.47,99.4 1 0
github.com/etcd-monitor/taskmaster/pkg/patterns/lock.go:100.3,100.58 1 0
github.com/etcd-monitor/taskmaster/pkg/patterns/lock.go:103.2,106.18 3 0
github.com/etcd-monitor/taskmaster/pkg/patterns/lock.go:110.62,114.18 3 0
github.com/etcd-monitor/taskmaster/pkg/patterns/lock.go:114.18,116.3 1 0
github.com/etcd-monitor/taskmaster/pkg/patterns/lock.go:118.2,118.45 1 0
github.com/etcd-monitor/taskmaster/pkg/patterns/lock.go:118.45,120.3 1 0
github.com/etcd-monitor/taskmaster/pkg/patterns/lock.go:122.2,125.12 3 0
github.com/etcd-monitor/taskmaster/pkg/patterns/lock.go:129.44,133.2 3 0
github.com/etcd-monitor/taskmaster/pkg/patterns/lock.go:136.42,140.17 3 0
github.com/etcd-monitor/taskmaster/pkg/patterns/lock.go:140.17,141.63 1 0
github.com/etcd-monitor/taskmaster/pkg/patterns/lock.go:141.63,143.4 1 0
github.com/etcd-monitor/taskmaster/pkg/patterns/lock.go:144.3,144.22 1 0
github.com/etcd-monitor/taskmaster/pkg/patterns/lock.go:147.2,147.27 1 0
github.com/etcd-monitor/taskmaster/pkg/patterns/lock.go:151.81,152.37 1 0
github.com/etcd-monitor/taskmaster/pkg/patterns/lock.go:152.37,154.3 1 0
github.com/etcd-monitor/taskmaster/pkg/patterns/lock.go:155.2,157.13 2 0
github.com/etcd-monitor/taskmaster/pkg/patterns/lock.go:169.79,175.2 1 0
github.com/etcd-monitor/taskmaster/pkg/patterns/lock.go:178.104,183.43 3 0
github.com/etcd-monitor/taskmaster/pkg/patterns/lock.go:183.43,184.22 1 0
github.com/etcd-monitor/taskmaster/pkg/patterns/lock.go:184.22,186.4 1 0
github.com/etcd-monitor/taskmaster/pkg/patterns/lock.go:190.2,194.16 2 0
github.com/etcd-monitor/taskmaster/pkg/patterns/lock.go:194.16,196.3 1 0
github.com/etcd-monitor/taskmaster/pkg/patterns/lock.go:199.2,199.39 1 0
github.com/etcd-monitor/taskmaster/pkg/patterns/lock.go:199.39,202.3 2 0
github.com/etcd-monitor/taskmaster/pkg/patterns/lock.go:204.2,205.18 2 0
github.com/etcd-monitor/taskmaster/pkg/patterns/lock.go:209.75,214.13 4 0
github.com/etcd-monitor/taskmaster/pkg/patterns/lock.go:214.13,216.3 1 0
github.com/etcd-monitor/taskmaster/pkg/patterns/lock.go:218.2,218.41 1 0
github.com/etcd-monitor/taskmaster/pkg/patterns/lock.go:218.41,220.3 1 0
github.com/etcd-monitor/taskmaster/pkg/patterns/lock.go:222.2,222.37 1 0
github.com/etcd-monitor/taskmaster/pkg/patterns/lock.go:222.37,224.3 1 0
github.com/etcd-monitor/taskmaster/pkg/patterns/lock.go:226.2,227.12 2 0
github.com/etcd-monitor/taskmaster/pkg/patterns/lock.go:231.62,236.34 4 0
github.com/etcd-monitor/taskmaster/pkg/patterns/lock.go:236.34,237.42 1 0
github.com/etcd-monitor/taskmaster/pkg/patterns/lock.go:237.42,240.4 2 0
github.com/etcd-monitor/taskmaster/pkg/patterns/lock.go:241.3,241.38 1 0
github.com/etcd-monitor/taskmaster/pkg/patterns/lock.go:241.38,243.4 1 0
github.com/etcd-monitor/taskmaster/pkg/patterns/lock.go:246.2,247.16 2 0
github.com/etcd-monitor/taskmaster/pkg/patterns/lock.go:264.119,274.2 1 0
github.com/etcd-monitor/taskmaster/pkg/patterns/lock.go:277.60,282.26 3 0
github.com/etcd-monitor/taskmaster/pkg/patterns/lock.go:282.26,287.17 2 0
github.com/etcd-monitor/taskmaster/pkg/patterns/lock.go:287.17,289.4 1 0
github.com/etcd-monitor/taskmaster/pkg/patterns/lock.go:290.3,290.40 1 0
github.com/etcd-monitor/taskmaster/pkg/patterns/lock.go:290.40,292.4 1 0
github.com/etcd-monitor/taskmaster/pkg/patterns/lock.go:293.3,293.23 1 0
github.com/etcd-monitor/taskmaster/pkg/patterns/lock.go:296.2,298.12 3 0
github.com/etcd-monitor/taskmaster/pkg/patterns/lock.go:302.62,306.26 3 0
github.com/etcd-monitor/taskmaster/pkg/patterns/lock.go:306.26,308.3 1 0
github.com/etcd-monitor/taskmaster/pkg/patterns/lock.go:310.2,313.50 2 0
github.com/etcd-monitor/taskmaster/pkg/patterns/lock.go:313.50,314.51 1 0
github.com/etcd-monitor/taskmaster/pkg/patterns/lock.go:314.51,316.4 1 0
github.com/etcd-monitor/taskmaster/pkg/patterns/lock.go:317.3,318.22 2 0
github.com/etcd-monitor/taskmaster/pkg/patterns/lock.go:321.2,322.12 2 0
github.com/etcd-monitor/taskmaster/pkg/patterns/lock.go:326.59,331.16 2 0
github.com/etcd-monitor/taskmaster/pkg/patterns/lock.go:331.16,333.3 1 0
github.com/etcd-monitor/taskmaster/pkg/patterns/lock.go:335.2,335.39 1 0
github.com/etcd-monitor/taskmaster/pkg/patterns/lock.go:335.39,337.3 1 0
github.com/etcd-monitor/taskmaster/pkg/patterns/lock.go:339.2,344.12 5 0
github.com/etcd-monitor/taskmaster/pkg/patterns/lock.go:348.61,352.26 3 0
github.com/etcd-monitor/taskmaster/pkg/patterns/lock.go:352.26,354.3 1 0
github.com/etcd-monitor/taskmaster/pkg/patterns/lock.go:356.2,356.50 1 0
github.com/etcd-monitor/taskmaster/pkg/patterns/lock.go:356.50,358.3 1 0
github.com/etcd-monitor/taskmaster/pkg/patterns/lock.go:360.2,364.12 4 0
github.com/etcd-monitor/taskmaster/pkg/k8s/client.go:17.63,20.22 3 1
github.com/etcd-monitor/taskmaster/pkg/k8s/client.go:20.22,22.17 2 1
github.com/etcd-monitor/taskmaster/pkg/k8s/client.go:22.17,24.4 1 1
github.com/etcd-monitor/taskmaster/pkg/k8s/client.go:25.8,27.17 2 1
github.com/etcd-monitor/taskmaster/pkg/k8s/client.go:27.17,29.4 1 1
github.com/etcd-monitor/taskmaster/pkg/k8s/client.go:31.2,31.17 1 0
github.com/etcd-monitor/taskmaster/pkg/k8s/client.go:41.3,43.16 2 1
github.com/etcd-monitor/taskmaster/pkg/k8s/client.go:43.16,46.3 2 0
github.com/etcd-monitor/taskmaster/pkg/k8s/client.go:48.2,49.16 2 1
github.com/etcd-monitor/taskmaster/pkg/k8s/client.go:49.16,52.3 2 0
github.com/etcd-monitor/taskmaster/pkg/k8s/client.go:54.2,57.81 3 1
github.com/etcd-monitor/taskmaster/pkg/inspection/alarm.go:18.82,21.15 3 0
github.com/etcd-monitor/taskmaster/pkg/inspection/alarm.go:21.15,22.17 1 0
github.com/etcd-monitor/taskmaster/pkg/inspection/alarm.go:22.17,24.4 1 0
github.com/etcd-monitor/taskmaster/pkg/inspection/alarm.go:26.2,26.16 1 0
github.com/etcd-monitor/taskmaster/pkg/inspection/alarm.go:26.16,29.3 2 0
github.com/etcd-monitor/taskmaster/pkg/inspection/alarm.go:31.2,32.16 2 0
github.com/etcd-monitor/taskmaster/pkg/inspection/alarm.go:32.16,34.3 1 0
github.com/etcd-monitor/taskmaster/pkg/inspection/alarm.go:36.2,36.43 1 0
github.com/etcd-monitor/taskmaster/pkg/inspection/alarm.go:36.43,37.23 1 0
github.com/etcd-monitor/taskmaster/pkg/inspection/alarm.go:37.23,39.4 1 0
github.com/etcd-monitor/taskmaster/pkg/inspection/alarm.go:40.3,40.28 1 0
github.com/etcd-monitor/taskmaster/pkg/inspection/alarm.go:40.28,41.56 1 0
github.com/etcd-monitor/taskmaster/pkg/inspection/alarm.go:41.56,48.5 2 0
github.com/etcd-monitor/taskmaster/pkg/inspection/alarm.go:51.2,51.12 1 0
github.com/etcd-monitor/taskmaster/pkg/inspection/alarm.go:54.57,55.42 1 0
github.com/etcd-monitor/taskmaster/pkg/inspection/alarm.go:55.42,62.3 2 0
github.com/etcd-monitor/taskmaster/pkg/inspection/consistency.go:24.94,27.15 3 0
github.com/etcd-monitor/taskmaster/pkg/inspection/consistency.go:27.15,28.17 1 0
github.com/etcd-monitor/taskmaster/pkg/inspection/consistency.go:28.17,30.4 1 0
github.com/etcd-monitor/taskmaster/pkg/inspection/consistency.go:32.2,32.16 1 0
github.com/etcd-monitor/taskmaster/pkg/inspection/consistency.go:32.16,35.3 2 0
github.com/etcd-monitor/taskmaster/pkg/inspection/consistency.go:38.2,39.43 2 0
github.com/etcd-monitor/taskmaster/pkg/inspection/consistency.go:39.43,41.3 1 0
github.com/etcd-monitor/taskmaster/pkg/inspection/consistency.go:44.2,45.16 2 0
github.com/etcd-monitor/taskmaster/pkg/inspection/consistency.go:45.16,48.3 2 0
github.com/etcd-monitor/taskmaster/pkg/inspection/consistency.go:49.2,61.37 5 0
github.com/etcd-monitor/taskmaster/pkg/inspection/consistency.go:61.37,64.17 2 0
github.com/etcd-monitor/taskmaster/pkg/inspection/consistency.go:64.17,66.12 2 0
github.com/etcd-monitor/taskmaster/pkg/inspection/consistency.go:70.3,71.17 2 0
github.com/etcd-monitor/taskmaster/pkg/inspection/consistency.go:71.17,73.12 2 0
github.com/etcd-monitor/taskmaster/pkg/inspection/consistency.go:76.3,83.5 1 0
github.com/etcd-monitor/taskmaster/pkg/inspection/consistency.go:86.2,86.27 1 0
github.com/etcd-monitor/taskmaster/pkg/inspection/consistency.go:86.27,89.3 2 0
github.com/etcd-monitor/taskmaster/pkg/inspection/consistency.go:92.2,92.76 1 0
github.com/etcd-monitor/taskmaster/pkg/inspection/consistency.go:92.76,92.97 1 0
github.com/etcd-monitor/taskmaster/pkg/inspection/consistency.go:93.2,93.76 1 0
github.com/etcd-monitor/taskmaster/pkg/inspection/consistency.go:93.76,93.97 1 0
github.com/etcd-monitor/taskmaster/pkg/inspection/consistency.go:94.2,94.73 1 0
github.com/etcd-monitor/taskmaster/pkg/inspection/consistency.go:94.73,94.91 1 0
github.com/etcd-monitor/taskmaster/pkg/inspection/consistency.go:95.2,95.84 1 0
github.com/etcd-monitor/taskmaster/pkg/inspection/consistency.go:95.84,95.113 1 0
github.com/etcd-monitor/taskmaster/pkg/inspection/consistency.go:96.2,96.77 1 0
github.com/etcd-monitor/taskmaster/pkg/inspection/consistency.go:96.77,96.99 1 0
github.com/etcd-monitor/taskmaster/pkg/inspection/consistency.go:99.2,110.12 8 0
github.com/etcd-monitor/taskmaster/pkg/inspection/consistency.go:114.86,115.21 1 0
github.com/etcd-monitor/taskmaster/pkg/inspection/consistency.go:115.21,117.3 1 0
github.com/etcd-monitor/taskmaster/pkg/inspection/consistency.go:119.2,122.33 3 0
github.com/etcd-monitor/taskmaster/pkg/inspection/consistency.go:122.33,124.18 2 0
github.com/etcd-monitor/taskmaster/pkg/inspection/consistency.go:124.18,126.4 1 0
github.com/etcd-monitor/taskmaster/pkg/inspection/consistency.go:127.3,127.18 1 0
github.com/etcd-monitor/taskmaster/pkg/inspection/consistency.go:127.18,129.4 1 0
github.com/etcd-monitor/taskmaster/pkg/inspection/consistency.go:132.2,132.18 1 0
github.com/etcd-monitor/taskmaster/pkg/inspection/healthy.go:12.86,15.15 3 0
github.com/etcd-monitor/taskmaster/pkg/inspection/healthy.go:15.15,16.17 1 0
github.com/etcd-monitor/taskmaster/pkg/inspection/healthy.go:16.17,18.4 1 0
github.com/etcd-monitor/taskmaster/pkg/inspection/healthy.go:20.2,20.16 1 0
github.com/etcd-monitor/taskmaster/pkg/inspection/healthy.go:20.16,23.3 2 0
github.com/etcd-monitor/taskmaster/pkg/inspection/healthy.go:25.2,25.43 1 0
github.com/etcd-monitor/taskmaster/pkg/inspection/healthy.go:25.43,31.30 3 0
github.com/etcd-monitor/taskmaster/pkg/inspection/healthy.go:31.30,33.4 1 0
github.com/etcd-monitor/taskmaster/pkg/inspection/healthy.go:33.9,35.4 1 0
github.com/etcd-monitor/taskmaster/pkg/inspection/healthy.go:37.2,37.12 1 0
github.com/etcd-monitor/taskmaster/pkg/inspection/inspection.go:36.80,41.16 4 0
github.com/etcd-monitor/taskmaster/pkg/inspection/inspection.go:41.16,43.3 1 0
github.com/etcd-monitor/taskmaster/pkg/inspection/inspection.go:45.2,53.20 3 0
github.com/etcd-monitor/taskmaster/pkg/inspection/inspection.go:57.100,64.13 5 0
github.com/etcd-monitor/taskmaster/pkg/inspection/inspection.go:64.13,67.3 2 0
github.com/etcd-monitor/taskmaster/pkg/inspection/inspection.go:70.2,74.9 3 0
github.com/etcd-monitor/taskmaster/pkg/inspection/inspection.go:74.9,77.3 2 0
github.com/etcd-monitor/taskmaster/pkg/inspection/inspection.go:80.2,85.14 3 0
github.com/etcd-monitor/taskmaster/pkg/inspection/inspection.go:89.100,97.20 5 0
github.com/etcd-monitor/taskmaster/pkg/inspection/inspection.go:97.20,121.17 3 0
github.com/etcd-monitor/taskmaster/pkg/inspection/inspection.go:121.17,129.18 3 0
github.com/etcd-monitor/taskmaster/pkg/inspection/inspection.go:129.18,132.5 2 0
github.com/etcd-monitor/taskmaster/pkg/inspection/inspection.go:133.4,133.74 1 0
github.com/etcd-monitor/taskmaster/pkg/inspection/inspection.go:134.9,141.18 2 0
github.com/etcd-monitor/taskmaster/pkg/inspection/inspection.go:141.18,144.5 2 0
github.com/etcd-monitor/taskmaster/pkg/inspection/inspection.go:145.4,145.74 1 0
github.com/etcd-monitor/taskmaster/pkg/inspection/inspection.go:149.3,149.50 1 0
github.com/etcd-monitor/taskmaster/pkg/inspection/inspection.go:150.8,157.17 2 0
github.com/etcd-monitor/taskmaster/pkg/inspection/inspection.go:157.17,160.4 1 0
github.com/etcd-monitor/taskmaster/pkg/inspection/inspection.go:160.9,162.4 1 0
github.com/etcd-monitor/taskmaster/pkg/inspection/inspection.go:165.3,165.51 1 0
github.com/etcd-monitor/taskmaster/pkg/inspection/inspection.go:168.2,168.12 1 0
github.com/etcd-monitor/taskmaster/pkg/inspection/inspection.go:172.116,179.65 5 0
github.com/etcd-monitor/taskmaster/pkg/inspection/inspection.go:179.65,182.3 2 0
github.com/etcd-monitor/taskmaster/pkg/inspection/inspection.go:185.2,190.16 2 0
github.com/etcd-monitor/taskmaster/pkg/inspection/inspection.go:190.16,192.3 1 0
github.com/etcd-monitor/taskmaster/pkg/inspection/inspection.go:195.2,196.16 2 0
github.com/etcd-monitor/taskmaster/pkg/inspection/inspection.go:196.16,198.3 1 0
github.com/etcd-monitor/taskmaster/pkg/inspection/inspection.go:201.2,202.58 2 0
github.com/etcd-monitor/taskmaster/pkg/inspection/inspection.go:202.58,205.3 2 0
github.com/etcd-monitor/taskmaster/pkg/inspection/inspection.go:205.8,211.3 1 0
github.com/etcd-monitor/taskmaster/pkg/inspection/inspection.go:212.2,215.35 3 0
github.com/etcd-monitor/taskmaster/pkg/inspection/inspection.go:219.97,222.37 2 0
github.com/etcd-monitor/taskmaster/pkg/inspection/inspection.go:222.37,224.49 2 0
github.com/etcd-monitor/taskmaster/pkg/inspection/inspection.go:224.49,225.39 1 0
github.com/etcd-monitor/taskmaster/pkg/inspection/inspection.go:225.39,227.5 1 0
github.com/etcd-monitor/taskmaster/pkg/inspection/inspection.go:227.10,227.36 1 0
github.com/etcd-monitor/taskmaster/pkg/inspection/inspection.go:227.36,229.5 1 0
github.com/etcd-monitor/taskmaster/pkg/inspection/inspection.go:233.2,238.88 2 0
github.com/etcd-monitor/taskmaster/pkg/inspection/inspection.go:238.88,245.17 3 0
github.com/etcd-monitor/taskmaster/pkg/inspection/inspection.go:245.17,247.4 1 0
github.com/etcd-monitor/taskmaster/pkg/inspection/inspection.go:249.3,251.49 2 0
github.com/etcd-monitor/taskmaster/pkg/inspection/inspection.go:251.49,253.4 1 0
github.com/etcd-monitor/taskmaster/pkg/inspection/inspection.go:254.3,254.48 1 0
github.com/etcd-monitor/taskmaster/pkg/inspection/inspection.go:254.48,256.4 1 0
github.com/etcd-monitor/taskmaster/pkg/inspection/inspection.go:257.3,257.46 1 0
github.com/etcd-monitor/taskmaster/pkg/inspection/inspection.go:257.46,259.4 1 0
github.com/etcd-monitor/taskmaster/pkg/inspection/inspection.go:261.3,261.43 1 0
github.com/etcd-monitor/taskmaster/pkg/inspection/inspection.go:264.2,264.26 1 0
github.com/etcd-monitor/taskmaster/pkg/inspection/inspection.go:268.125,275.13 5 0
github.com/etcd-monitor/taskmaster/pkg/inspection/inspection.go:275.13,281.3 2 0
github.com/etcd-monitor/taskmaster/pkg/inspection/inspection.go:283.2,285.53 2 0
github.com/etcd-monitor/taskmaster/pkg/inspection/inspection.go:289.61,291.2 1 0
github.com/etcd-monitor/taskmaster/pkg/inspection/inspection.go:294.58,301.2 5 0
github.com/etcd-monitor/taskmaster/pkg/inspection/inspection.go:304.28,312.2 5 0
github.com/etcd-monitor/taskmaster/pkg/inspection/request.go:32.91,35.15 3 0
github.com/etcd-monitor/taskmaster/pkg/inspection/request.go:35.15,36.17 1 0
github.com/etcd-monitor/taskmaster/pkg/inspection/request.go:36.17,38.4 1 0
github.com/etcd-monitor/taskmaster/pkg/inspection/request.go:40.2,40.16 1 0
github.com/etcd-monitor/taskmaster/pkg/inspection/request.go:40.16,43.3 2 0
github.com/etcd-monitor/taskmaster/pkg/inspection/request.go:46.2,47.16 2 0
github.com/etcd-monitor/taskmaster/pkg/inspection/request.go:47.16,50.3 2 0
github.com/etcd-monitor/taskmaster/pkg/inspection/request.go:53.2,69.35 3 0
github.com/etcd-monitor/taskmaster/pkg/inspection/request.go:69.35,83.3 5 0
github.com/etcd-monitor/taskmaster/pkg/inspection/request.go:86.2,86.35 1 0
github.com/etcd-monitor/taskmaster/pkg/inspection/request.go:86.35,88.17 2 0
github.com/etcd-monitor/taskmaster/pkg/inspection/request.go:88.17,90.12 2 0
github.com/etcd-monitor/taskmaster/pkg/inspection/request.go:93.3,98.56 2 0
github.com/etcd-monitor/taskmaster/pkg/inspection/request.go:101.2,101.12 1 0
github.com/etcd-monitor/taskmaster/pkg/inspection/request.go:105.118,113.6 5 0
github.com/etcd-monitor/taskmaster/pkg/inspection/request.go:113.6,114.10 1 0
github.com/etcd-monitor/taskmaster/pkg/inspection/request.go:115.21,117.10 2 0
github.com/etcd-monitor/taskmaster/pkg/inspection/request.go:118.33,119.30 1 0
github.com/etcd-monitor/taskmaster/pkg/inspection/request.go:119.30,124.13 4 0
github.com/etcd-monitor/taskmaster/pkg/inspection/request.go:127.4,127.43 1 0
github.com/etcd-monitor/taskmaster/pkg/inspection/request.go:127.43,129.5 1 0
github.com/etcd-monitor/taskmaster/pkg/inspection/request.go:135.101,138.20 2 0
github.com/etcd-monitor/taskmaster/pkg/inspection/request.go:139.29,140.23 1 0
github.com/etcd-monitor/taskmaster/pkg/inspection/request.go:140.23,142.4 1 0
github.com/etcd-monitor/taskmaster/pkg/inspection/request.go:142.9,144.4 1 0
github.com/etcd-monitor/taskmaster/pkg/inspection/request.go:145.32,146.24 1 0
github.com/etcd-monitor/taskmaster/pkg/inspection/request.go:147.10,148.25 1 0
github.com/etcd-monitor/taskmaster/pkg/inspection/request.go:151.2,161.57 3 0
github.com/etcd-monitor/taskmaster/pkg/inspection/request.go:165.90,170.16 4 0
github.com/etcd-monitor/taskmaster/pkg/inspection/request.go:170.16,172.3 1 0
github.com/etcd-monitor/taskmaster/pkg/inspection/request.go:174.2,174.24 1 0
github.com/etcd-monitor/taskmaster/pkg/inspection/request.go:178.61,182.61 3 0
github.com/etcd-monitor/taskmaster/pkg/inspection/request.go:182.61,183.36 1 0
github.com/etcd-monitor/taskmaster/pkg/inspection/request.go:183.36,185.4 1 0
github.com/etcd-monitor/taskmaster/pkg/inspection/request.go:186.3,187.70 2 0
github.com/etcd-monitor/taskmaster/pkg/inspection/request.go:192.36,196.52 3 0
github.com/etcd-monitor/taskmaster/pkg/inspection/request.go:196.52,197.36 1 0
github.com/etcd-monitor/taskmaster/pkg/inspection/request.go:197.36,199.4 1 0
github.com/etcd-monitor/taskmaster/pkg/inspection/request.go:200.3,200.70 1 0
github.com/etcd-monitor/taskmaster/pkg/inspection/request.go:203.2,203.49 1 0
github.com/etcd-monitor/taskmaster/pkg/inspection/request.go:207.50,209.21 2 0
github.com/etcd-monitor/taskmaster/pkg/inspection/request.go:209.21,211.3 1 0
github.com/etcd-monitor/taskmaster/pkg/inspection/request.go:212.2,212.18 1 0
github.com/etcd-monitor/taskmaster/pkg/monitor/alert.go:67.84,68.19 1 1
github.com/etcd-monitor/taskmaster/pkg/monitor/alert.go:68.19,70.3 1 0
github.com/etcd-monitor/taskmaster/pkg/monitor/alert.go:71.2,79.3 1 1
github.com/etcd-monitor/taskmaster/pkg/monitor/alert.go:83.58,88.2 4 1
github.com/etcd-monitor/taskmaster/pkg/monitor/alert.go:91.51,97.59 4 1
github.com/etcd-monitor/taskmaster/pkg/monitor/alert.go:97.59,98.44 1 1
github.com/etcd-monitor/taskmaster/pkg/monitor/alert.go:98.44,103.4 2 1
github.com/etcd-monitor/taskmaster/pkg/monitor/alert.go:107.2,108.42 2 1
github.com/etcd-monitor/taskmaster/pkg/monitor/alert.go:108.42,110.3 1 0
github.com/etcd-monitor/taskmaster/pkg/monitor/alert.go:113.2,121.38 3 1
github.com/etcd-monitor/taskmaster/pkg/monitor/alert.go:121.38,122.28 1 1
github.com/etcd-monitor/taskmaster/pkg/monitor/alert.go:122.28,123.41 1 1
github.com/etcd-monitor/taskmaster/pkg/monitor/alert.go:123.41,127.5 1 0
github.com/etcd-monitor/taskmaster/pkg/monitor/alert.go:133.51,140.2 5 1
github.com/etcd-monitor/taskmaster/pkg/monitor/alert.go:150.57,157.50 5 1
github.com/etcd-monitor/taskmaster/pkg/monitor/alert.go:157.50,159.43 1 1
github.com/etcd-monitor/taskmaster/pkg/monitor/alert.go:159.43,161.42 1 1
github.com/etcd-monitor/taskmaster/pkg/monitor/alert.go:161.42,163.24 2 1
github.com/etcd-monitor/taskmaster/pkg/monitor/alert.go:163.24,169.11 2 1
github.com/etcd-monitor/taskmaster/pkg/monitor/alert.go:175.2,175.21 1 1
github.com/etcd-monitor/taskmaster/pkg/monitor/alert.go:179.73,189.2 5 1
github.com/etcd-monitor/taskmaster/pkg/monitor/alert.go:201.39,203.2 1 1
github.com/etcd-monitor/taskmaster/pkg/monitor/alert.go:205.49,224.44 6 1
github.com/etcd-monitor/taskmaster/pkg/monitor/alert.go:224.44,226.3 1 0
github.com/etcd-monitor/taskmaster/pkg/monitor/alert.go:229.2,230.16 2 1
[...]
github.com/etcd-monitor/taskmaster/pkg/monitor/health.go:143.16,145.3 1 0
github.com/etcd-monitor/taskmaster/pkg/monitor/health.go:148.2,153.31 3 0
github.com/etcd-monitor/taskmaster/pkg/monitor/health.go:157.78,162.52 3 1
github.com/etcd-monitor/taskmaster/pkg/monitor/health.go:162.52,164.3 1 1
github.com/etcd-monitor/taskmaster/pkg/monitor/health.go:166.2,175.43 3 1
github.com/etcd-monitor/taskmaster/pkg/monitor/health.go:175.43,177.3 1 1
github.com/etcd-monitor/taskmaster/pkg/monitor/health.go:179.2,181.41 1 1
github.com/etcd-monitor/taskmaster/pkg/monitor/health.go:185.60,193.2 5 1
github.com/etcd-monitor/taskmaster/pkg/monitor/health.go:196.98,202.16 4 0
github.com/etcd-monitor/taskmaster/pkg/monitor/health.go:202.16,204.3 1 0
github.com/etcd-monitor/taskmaster/pkg/monitor/health.go:206.2,206.18 1 0
github.com/etcd-monitor/taskmaster/pkg/monitor/health.go:210.78,212.16 2 0
github.com/etcd-monitor/taskmaster/pkg/monitor/health.go:212.16,214.3 1 0
github.com/etcd-monitor/taskmaster/pkg/monitor/health.go:216.2,220.45 3 0
github.com/etcd-monitor/taskmaster/pkg/monitor/health.go:220.45,221.34 1 0
github.com/etcd-monitor/taskmaster/pkg/monitor/health.go:221.34,222.12 1 0
github.com/etcd-monitor/taskmaster/pkg/monitor/health.go:225.3,226.17 2 0
github.com/etcd-monitor/taskmaster/pkg/monitor/health.go:226.17,230.12 2 0
github.com/etcd-monitor/taskmaster/pkg/monitor/health.go:233.3,233.37 1 0
github.com/etcd-monitor/taskmaster/pkg/monitor/health.go:233.37,236.4 2 0
github.com/etcd-monitor/taskmaster/pkg/monitor/health.go:240.2,240.21 1 0
github.com/etcd-monitor/taskmaster/pkg/monitor/health.go:240.21,245.3 2 0
github.com/etcd-monitor/taskmaster/pkg/monitor/health.go:247.2,247.19 1 0
github.com/etcd-monitor/taskmaster/pkg/monitor/health.go:251.101,255.16 3 0
github.com/etcd-monitor/taskmaster/pkg/monitor/health.go:255.16,257.3 1 0
github.com/etcd-monitor/taskmaster/pkg/monitor/health.go:259.2,259.45 1 0
github.com/etcd-monitor/taskmaster/pkg/monitor/health.go:259.45,260.34 1 0
github.com/etcd-monitor/taskmaster/pkg/monitor/health.go:260.34,261.12 1 0
github.com/etcd-monitor/taskmaster/pkg/monitor/health.go:264.3,268.17 4 0
github.com/etcd-monitor/taskmaster/pkg/monitor/health.go:268.17,272.12 2 0
github.com/etcd-monitor/taskmaster/pkg/monitor/health.go:275.3,275.34 1 0
github.com/etcd-monitor/taskmaster/pkg/monitor/health.go:278.2,278.23 1 0
github.com/etcd-monitor/taskmaster/pkg/monitor/health.go:282.71,284.16 2 0
github.com/etcd-monitor/taskmaster/pkg/monitor/health.go:284.16,286.3 1 0
github.com/etcd-monitor/taskmaster/pkg/monitor/health.go:287.2,287.23 1 0
github.com/etcd-monitor/taskmaster/pkg/monitor/health.go:303.83,305.16 2 0
github.com/etcd-monitor/taskmaster/pkg/monitor/health.go:305.16,307.3 1 0
github.com/etcd-monitor/taskmaster/pkg/monitor/health.go:309.2,311.45 2 0
github.com/etcd-monitor/taskmaster/pkg/monitor/health.go:311.45,320.33 2 0
github.com/etcd-monitor/taskmaster/pkg/monitor/health.go:320.33,329.18 3 0
github.com/etcd-monitor/taskmaster/pkg/monitor/health.go:329.18,334.5 2 0
github.com/etcd-monitor/taskmaster/pkg/monitor/health.go:334.10,339.83 3 0
github.com/etcd-monitor/taskmaster/pkg/monitor/health.go:339.83,342.6 2 0
github.com/etcd-monitor/taskmaster/pkg/monitor/health.go:346.3,346.42 1 0
github.com/etcd-monitor/taskmaster/pkg/monitor/health.go:349.2,349.25 1 0
github.com/etcd-monitor/taskmaster/pkg/monitor/metrics.go:32.89,33.19 1 1
github.com/etcd-monitor/taskmaster/pkg/monitor/metrics.go:33.19,35.3 1 0
github.com/etcd-monitor/taskmaster/pkg/monitor/metrics.go:36.2,41.3 1 1
github.com/etcd-monitor/taskmaster/pkg/monitor/metrics.go:45.91,57.12 6 0
github.com/etcd-monitor/taskmaster/pkg/monitor/metrics.go:57.12,59.66 2 0
github.com/etcd-monitor/taskmaster/pkg/monitor/metrics.go:59.66,63.4 3 0
github.com/etcd-monitor/taskmaster/pkg/monitor/metrics.go:67.2,68.12 2 0
github.com/etcd-monitor/taskmaster/pkg/monitor/metrics.go:68.12,70.65 2 0
github.com/etcd-monitor/taskmaster/pkg/monitor/metrics.go:70.65,74.4 3 0
github.com/etcd-monitor/taskmaster/pkg/monitor/metrics.go:78.2,79.12 2 0
github.com/etcd-monitor/taskmaster/pkg/monitor/metrics.go:79.12,81.62 2 0
github.com/etcd-monitor/taskmaster/pkg/monitor/metrics.go:81.62,85.4 3 0
github.com/etcd-monitor/taskmaster/pkg/monitor/metrics.go:89.2,90.12 2 0
github.com/etcd-monitor/taskmaster/pkg/monitor/metrics.go:90.12,92.64 2 0
github.com/etcd-monitor/taskmaster/pkg/monitor/metrics.go:92.64,96.4 3 0
github.com/etcd-monitor/taskmaster/pkg/monitor/metrics.go:99.2,101.21 2 0
github.com/etcd-monitor/taskmaster/pkg/monitor/metrics.go:101.21,104.3 1 0
github.com/etcd-monitor/taskmaster/pkg/monitor/metrics.go:106.2,106.22 1 0
github.com/etcd-monitor/taskmaster/pkg/monitor/metrics.go:110.106,113.16 2 0
github.com/etcd-monitor/taskmaster/pkg/monitor/metrics.go:113.16,115.3 1 0
github.com/etcd-monitor/taskmaster/pkg/monitor/metrics.go:118.2,118.45 1 0
github.com/etcd-monitor/taskmaster/pkg/monitor/metrics.go:118.45,119.34 1 0
github.com/etcd-monitor/taskmaster/pkg/monitor/metrics.go:119.34,120.12 1 0
github.com/etcd-monitor/taskmaster/pkg/monitor/metrics.go:123.3,124.17 2 0
github.com/etcd-monitor/taskmaster/pkg/monitor/metrics.go:124.17,125.12 1 0
github.com/etcd-monitor/taskmaster/pkg/monitor/metrics.go:128.3,128.37 1 0
github.com/etcd-monitor/taskmaster/pkg/monitor/metrics.go:128.37,131.9 3 0
github.com/etcd-monitor/taskmaster/pkg/monitor/metrics.go:135.2,135.12 1 0
github.com/etcd-monitor/taskmaster/pkg/monitor/metrics.go:139.105,142.26 2 0
github.com/etcd-monitor/taskmaster/pkg/monitor/metrics.go:142.26,147.17 4 0
github.com/etcd-monitor/taskmaster/pkg/monitor/metrics.go:147.17,149.4 1 0
github.com/etcd-monitor/taskmaster/pkg/monitor/metrics.go:153.2,153.28 1 0
github.com/etcd-monitor/taskmaster/pkg/monitor/metrics.go:153.28,158.3 4 0
github.com/etcd-monitor/taskmaster/pkg/monitor/metrics.go:161.2,163.26 3 0
github.com/etcd-monitor/taskmaster/pkg/monitor/metrics.go:163.26,168.17 4 0
github.com/etcd-monitor/taskmaster/pkg/monitor/metrics.go:168.17,170.4 1 0
github.com/etcd-monitor/taskmaster/pkg/monitor/metrics.go:174.2,177.29 2 0
github.com/etcd-monitor/taskmaster/pkg/monitor/metrics.go:177.29,182.3 4 0
github.com/etcd-monitor/taskmaster/pkg/monitor/metrics.go:185.2,192.12 2 0
github.com/etcd-monitor/taskmaster/pkg/monitor/metrics.go:196.102,199.16 2 0
github.com/etcd-monitor/taskmaster/pkg/monitor/metrics.go:199.16,201.3 1 0
github.com/etcd-monitor/taskmaster/pkg/monitor/metrics.go:203.2,203.45 1 0
github.com/etcd-monitor/taskmaster/pkg/monitor/metrics.go:203.45,204.34 1 0
github.com/etcd-monitor/taskmaster/pkg/monitor/metrics.go:204.34,205.12 1 0
github.com/etcd-monitor/taskmaster/pkg/monitor/metrics.go:208.3,209.17 2 0
github.com/etcd-monitor/taskmaster/pkg/monitor/metrics.go:209.17,213.12 2 0
github.com/etcd-monitor/taskmaster/pkg/monitor/metrics.go:217.3,218.58 2 0
github.com/etcd-monitor/taskmaster/pkg/monitor/metrics.go:222.2,222.12 1 0
github.com/etcd-monitor/taskmaster/pkg/monitor/metrics.go:226.104,233.16 2 0
github.com/etcd-monitor/taskmaster/pkg/monitor/metrics.go:233.16,235.3 1 0
github.com/etcd-monitor/taskmaster/pkg/monitor/metrics.go:237.2,239.12 2 0
github.com/etcd-monitor/taskmaster/pkg/monitor/metrics.go:243.86,250.44 4 1
github.com/etcd-monitor/taskmaster/pkg/monitor/metrics.go:250.44,252.3 1 1
github.com/etcd-monitor/taskmaster/pkg/monitor/metrics.go:256.70,264.2 5 1
github.com/etcd-monitor/taskmaster/pkg/monitor/metrics.go:267.112,272.16 3 0
github.com/etcd-monitor/taskmaster/pkg/monitor/metrics.go:272.16,274.3 1 0
github.com/etcd-monitor/taskmaster/pkg/monitor/metrics.go:277.2,281.16 3 0
github.com/etcd-monitor/taskmaster/pkg/monitor/metrics.go:281.16,283.3 1 0
github.com/etcd-monitor/taskmaster/pkg/monitor/metrics.go:286.2,290.18 4 0
github.com/etcd-monitor/taskmaster/pkg/monitor/metrics.go:294.113,304.34 4 0
github.com/etcd-monitor/taskmaster/pkg/monitor/metrics.go:304.34,309.17 4 0
github.com/etcd-monitor/taskmaster/pkg/monitor/metrics.go:309.17,311.4 1 0
github.com/etcd-monitor/taskmaster/pkg/monitor/metrics.go:311.9,313.4 1 0
github.com/etcd-monitor/taskmaster/pkg/monitor/metrics.go:317.2,317.34 1 0
github.com/etcd-monitor/taskmaster/pkg/monitor/metrics.go:317.34,322.17 4 0
github.com/etcd-monitor/taskmaster/pkg/monitor/metrics.go:322.17,324.4 1 0
github.com/etcd-monitor/taskmaster/pkg/monitor/metrics.go:324.9,326.4 1 0
github.com/etcd-monitor/taskmaster/pkg/monitor/metrics.go:330.2,330.28 1 0
github.com/etcd-monitor/taskmaster/pkg/monitor/metrics.go:330.28,335.3 4 0
github.com/etcd-monitor/taskmaster/pkg/monitor/metrics.go:337.2,337.29 1 0
github.com/etcd-monitor/taskmaster/pkg/monitor/metrics.go:337.29,342.3 4 0
github.com/etcd-monitor/taskmaster/pkg/monitor/metrics.go:344.2,348.20 4 0
github.com/etcd-monitor/taskmaster/pkg/monitor/metrics.go:369.54,370.22 1 1
github.com/etcd-monitor/taskmaster/pkg/monitor/metrics.go:370.22,372.3 1 1
github.com/etcd-monitor/taskmaster/pkg/monitor/metrics.go:374.2,375.15 2 1
github.com/etcd-monitor/taskmaster/pkg/monitor/metrics.go:375.15,377.3 1 0
github.com/etcd-monitor/taskmaster/pkg/monitor/metrics.go:378.2,378.26 1 1
github.com/etcd-monitor/taskmaster/pkg/monitor/metrics.go:378.26,380.3 1 0
github.com/etcd-monitor/taskmaster/pkg/monitor/metrics.go:382.2,382.22 1 1
github.com/etcd-monitor/taskmaster/pkg/monitor/service.go:129.85,130.19 1 0
github.com/etcd-monitor/taskmaster/pkg/monitor/service.go:130.19,133.17 3 0
github.com/etcd-monitor/taskmaster/pkg/monitor/service.go:133.17,135.4 1 0
github.com/etcd-monitor/taskmaster/pkg/monitor/service.go:138.2,148.16 3 0
github.com/etcd-monitor/taskmaster/pkg/monitor/service.go:152.41,156.18 3 0
github.com/etcd-monitor/taskmaster/pkg/monitor/service.go:156.18,158.3 1 0
github.com/etcd-monitor/taskmaster/pkg/monitor/service.go:161.2,168.16 4 0
github.com/etcd-monitor/taskmaster/pkg/monitor/service.go:168.16,170.3 1 0
github.com/etcd-monitor/taskmaster/pkg/monitor/service.go:173.2,186.12 10 0
github.com/etcd-monitor/taskmaster/pkg/monitor/service.go:190.40,194.19 3 0
github.com/etcd-monitor/taskmaster/pkg/monitor/service.go:194.19,196.3 1 0
github.com/etcd-monitor/taskmaster/pkg/monitor/service.go:198.2,201.22 3 0
github.com/etcd-monitor/taskmaster/pkg/monitor/service.go:201.22,202.43 1 0
github.com/etcd-monitor/taskmaster/pkg/monitor/service.go:202.43,204.4 1 0
github.com/etcd-monitor/taskmaster/pkg/monitor/service.go:207.2,210.12 3 0
github.com/etcd-monitor/taskmaster/pkg/monitor/service.go:214.45,220.6 4 0
github.com/etcd-monitor/taskmaster/pkg/monitor/service.go:220.6,221.10 1 0
github.com/etcd-monitor/taskmaster/pkg/monitor/service.go:222.24,223.10 1 0
github.com/etcd-monitor/taskmaster/pkg/monitor/service.go:224.19,226.18 2 0
github.com/etcd-monitor/taskmaster/pkg/monitor/service.go:226.18,228.13 2 0
github.com/etcd-monitor/taskmaster/pkg/monitor/service.go:232.4,232.32 1 0
github.com/etcd-monitor/taskmaster/pkg/monitor/service.go:238.50,244.6 4 0
github.com/etcd-monitor/taskmaster/pkg/monitor/service.go:244.6,245.10 1 0
github.com/etcd-monitor/taskmaster/pkg/monitor/service.go:246.24,247.10 1 0
github.com/etcd-monitor/taskmaster/pkg/monitor/service.go:248.19,250.18 2 0
github.com/etcd-monitor/taskmaster/pkg/monitor/service.go:250.18,252.13 2 0
github.com/etcd-monitor/taskmaster/pkg/monitor/service.go:256.4,256.33 1 0
github.com/etcd-monitor/taskmaster/pkg/monitor/service.go:262.40,268.6 3 0
github.com/etcd-monitor/taskmaster/pkg/monitor/service.go:268.6,269.10 1 0
github.com/etcd-monitor/taskmaster/pkg/monitor/service.go:270.24,271.10 1 0
github.com/etcd-monitor/taskmaster/pkg/monitor/service.go:272.33,273.30 1 0
github.com/etcd-monitor/taskmaster/pkg/monitor/service.go:273.30,275.13 2 0
github.com/etcd-monitor/taskmaster/pkg/monitor/service.go:278.4,278.43 1 0
github.com/etcd-monitor/taskmaster/pkg/monitor/service.go:278.43,280.5 1 0
github.com/etcd-monitor/taskmaster/pkg/monitor/service.go:286.67,287.20 1 0
github.com/etcd-monitor/taskmaster/pkg/monitor/service.go:288.18,291.43 1 0
github.com/etcd-monitor/taskmaster/pkg/monitor/service.go:292.21,294.44 1 0
github.com/etcd-monitor/taskmaster/pkg/monitor/service.go:299.68,300.21 1 0
github.com/etcd-monitor/taskmaster/pkg/monitor/service.go:300.21,308.3 1 0
github.com/etcd-monitor/taskmaster/pkg/monitor/service.go:310.2,310.23 1 0
github.com/etcd-monitor/taskmaster/pkg/monitor/service.go:310.23,317.3 1 0
github.com/etcd-monitor/taskmaster/pkg/monitor/service.go:319.2,319.29 1 0
github.com/etcd-monitor/taskmaster/pkg/monitor/service.go:319.29,326.3 1 0
github.com/etcd-monitor/taskmaster/pkg/monitor/service.go:328.2,328.28 1 0
github.com/etcd-monitor/taskmaster/pkg/monitor/service.go:328.28,329.39 1 0
github.com/etcd-monitor/taskmaster/pkg/monitor/service.go:329.39,337.4 1 0
github.com/etcd-monitor/taskmaster/pkg/monitor/service.go:342.71,346.64 2 0
github.com/etcd-monitor/taskmaster/pkg/monitor/service.go:346.64,354.3 1 0
github.com/etcd-monitor/taskmaster/pkg/monitor/service.go:357.2,358.54 2 0
github.com/etcd-monitor/taskmaster/pkg/monitor/service.go:358.54,366.3 1 0
github.com/etcd-monitor/taskmaster/pkg/monitor/service.go:369.2,369.35 1 0
github.com/etcd-monitor/taskmaster/pkg/monitor/service.go:369.35,377.3 1 0
github.com/etcd-monitor/taskmaster/pkg/monitor/service.go:381.70,382.29 1 0
github.com/etcd-monitor/taskmaster/pkg/monitor/service.go:382.29,384.3 1 0
github.com/etcd-monitor/taskmaster/pkg/monitor/service.go:385.2,385.66 1 0
github.com/etcd-monitor/taskmaster/pkg/monitor/service.go:389.73,390.32 1 0
github.com/etcd-monitor/taskmaster/pkg/monitor/service.go:390.32,392.3 1 0
github.com/etcd-monitor/taskmaster/pkg/monitor/service.go:393.2,393.65 1 0
github.com/etcd-monitor/taskmaster/pkg/monitor/service.go:397.44,401.2 3 0
github.com/etcd-monitor/taskmaster/pkg/monitor/service.go:404.61,406.2 1 0
github.com/etcd-monitor/taskmaster/pkg/monitor/service.go:409.67,411.2 1 0
github.com/etcd-monitor/taskmaster/pkg/monitor/service.go:414.59,416.2 1 0
github.com/etcd-monitor/taskmaster/pkg/etcd/client.go:54.80,58.2 1 1
github.com/etcd-monitor/taskmaster/pkg/etcd/client.go:61.93,63.16 2 1
github.com/etcd-monitor/taskmaster/pkg/etcd/client.go:63.16,65.3 1 1
github.com/etcd-monitor/taskmaster/pkg/etcd/client.go:67.2,67.39 1 1
github.com/etcd-monitor/taskmaster/pkg/etcd/client.go:71.75,77.51 2 1
github.com/etcd-monitor/taskmaster/pkg/etcd/client.go:77.51,79.3 1 1
github.com/etcd-monitor/taskmaster/pkg/etcd/client.go:81.2,85.43 4 1
github.com/etcd-monitor/taskmaster/pkg/etcd/client.go:85.43,87.17 2 1
github.com/etcd-monitor/taskmaster/pkg/etcd/client.go:87.17,89.4 1 1
github.com/etcd-monitor/taskmaster/pkg/etcd/client.go:91.3,95.22 2 0
github.com/etcd-monitor/taskmaster/pkg/etcd/client.go:95.22,99.4 3 0
github.com/etcd-monitor/taskmaster/pkg/etcd/client.go:101.3,101.25 1 0
github.com/etcd-monitor/taskmaster/pkg/etcd/client.go:104.2,104.49 1 1
github.com/etcd-monitor/taskmaster/pkg/etcd/client.go:104.49,106.3 1 1
github.com/etcd-monitor/taskmaster/pkg/etcd/client.go:108.2,108.49 1 1
github.com/etcd-monitor/taskmaster/pkg/etcd/client.go:108.49,110.3 1 1
github.com/etcd-monitor/taskmaster/pkg/etcd/client.go:112.2,112.20 1 1
github.com/etcd-monitor/taskmaster/pkg/etcd/client.go:116.66,126.16 3 1
github.com/etcd-monitor/taskmaster/pkg/etcd/client.go:126.16,129.3 2 0
github.com/etcd-monitor/taskmaster/pkg/etcd/client.go:131.2,131.20 1 1
github.com/etcd-monitor/taskmaster/pkg/etcd/health.go:20.59,31.2 2 0
github.com/etcd-monitor/taskmaster/pkg/etcd/health.go:58.73,63.16 4 0
github.com/etcd-monitor/taskmaster/pkg/etcd/health.go:63.16,66.3 2 0
github.com/etcd-monitor/taskmaster/pkg/etcd/health.go:67.2,69.38 2 0
github.com/etcd-monitor/taskmaster/pkg/etcd/health.go:69.38,71.3 1 0
github.com/etcd-monitor/taskmaster/pkg/etcd/health.go:73.2,74.16 2 0
github.com/etcd-monitor/taskmaster/pkg/etcd/health.go:74.16,76.3 1 0
github.com/etcd-monitor/taskmaster/pkg/etcd/health.go:78.2,79.58 2 0
github.com/etcd-monitor/taskmaster/pkg/etcd/health.go:79.58,81.3 1 0
github.com/etcd-monitor/taskmaster/pkg/etcd/health.go:83.2,83.41 1 0
github.com/etcd-monitor/taskmaster/pkg/etcd/health.go:87.82,92.16 4 0
github.com/etcd-monitor/taskmaster/pkg/etcd/health.go:92.16,95.3 2 0
github.com/etcd-monitor/taskmaster/pkg/etcd/health.go:96.2,99.16 3 0
github.com/etcd-monitor/taskmaster/pkg/etcd/health.go:99.16,101.3 1 0
github.com/etcd-monitor/taskmaster/pkg/etcd/health.go:103.2,104.59 2 0
github.com/etcd-monitor/taskmaster/pkg/etcd/health.go:104.59,106.3 1 0
github.com/etcd-monitor/taskmaster/pkg/etcd/health.go:108.2,108.26 1 0
github.com/etcd-monitor/taskmaster/pkg/etcd/health.go:112.78,117.16 4 0
github.com/etcd-monitor/taskmaster/pkg/etcd/health.go:117.16,120.3 2 0
github.com/etcd-monitor/taskmaster/pkg/etcd/health.go:121.2,124.16 3 0
github.com/etcd-monitor/taskmaster/pkg/etcd/health.go:124.16,126.3 1 0
github.com/etcd-monitor/taskmaster/pkg/etcd/health.go:128.2,129.57 2 0
github.com/etcd-monitor/taskmaster/pkg/etcd/health.go:129.57,131.3 1 0
github.com/etcd-monitor/taskmaster/pkg/etcd/health.go:133.2,133.24 1 0
github.com/etcd-monitor/taskmaster/pkg/etcd/helper.go:13.80,18.16 4 1
github.com/etcd-monitor/taskmaster/pkg/etcd/helper.go:18.16,21.3 2 1
github.com/etcd-monitor/taskmaster/pkg/etcd/helper.go:23.2,23.18 1 0
github.com/etcd-monitor/taskmaster/pkg/etcd/helper.go:27.89,32.16 4 1
github.com/etcd-monitor/taskmaster/pkg/etcd/helper.go:32.16,35.3 2 1
github.com/etcd-monitor/taskmaster/pkg/etcd/helper.go:37.2,37.18 1 0
github.com/etcd-monitor/taskmaster/pkg/etcd/helper.go:41.74,46.16 4 1
github.com/etcd-monitor/taskmaster/pkg/etcd/helper.go:46.16,49.3 2 1
github.com/etcd-monitor/taskmaster/pkg/etcd/helper.go:51.2,51.18 1 0
github.com/etcd-monitor/taskmaster/pkg/etcd/helper.go:61.80,63.16 2 0
github.com/etcd-monitor/taskmaster/pkg/etcd/helper.go:63.16,65.3 1 0
github.com/etcd-monitor/taskmaster/pkg/etcd/helper.go:66.2,69.16 3 0
github.com/etcd-monitor/taskmaster/pkg/etcd/helper.go:69.16,71.3 1 0
github.com/etcd-monitor/taskmaster/pkg/etcd/helper.go:73.2,74.41 2 0
github.com/etcd-monitor/taskmaster/pkg/etcd/helper.go:74.41,79.3 1 0
github.com/etcd-monitor/taskmaster/pkg/etcd/helper.go:81.2,81.20 1 0
github.com/etcd-monitor/taskmaster/pkg/etcd/helper.go:85.82,87.16 2 0
github.com/etcd-monitor/taskmaster/pkg/etcd/helper.go:87.16,89.3 1 0
github.com/etcd-monitor/taskmaster/pkg/etcd/helper.go:91.2,91.44 1 0
github.com/etcd-monitor/taskmaster/pkg/etcd/helper.go:91.44,92.28 1 0
github.com/etcd-monitor/taskmaster/pkg/etcd/helper.go:92.28,93.34 1 0
github.com/etcd-monitor/taskmaster/pkg/etcd/helper.go:93.34,95.5 1 0
github.com/etcd-monitor/taskmaster/pkg/etcd/helper.go:99.2,99.56 1 0
github.com/etcd-monitor/taskmaster/pkg/etcd/stats.go:33.43,37.2 1 0
github.com/etcd-monitor/taskmaster/pkg/etcd/stats.go:40.65,42.16 2 0
github.com/etcd-monitor/taskmaster/pkg/etcd/stats.go:42.16,44.3 1 0
github.com/etcd-monitor/taskmaster/pkg/etcd/stats.go:45.2,52.16 5 0
github.com/etcd-monitor/taskmaster/pkg/etcd/stats.go:52.16,55.3 2 0
github.com/etcd-monitor/taskmaster/pkg/etcd/stats.go:57.2,57.24 1 0
github.com/etcd-monitor/taskmaster/pkg/etcd/stats.go:61.64,63.16 2 0
github.com/etcd-monitor/taskmaster/pkg/etcd/stats.go:63.16,65.3 1 0
github.com/etcd-monitor/taskmaster/pkg/etcd/stats.go:66.2,69.16 3 0
github.com/etcd-monitor/taskmaster/pkg/etcd/stats.go:69.16,71.3 1 0
github.com/etcd-monitor/taskmaster/pkg/etcd/stats.go:73.2,79.18 2 0
github.com/etcd-monitor/taskmaster/pkg/etcd/stats.go:88.43,92.2 1 0
github.com/etcd-monitor/taskmaster/pkg/etcd/stats.go:95.65,100.2 2 0
github.com/etcd-monitor/taskmaster/pkg/etcd/stats.go:103.64,106.16 2 0
github.com/etcd-monitor/taskmaster/pkg/etcd/stats.go:106.16,108.3 1 0
github.com/etcd-monitor/taskmaster/pkg/etcd/stats.go:110.2,117.18 3 0
github.com/etcd-monitor/taskmaster/pkg/etcd/stats.go:121.57,122.21 1 0
github.com/etcd-monitor/taskmaster/pkg/etcd/stats.go:122.21,124.3 1 0
github.com/etcd-monitor/taskmaster/pkg/etcd/stats.go:125.2,125.26 1 0
