mode: atomic
github.com/etcd-monitor/taskmaster/pkg/benchmark/benchmark.go:71.85,77.2 1 2
github.com/etcd-monitor/taskmaster/pkg/benchmark/benchmark.go:80.60,81.21 1 1
github.com/etcd-monitor/taskmaster/pkg/benchmark/benchmark.go:81.21,83.3 1 1
github.com/etcd-monitor/taskmaster/pkg/benchmark/benchmark.go:85.2,100.23 4 0
github.com/etcd-monitor/taskmaster/pkg/benchmark/benchmark.go:101.26,102.41 1 0
github.com/etcd-monitor/taskmaster/pkg/benchmark/benchmark.go:103.25,104.40 1 0
github.com/etcd-monitor/taskmaster/pkg/benchmark/benchmark.go:105.26,106.41 1 0
github.com/etcd-monitor/taskmaster/pkg/benchmark/benchmark.go:107.10,108.74 1 0
github.com/etcd-monitor/taskmaster/pkg/benchmark/benchmark.go:111.2,111.16 1 0
github.com/etcd-monitor/taskmaster/pkg/benchmark/benchmark.go:111.16,113.3 1 0
github.com/etcd-monitor/taskmaster/pkg/benchmark/benchmark.go:115.2,118.20 3 0
github.com/etcd-monitor/taskmaster/pkg/benchmark/benchmark.go:122.79,133.53 2 0
github.com/etcd-monitor/taskmaster/pkg/benchmark/benchmark.go:133.53,134.56 1 0
github.com/etcd-monitor/taskmaster/pkg/benchmark/benchmark.go:134.56,136.26 2 0
github.com/etcd-monitor/taskmaster/pkg/benchmark/benchmark.go:136.26,139.39 2 0
github.com/etcd-monitor/taskmaster/pkg/benchmark/benchmark.go:139.39,147.20 6 0
github.com/etcd-monitor/taskmaster/pkg/benchmark/benchmark.go:147.20,150.7 2 0
github.com/etcd-monitor/taskmaster/pkg/benchmark/benchmark.go:150.12,155.7 4 0
github.com/etcd-monitor/taskmaster/pkg/benchmark/benchmark.go:158.6,158.32 1 0
github.com/etcd-monitor/taskmaster/pkg/benchmark/benchmark.go:158.32,160.7 1 0
github.com/etcd-monitor/taskmaster/pkg/benchmark/benchmark.go:166.2,174.12 6 0
github.com/etcd-monitor/taskmaster/pkg/benchmark/benchmark.go:178.78,183.31 3 0
github.com/etcd-monitor/taskmaster/pkg/benchmark/benchmark.go:183.31,187.17 4 0
github.com/etcd-monitor/taskmaster/pkg/benchmark/benchmark.go:187.17,189.4 1 0
github.com/etcd-monitor/taskmaster/pkg/benchmark/benchmark.go:193.2,202.53 2 0
github.com/etcd-monitor/taskmaster/pkg/benchmark/benchmark.go:202.53,203.56 1 0
github.com/etcd-monitor/taskmaster/pkg/benchmark/benchmark.go:203.56,205.14 2 0
github.com/etcd-monitor/taskmaster/pkg/benchmark/benchmark.go:205.14,208.39 2 0
github.com/etcd-monitor/taskmaster/pkg/benchmark/benchmark.go:208.39,217.20 6 0
github.com/etcd-monitor/taskmaster/pkg/benchmark/benchmark.go:217.20,219.7 1 0
github.com/etcd-monitor/taskmaster/pkg/benchmark/benchmark.go:219.12,224.7 4 0
github.com/etcd-monitor/taskmaster/pkg/benchmark/benchmark.go:227.6,227.32 1 0
github.com/etcd-monitor/taskmaster/pkg/benchmark/benchmark.go:227.32,229.7 1 0
github.com/etcd-monitor/taskmaster/pkg/benchmark/benchmark.go:235.2,247.12 8 0
github.com/etcd-monitor/taskmaster/pkg/benchmark/benchmark.go:251.79,264.53 3 0
github.com/etcd-monitor/taskmaster/pkg/benchmark/benchmark.go:264.53,265.56 1 0
github.com/etcd-monitor/taskmaster/pkg/benchmark/benchmark.go:265.56,267.26 2 0
github.com/etcd-monitor/taskmaster/pkg/benchmark/benchmark.go:267.26,270.39 2 0
github.com/etcd-monitor/taskmaster/pkg/benchmark/benchmark.go:270.39,277.36 4 0
github.com/etcd-monitor/taskmaster/pkg/benchmark/benchmark.go:277.36,279.7 1 0
github.com/etcd-monitor/taskmaster/pkg/benchmark/benchmark.go:279.12,282.7 2 0
github.com/etcd-monitor/taskmaster/pkg/benchmark/benchmark.go:284.6,286.20 2 0
github.com/etcd-monitor/taskmaster/pkg/benchmark/benchmark.go:286.20,288.7 1 0
github.com/etcd-monitor/taskmaster/pkg/benchmark/benchmark.go:288.12,293.7 4 0
github.com/etcd-monitor/taskmaster/pkg/benchmark/benchmark.go:296.6,296.32 1 0
github.com/etcd-monitor/taskmaster/pkg/benchmark/benchmark.go:296.32,298.7 1 0
github.com/etcd-monitor/taskmaster/pkg/benchmark/benchmark.go:304.2,315.12 7 0
github.com/etcd-monitor/taskmaster/pkg/benchmark/benchmark.go:319.77,320.25 1 0
github.com/etcd-monitor/taskmaster/pkg/benchmark/benchmark.go:320.25,322.3 1 0
github.com/etcd-monitor/taskmaster/pkg/benchmark/benchmark.go:324.2,335.32 8 0
github.com/etcd-monitor/taskmaster/pkg/benchmark/benchmark.go:335.32,337.3 1 0
github.com/etcd-monitor/taskmaster/pkg/benchmark/benchmark.go:338.2,344.32 3 0
github.com/etcd-monitor/taskmaster/pkg/benchmark/benchmark.go:344.32,347.3 2 0
github.com/etcd-monitor/taskmaster/pkg/benchmark/benchmark.go:351.54,352.22 1 4
github.com/etcd-monitor/taskmaster/pkg/benchmark/benchmark.go:352.22,354.3 1 1
github.com/etcd-monitor/taskmaster/pkg/benchmark/benchmark.go:355.2,356.15 2 3
github.com/etcd-monitor/taskmaster/pkg/benchmark/benchmark.go:356.15,358.3 1 0
github.com/etcd-monitor/taskmaster/pkg/benchmark/benchmark.go:359.2,359.26 1 3
github.com/etcd-monitor/taskmaster/pkg/benchmark/benchmark.go:359.26,361.3 1 0
github.com/etcd-monitor/taskmaster/pkg/benchmark/benchmark.go:362.2,362.22 1 3
github.com/etcd-monitor/taskmaster/pkg/benchmark/benchmark.go:366.47,367.9 1 7
github.com/etcd-monitor/taskmaster/pkg/benchmark/benchmark.go:368.19,369.16 1 1
github.com/etcd-monitor/taskmaster/pkg/benchmark/benchmark.go:370.19,371.17 1 1
github.com/etcd-monitor/taskmaster/pkg/benchmark/benchmark.go:372.20,373.18 1 1
github.com/etcd-monitor/taskmaster/pkg/benchmark/benchmark.go:374.20,375.19 1 1
github.com/etcd-monitor/taskmaster/pkg/benchmark/benchmark.go:376.21,377.20 1 1
github.com/etcd-monitor/taskmaster/pkg/benchmark/benchmark.go:378.21,379.21 1 1
github.com/etcd-monitor/taskmaster/pkg/benchmark/benchmark.go:380.10,381.18 1 1
github.com/etcd-monitor/taskmaster/pkg/benchmark/benchmark.go:386.46,389.19 3 2
github.com/etcd-monitor/taskmaster/pkg/benchmark/benchmark.go:389.19,391.3 1 20
github.com/etcd-monitor/taskmaster/pkg/benchmark/benchmark.go:392.2,392.18 1 2
github.com/etcd-monitor/taskmaster/pkg/benchmark/benchmark.go:396.54,408.2 1 1
github.com/etcd-monitor/taskmaster/pkg/etcdctl/wrapper.go:20.71,25.2 1 31
github.com/etcd-monitor/taskmaster/pkg/etcdctl/wrapper.go:28.121,31.2 2 3
github.com/etcd-monitor/taskmaster/pkg/etcdctl/wrapper.go:34.114,37.2 2 2
github.com/etcd-monitor/taskmaster/pkg/etcdctl/wrapper.go:40.120,43.2 2 1
github.com/etcd-monitor/taskmaster/pkg/etcdctl/wrapper.go:46.104,49.2 2 1
github.com/etcd-monitor/taskmaster/pkg/etcdctl/wrapper.go:52.89,55.2 2 1
github.com/etcd-monitor/taskmaster/pkg/etcdctl/wrapper.go:58.106,61.2 2 1
github.com/etcd-monitor/taskmaster/pkg/etcdctl/wrapper.go:64.110,67.2 2 1
github.com/etcd-monitor/taskmaster/pkg/etcdctl/wrapper.go:70.81,76.37 4 1
github.com/etcd-monitor/taskmaster/pkg/etcdctl/wrapper.go:76.37,87.17 5 0
github.com/etcd-monitor/taskmaster/pkg/etcdctl/wrapper.go:87.17,89.4 1 0
github.com/etcd-monitor/taskmaster/pkg/etcdctl/wrapper.go:91.3,91.36 1 0
github.com/etcd-monitor/taskmaster/pkg/etcdctl/wrapper.go:94.2,94.21 1 0
github.com/etcd-monitor/taskmaster/pkg/etcdctl/wrapper.go:106.81,112.37 4 1
github.com/etcd-monitor/taskmaster/pkg/etcdctl/wrapper.go:112.37,114.17 2 0
github.com/etcd-monitor/taskmaster/pkg/etcdctl/wrapper.go:114.17,118.12 2 0
github.com/etcd-monitor/taskmaster/pkg/etcdctl/wrapper.go:121.3,132.36 2 0
github.com/etcd-monitor/taskmaster/pkg/etcdctl/wrapper.go:135.2,135.21 1 0
github.com/etcd-monitor/taskmaster/pkg/etcdctl/wrapper.go:151.126,154.2 2 1
github.com/etcd-monitor/taskmaster/pkg/etcdctl/wrapper.go:157.74,165.2 5 1
github.com/etcd-monitor/taskmaster/pkg/etcdctl/wrapper.go:168.72,173.25 3 1
github.com/etcd-monitor/taskmaster/pkg/etcdctl/wrapper.go:173.25,175.3 1 0
github.com/etcd-monitor/taskmaster/pkg/etcdctl/wrapper.go:180.2,180.72 1 0
github.com/etcd-monitor/taskmaster/pkg/etcdctl/wrapper.go:184.83,187.2 2 1
github.com/etcd-monitor/taskmaster/pkg/etcdctl/wrapper.go:190.114,195.2 2 1
github.com/etcd-monitor/taskmaster/pkg/etcdctl/wrapper.go:198.95,201.2 2 1
github.com/etcd-monitor/taskmaster/pkg/etcdctl/wrapper.go:204.112,207.2 2 1
github.com/etcd-monitor/taskmaster/pkg/etcdctl/wrapper.go:210.125,213.2 2 1
github.com/etcd-monitor/taskmaster/pkg/etcdctl/wrapper.go:216.150,219.2 2 1
github.com/etcd-monitor/taskmaster/pkg/etcdctl/wrapper.go:222.65,225.2 2 1
github.com/etcd-monitor/taskmaster/pkg/etcdctl/wrapper.go:228.100,231.2 2 1
github.com/etcd-monitor/taskmaster/pkg/etcdctl/wrapper.go:234.106,237.2 2 1
github.com/etcd-monitor/taskmaster/pkg/etcdctl/wrapper.go:240.99,243.2 2 1
github.com/etcd-monitor/taskmaster/pkg/etcdctl/wrapper.go:246.129,251.2 2 1
github.com/etcd-monitor/taskmaster/pkg/etcdctl/wrapper.go:254.101,263.16 7 1
github.com/etcd-monitor/taskmaster/pkg/etcdctl/wrapper.go:263.16,265.3 1 0
github.com/etcd-monitor/taskmaster/pkg/etcdctl/wrapper.go:267.2,267.28 1 0
github.com/etcd-monitor/taskmaster/pkg/etcdctl/wrapper.go:271.107,272.17 1 4
github.com/etcd-monitor/taskmaster/pkg/etcdctl/wrapper.go:273.13,274.20 1 2
github.com/etcd-monitor/taskmaster/pkg/etcdctl/wrapper.go:274.20,276.4 1 1
github.com/etcd-monitor/taskmaster/pkg/etcdctl/wrapper.go:277.3,277.38 1 1
github.com/etcd-monitor/taskmaster/pkg/etcdctl/wrapper.go:279.13,280.20 1 1
github.com/etcd-monitor/taskmaster/pkg/etcdctl/wrapper.go:280.20,282.4 1 0
github.com/etcd-monitor/taskmaster/pkg/etcdctl/wrapper.go:283.3,283.29 1 1
github.com/etcd-monitor/taskmaster/pkg/etcdctl/wrapper.go:285.23,286.20 1 0
github.com/etcd-monitor/taskmaster/pkg/etcdctl/wrapper.go:286.20,288.4 1 0
github.com/etcd-monitor/taskmaster/pkg/etcdctl/wrapper.go:289.3,289.32 1 0
github.com/etcd-monitor/taskmaster/pkg/etcdctl/wrapper.go:291.21,292.27 1 0
github.com/etcd-monitor/taskmaster/pkg/etcdctl/wrapper.go:294.25,295.31 1 0
github.com/etcd-monitor/taskmaster/pkg/etcdctl/wrapper.go:297.25,298.31 1 0
github.com/etcd-monitor/taskmaster/pkg/etcdctl/wrapper.go:300.20,301.26 1 0
github.com/etcd-monitor/taskmaster/pkg/etcdctl/wrapper.go:303.17,304.20 1 0
github.com/etcd-monitor/taskmaster/pkg/etcdctl/wrapper.go:304.20,306.4 1 0
github.com/etcd-monitor/taskmaster/pkg/etcdctl/wrapper.go:307.3,309.29 3 0
github.com/etcd-monitor/taskmaster/pkg/etcdctl/wrapper.go:311.10,312.57 1 1
github.com/etcd-monitor/taskmaster/pkg/controllers/util/util.go:45.65,48.2 1 0
github.com/etcd-monitor/taskmaster/pkg/controllers/util/util.go:50.89,53.2 1 0
github.com/etcd-monitor/taskmaster/pkg/controllers/util/util.go:55.114,58.2 1 0
github.com/etcd-monitor/taskmaster/pkg/controllers/util/util.go:60.154,63.2 1 0
github.com/etcd-monitor/taskmaster/pkg/controllers/util/util.go:71.62,76.2 2 4
github.com/etcd-monitor/taskmaster/pkg/controllers/util/util.go:82.64,84.16 2 0
github.com/etcd-monitor/taskmaster/pkg/controllers/util/util.go:84.16,85.13 1 0
github.com/etcd-monitor/taskmaster/pkg/controllers/util/util.go:87.2,87.12 1 0
github.com/etcd-monitor/taskmaster/pkg/controllers/util/util.go:90.65,92.2 1 0
github.com/etcd-monitor/taskmaster/pkg/controllers/util/util.go:94.70,96.2 1 0
github.com/etcd-monitor/taskmaster/pkg/signals/signal.go:17.52,23.12 5 1
github.com/etcd-monitor/taskmaster/pkg/signals/signal.go:23.12,28.3 4 1
github.com/etcd-monitor/taskmaster/pkg/signals/signal.go:30.2,30.13 1 1
github.com/etcd-monitor/taskmaster/pkg/k8s/client.go:17.63,20.22 3 4
github.com/etcd-monitor/taskmaster/pkg/k8s/client.go:20.22,22.17 2 3
github.com/etcd-monitor/taskmaster/pkg/k8s/client.go:22.17,24.4 1 3
github.com/etcd-monitor/taskmaster/pkg/k8s/client.go:25.8,27.17 2 1
github.com/etcd-monitor/taskmaster/pkg/k8s/client.go:27.17,29.4 1 1
github.com/etcd-monitor/taskmaster/pkg/k8s/client.go:31.2,31.17 1 0
github.com/etcd-monitor/taskmaster/pkg/k8s/client.go:41.3,43.16 2 7
github.com/etcd-monitor/taskmaster/pkg/k8s/client.go:43.16,46.3 2 0
github.com/etcd-monitor/taskmaster/pkg/k8s/client.go:48.2,49.16 2 6
github.com/etcd-monitor/taskmaster/pkg/k8s/client.go:49.16,52.3 2 0
github.com/etcd-monitor/taskmaster/pkg/k8s/client.go:54.2,57.81 3 6
