mode: atomic
github.com/etcd-monitor/taskmaster/pkg/benchmark/benchmark.go:71.85,77.2 1 2
github.com/etcd-monitor/taskmaster/pkg/benchmark/benchmark.go:80.60,81.21 1 1
github.com/etcd-monitor/taskmaster/pkg/benchmark/benchmark.go:81.21,83.3 1 1
github.com/etcd-monitor/taskmaster/pkg/benchmark/benchmark.go:85.2,100.23 4 0
github.com/etcd-monitor/taskmaster/pkg/benchmark/benchmark.go:101.26,102.41 1 0
github.com/etcd-monitor/taskmaster/pkg/benchmark/benchmark.go:103.25,104.40 1 0
github.com/etcd-monitor/taskmaster/pkg/benchmark/benchmark.go:105.26,106.41 1 0
github.com/etcd-monitor/taskmaster/pkg/benchmark/benchmark.go:107.10,108.74 1 0
github.com/etcd-monitor/taskmaster/pkg/benchmark/benchmark.go:111.2,111.16 1 0
github.com/etcd-monitor/taskmaster/pkg/benchmark/benchmark.go:111.16,113.3 1 0
github.com/etcd-monitor/taskmaster/pkg/benchmark/benchmark.go:115.2,118.20 3 0
github.com/etcd-monitor/taskmaster/pkg/benchmark/benchmark.go:122.79,133.53 2 0
github.com/etcd-monitor/taskmaster/pkg/benchmark/benchmark.go:133.53,134.56 1 0
github.com/etcd-monitor/taskmaster/pkg/benchmark/benchmark.go:134.56,136.26 2 0
github.com/etcd-monitor/taskmaster/pkg/benchmark/benchmark.go:136.26,139.39 2 0
github.com/etcd-monitor/taskmaster/pkg/benchmark/benchmark.go:139.39,147.20 6 0
github.com/etcd-monitor/taskmaster/pkg/benchmark/benchmark.go:147.20,150.7 2 0
github.com/etcd-monitor/taskmaster/pkg/benchmark/benchmark.go:150.12,155.7 4 0
github.com/etcd-monitor/taskmaster/pkg/benchmark/benchmark.go:158.6,158.32 1 0
github.com/etcd-monitor/taskmaster/pkg/benchmark/benchmark.go:158.32,160.7 1 0
github.com/etcd-monitor/taskmaster/pkg/benchmark/benchmark.go:166.2,174.12 6 0
github.com/etcd-monitor/taskmaster/pkg/benchmark/benchmark.go:178.78,183.31 3 0
github.com/etcd-monitor/taskmaster/pkg/benchmark/benchmark.go:183.31,187.17 4 0
github.com/etcd-monitor/taskmaster/pkg/benchmark/benchmark.go:187.17,189.4 1 0
github.com/etcd-monitor/taskmaster/pkg/benchmark/benchmark.go:193.2,202.53 2 0
github.com/etcd-monitor/taskmaster/pkg/benchmark/benchmark.go:202.53,203.56 1 0
github.com/etcd-monitor/taskmaster/pkg/benchmark/benchmark.go:203.56,205.14 2 0
github.com/etcd-monitor/taskmaster/pkg/benchmark/benchmark.go:205.14,208.39 2 0
github.com/etcd-monitor/taskmaster/pkg/benchmark/benchmark.go:208.39,217.20 6 0
github.com/etcd-monitor/taskmaster/pkg/benchmark/benchmark.go:217.20,219.7 1 0
github.com/etcd-monitor/taskmaster/pkg/benchmark/benchmark.go:219.12,224.7 4 0
github.com/etcd-monitor/taskmaster/pkg/benchmark/benchmark.go:227.6,227.32 1 0
github.com/etcd-monitor/taskmaster/pkg/benchmark/benchmark.go:227.32,229.7 1 0
github.com/etcd-monitor/taskmaster/pkg/benchmark/benchmark.go:235.2,247.12 8 0
github.com/etcd-monitor/taskmaster/pkg/benchmark/benchmark.go:251.79,264.53 3 0
github.com/etcd-monitor/taskmaster/pkg/benchmark/benchmark.go:264.53,265.56 1 0
github.com/etcd-monitor/taskmaster/pkg/benchmark/benchmark.go:265.56,267.26 2 0
github.com/etcd-monitor/taskmaster/pkg/benchmark/benchmark.go:267.26,270.39 2 0
github.com/etcd-monitor/taskmaster/pkg/benchmark/benchmark.go:270.39,277.36 4 0
github.com/etcd-monitor/taskmaster/pkg/benchmark/benchmark.go:277.36,279.7 1 0
github.com/etcd-monitor/taskmaster/pkg/benchmark/benchmark.go:279.12,282.7 2 0
github.com/etcd-monitor/taskmaster/pkg/benchmark/benchmark.go:284.6,286.20 2 0
github.com/etcd-monitor/taskmaster/pkg/benchmark/benchmark.go:286.20,288.7 1 0
github.com/etcd-monitor/taskmaster/pkg/benchmark/benchmark.go:288.12,293.7 4 0
github.com/etcd-monitor/taskmaster/pkg/benchmark/benchmark.go:296.6,296.32 1 0
github.com/etcd-monitor/taskmaster/pkg/benchmark/benchmark.go:296.32,298.7 1 0
github.com/etcd-monitor/taskmaster/pkg/benchmark/benchmark.go:304.2,315.12 7 0
github.com/etcd-monitor/taskmaster/pkg/benchmark/benchmark.go:319.77,320.25 1 0
github.com/etcd-monitor/taskmaster/pkg/benchmark/benchmark.go:320.25,322.3 1 0
github.com/etcd-monitor/taskmaster/pkg/benchmark/benchmark.go:324.2,335.32 8 0
github.com/etcd-monitor/taskmaster/pkg/benchmark/benchmark.go:335.32,337.3 1 0
github.com/etcd-monitor/taskmaster/pkg/benchmark/benchmark.go:338.2,344.32 3 0
github.com/etcd-monitor/taskmaster/pkg/benchmark/benchmark.go:344.32,347.3 2 0
github.com/etcd-monitor/taskmaster/pkg/benchmark/benchmark.go:351.54,352.22 1 4
github.com/etcd-monitor/taskmaster/pkg/benchmark/benchmark.go:352.22,354.3 1 1
github.com/etcd-monitor/taskmaster/pkg/benchmark/benchmark.go:355.2,356.15 2 3
github.com/etcd-monitor/taskmaster/pkg/benchmark/benchmark.go:356.15,358.3 1 0
github.com/etcd-monitor/taskmaster/pkg/benchmark/benchmark.go:359.2,359.26 1 3
github.com/etcd-monitor/taskmaster/pkg/benchmark/benchmark.go:359.26,361.3 1 0
github.com/etcd-monitor/taskmaster/pkg/benchmark/benchmark.go:362.2,362.22 1 3
github.com/etcd-monitor/taskmaster/pkg/benchmark/benchmark.go:366.47,367.9 1 7
github.com/etcd-monitor/taskmaster/pkg/benchmark/benchmark.go:368.19,369.16 1 1
github.com/etcd-monitor/taskmaster/pkg/benchmark/benchmark.go:370.19,371.17 1 1
github.com/etcd-monitor/taskmaster/pkg/benchmark/benchmark.go:372.20,373.18 1 1
github.com/etcd-monitor/taskmaster/pkg/benchmark/benchmark.go:374.20,375.19 1 1
github.com/etcd-monitor/taskmaster/pkg/benchmark/benchmark.go:376.21,377.20 1 1
github.com/etcd-monitor/taskmaster/pkg/benchmark/benchmark.go:378.21,379.21 1 1
github.com/etcd-monitor/taskmaster/pkg/benchmark/benchmark.go:380.10,381.18 1 1
github.com/etcd-monitor/taskmaster/pkg/benchmark/benchmark.go:386.46,389.19 3 2
github.com/etcd-monitor/taskmaster/pkg/benchmark/benchmark.go:389.19,391.3 1 20
github.com/etcd-monitor/taskmaster/pkg/benchmark/benchmark.go:392.2,392.18 1 2
github.com/etcd-monitor/taskmaster/pkg/benchmark/benchmark.go:396.54,408.2 1 1
github.com/etcd-monitor/taskmaster/pkg/api/prometheus.go:58.108,71.2 4 0
github.com/etcd-monitor/taskmaster/pkg/api/prometheus.go:74.49,278.2 26 0
github.com/etcd-monitor/taskmaster/pkg/api/prometheus.go:281.48,285.21 3 0
github.com/etcd-monitor/taskmaster/pkg/api/prometheus.go:285.21,287.3 1 0
github.com/etcd-monitor/taskmaster/pkg/api/prometheus.go:291.47,294.16 2 0
github.com/etcd-monitor/taskmaster/pkg/api/prometheus.go:294.16,297.3 2 0
github.com/etcd-monitor/taskmaster/pkg/api/prometheus.go:300.2,300.20 1 0
github.com/etcd-monitor/taskmaster/pkg/api/prometheus.go:300.20,302.3 1 0
github.com/etcd-monitor/taskmaster/pkg/api/prometheus.go:302.8,304.3 1 0
github.com/etcd-monitor/taskmaster/pkg/api/prometheus.go:306.2,306.22 1 0
github.com/etcd-monitor/taskmaster/pkg/api/prometheus.go:306.22,308.3 1 0
github.com/etcd-monitor/taskmaster/pkg/api/prometheus.go:308.8,310.3 1 0
github.com/etcd-monitor/taskmaster/pkg/api/prometheus.go:312.2,318.16 5 0
github.com/etcd-monitor/taskmaster/pkg/api/prometheus.go:318.16,321.3 2 0
github.com/etcd-monitor/taskmaster/pkg/api/prometheus.go:324.2,350.53 19 0
github.com/etcd-monitor/taskmaster/pkg/api/prometheus.go:354.54,356.2 1 0
github.com/etcd-monitor/taskmaster/pkg/api/prometheus.go:359.66,362.2 2 0
github.com/etcd-monitor/taskmaster/pkg/api/prometheus.go:365.58,367.16 2 0
github.com/etcd-monitor/taskmaster/pkg/api/prometheus.go:367.16,369.3 1 0
github.com/etcd-monitor/taskmaster/pkg/api/prometheus.go:371.2,372.16 2 0
github.com/etcd-monitor/taskmaster/pkg/api/prometheus.go:372.16,374.3 1 0
github.com/etcd-monitor/taskmaster/pkg/api/prometheus.go:376.2,418.16 2 0
github.com/etcd-monitor/taskmaster/pkg/api/server.go:32.100,49.2 4 13
github.com/etcd-monitor/taskmaster/pkg/api/server.go:52.32,76.2 12 13
github.com/etcd-monitor/taskmaster/pkg/api/server.go:79.32,82.2 2 0
github.com/etcd-monitor/taskmaster/pkg/api/server.go:85.50,88.2 2 0
github.com/etcd-monitor/taskmaster/pkg/api/server.go:91.71,99.2 2 4
github.com/etcd-monitor/taskmaster/pkg/api/server.go:102.78,104.16 2 1
github.com/etcd-monitor/taskmaster/pkg/api/server.go:104.16,107.3 2 1
github.com/etcd-monitor/taskmaster/pkg/api/server.go:109.2,109.39 1 0
github.com/etcd-monitor/taskmaster/pkg/api/server.go:113.79,118.16 3 0
github.com/etcd-monitor/taskmaster/pkg/api/server.go:118.16,121.3 2 0
github.com/etcd-monitor/taskmaster/pkg/api/server.go:124.2,125.26 2 0
github.com/etcd-monitor/taskmaster/pkg/api/server.go:125.26,128.3 2 0
github.com/etcd-monitor/taskmaster/pkg/api/server.go:131.2,132.16 2 0
github.com/etcd-monitor/taskmaster/pkg/api/server.go:132.16,135.3 2 0
github.com/etcd-monitor/taskmaster/pkg/api/server.go:137.2,144.41 2 0
github.com/etcd-monitor/taskmaster/pkg/api/server.go:148.78,150.16 2 0
github.com/etcd-monitor/taskmaster/pkg/api/server.go:150.16,153.3 2 0
github.com/etcd-monitor/taskmaster/pkg/api/server.go:155.2,161.41 2 0
github.com/etcd-monitor/taskmaster/pkg/api/server.go:165.79,167.16 2 1
github.com/etcd-monitor/taskmaster/pkg/api/server.go:167.16,170.3 2 1
github.com/etcd-monitor/taskmaster/pkg/api/server.go:172.2,172.40 1 0
github.com/etcd-monitor/taskmaster/pkg/api/server.go:176.79,186.2 2 0
github.com/etcd-monitor/taskmaster/pkg/api/server.go:189.79,191.16 2 0
github.com/etcd-monitor/taskmaster/pkg/api/server.go:191.16,194.3 2 0
github.com/etcd-monitor/taskmaster/pkg/api/server.go:196.2,210.41 2 0
github.com/etcd-monitor/taskmaster/pkg/api/server.go:214.71,216.25 2 0
github.com/etcd-monitor/taskmaster/pkg/api/server.go:216.25,219.3 2 0
github.com/etcd-monitor/taskmaster/pkg/api/server.go:222.2,230.41 3 0
github.com/etcd-monitor/taskmaster/pkg/api/server.go:234.77,236.25 2 0
github.com/etcd-monitor/taskmaster/pkg/api/server.go:236.25,239.3 2 0
github.com/etcd-monitor/taskmaster/pkg/api/server.go:246.2,254.41 3 0
github.com/etcd-monitor/taskmaster/pkg/api/server.go:258.74,263.65 2 0
github.com/etcd-monitor/taskmaster/pkg/api/server.go:263.65,266.3 2 0
github.com/etcd-monitor/taskmaster/pkg/api/server.go:268.2,268.29 1 0
github.com/etcd-monitor/taskmaster/pkg/api/server.go:268.29,270.3 1 0
github.com/etcd-monitor/taskmaster/pkg/api/server.go:272.2,276.53 2 0
github.com/etcd-monitor/taskmaster/pkg/api/server.go:280.81,284.56 3 6
github.com/etcd-monitor/taskmaster/pkg/api/server.go:284.56,286.3 1 0
github.com/etcd-monitor/taskmaster/pkg/api/server.go:290.91,298.16 3 2
github.com/etcd-monitor/taskmaster/pkg/api/server.go:298.16,300.3 1 2
github.com/etcd-monitor/taskmaster/pkg/api/server.go:302.2,302.34 1 2
github.com/etcd-monitor/taskmaster/pkg/api/server.go:306.68,307.71 1 7
github.com/etcd-monitor/taskmaster/pkg/api/server.go:307.71,323.3 5 7
github.com/etcd-monitor/taskmaster/pkg/api/server.go:327.65,328.71 1 7
github.com/etcd-monitor/taskmaster/pkg/api/server.go:328.71,333.28 4 7
github.com/etcd-monitor/taskmaster/pkg/api/server.go:333.28,336.4 2 0
github.com/etcd-monitor/taskmaster/pkg/api/server.go:338.3,338.23 1 7
github.com/etcd-monitor/taskmaster/pkg/api/server.go:348.49,351.2 2 7
github.com/etcd-monitor/taskmaster/pkg/etcdctl/wrapper.go:20.71,25.2 1 31
github.com/etcd-monitor/taskmaster/pkg/etcdctl/wrapper.go:28.121,31.2 2 3
github.com/etcd-monitor/taskmaster/pkg/etcdctl/wrapper.go:34.114,37.2 2 2
github.com/etcd-monitor/taskmaster/pkg/etcdctl/wrapper.go:40.120,43.2 2 1
github.com/etcd-monitor/taskmaster/pkg/etcdctl/wrapper.go:46.104,49.2 2 1
github.com/etcd-monitor/taskmaster/pkg/etcdctl/wrapper.go:52.89,55.2 2 1
github.com/etcd-monitor/taskmaster/pkg/etcdctl/wrapper.go:58.106,61.2 2 1
github.com/etcd-monitor/taskmaster/pkg/etcdctl/wrapper.go:64.110,67.2 2 1
github.com/etcd-monitor/taskmaster/pkg/etcdctl/wrapper.go:70.81,76.37 4 1
github.com/etcd-monitor/taskmaster/pkg/etcdctl/wrapper.go:76.37,87.17 5 0
github.com/etcd-monitor/taskmaster/pkg/etcdctl/wrapper.go:87.17,89.4 1 0
github.com/etcd-monitor/taskmaster/pkg/etcdctl/wrapper.go:91.3,91.36 1 0
github.com/etcd-monitor/taskmaster/pkg/etcdctl/wrapper.go:94.2,94.21 1 0
github.com/etcd-monitor/taskmaster/pkg/etcdctl/wrapper.go:106.81,112.37 4 1
github.com/etcd-monitor/taskmaster/pkg/etcdctl/wrapper.go:112.37,114.17 2 0
github.com/etcd-monitor/taskmaster/pkg/etcdctl/wrapper.go:114.17,118.12 2 0
github.com/etcd-monitor/taskmaster/pkg/etcdctl/wrapper.go:121.3,132.36 2 0
github.com/etcd-monitor/taskmaster/pkg/etcdctl/wrapper.go:135.2,135.21 1 0
github.com/etcd-monitor/taskmaster/pkg/etcdctl/wrapper.go:151.126,154.2 2 1
github.com/etcd-monitor/taskmaster/pkg/etcdctl/wrapper.go:157.74,165.2 5 1
github.com/etcd-monitor/taskmaster/pkg/etcdctl/wrapper.go:168.72,173.25 3 1
github.com/etcd-monitor/taskmaster/pkg/etcdctl/wrapper.go:173.25,175.3 1 0
github.com/etcd-monitor/taskmaster/pkg/etcdctl/wrapper.go:180.2,180.72 1 0
github.com/etcd-monitor/taskmaster/pkg/etcdctl/wrapper.go:184.83,187.2 2 1
github.com/etcd-monitor/taskmaster/pkg/etcdctl/wrapper.go:190.114,195.2 2 1
github.com/etcd-monitor/taskmaster/pkg/etcdctl/wrapper.go:198.95,201.2 2 1
github.com/etcd-monitor/taskmaster/pkg/etcdctl/wrapper.go:204.112,207.2 2 1
github.com/etcd-monitor/taskmaster/pkg/etcdctl/wrapper.go:210.125,213.2 2 1
github.com/etcd-monitor/taskmaster/pkg/etcdctl/wrapper.go:216.150,219.2 2 1
github.com/etcd-monitor/taskmaster/pkg/etcdctl/wrapper.go:222.65,225.2 2 1
github.com/etcd-monitor/taskmaster/pkg/etcdctl/wrapper.go:228.100,231.2 2 1
github.com/etcd-monitor/taskmaster/pkg/etcdctl/wrapper.go:234.106,237.2 2 1
github.com/etcd-monitor/taskmaster/pkg/etcdctl/wrapper.go:240.99,243.2 2 1
github.com/etcd-monitor/taskmaster/pkg/etcdctl/wrapper.go:246.129,251.2 2 1
github.com/etcd-monitor/taskmaster/pkg/etcdctl/wrapper.go:254.101,263.16 7 1
github.com/etcd-monitor/taskmaster/pkg/etcdctl/wrapper.go:263.16,265.3 1 0
github.com/etcd-monitor/taskmaster/pkg/etcdctl/wrapper.go:267.2,267.28 1 0
github.com/etcd-monitor/taskmaster/pkg/etcdctl/wrapper.go:271.107,272.17 1 4
github.com/etcd-monitor/taskmaster/pkg/etcdctl/wrapper.go:273.13,274.20 1 2
github.com/etcd-monitor/taskmaster/pkg/etcdctl/wrapper.go:274.20,276.4 1 1
github.com/etcd-monitor/taskmaster/pkg/etcdctl/wrapper.go:277.3,277.38 1 1
github.com/etcd-monitor/taskmaster/pkg/etcdctl/wrapper.go:279.13,280.20 1 1
github.com/etcd-monitor/taskmaster/pkg/etcdctl/wrapper.go:280.20,282.4 1 0
github.com/etcd-monitor/taskmaster/pkg/etcdctl/wrapper.go:283.3,283.29 1 1
github.com/etcd-monitor/taskmaster/pkg/etcdctl/wrapper.go:285.23,286.20 1 0
github.com/etcd-monitor/taskmaster/pkg/etcdctl/wrapper.go:286.20,288.4 1 0
github.com/etcd-monitor/taskmaster/pkg/etcdctl/wrapper.go:289.3,289.32 1 0
github.com/etcd-monitor/taskmaster/pkg/etcdctl/wrapper.go:291.21,292.27 1 0
github.com/etcd-monitor/taskmaster/pkg/etcdctl/wrapper.go:294.25,295.31 1 0
github.com/etcd-monitor/taskmaster/pkg/etcdctl/wrapper.go:297.25,298.31 1 0
github.com/etcd-monitor/taskmaster/pkg/etcdctl/wrapper.go:300.20,301.26 1 0
github.com/etcd-monitor/taskmaster/pkg/etcdctl/wrapper.go:303.17,304.20 1 0
github.com/etcd-monitor/taskmaster/pkg/etcdctl/wrapper.go:304.20,306.4 1 0
github.com/etcd-monitor/taskmaster/pkg/etcdctl/wrapper.go:307.3,309.29 3 0
github.com/etcd-monitor/taskmaster/pkg/etcdctl/wrapper.go:311.10,312.57 1 1
github.com/etcd-monitor/taskmaster/pkg/examples/examples.go:15.82,23.16 3 0
github.com/etcd-monitor/taskmaster/pkg/examples/examples.go:23.16,25.3 1 0
github.com/etcd-monitor/taskmaster/pkg/examples/examples.go:26.2,31.39 3 0
github.com/etcd-monitor/taskmaster/pkg/examples/examples.go:31.39,33.3 1 0
github.com/etcd-monitor/taskmaster/pkg/examples/examples.go:35.2,41.41 3 0
github.com/etcd-monitor/taskmaster/pkg/examples/examples.go:41.41,43.3 1 0
github.com/etcd-monitor/taskmaster/pkg/examples/examples.go:45.2,48.40 2 0
github.com/etcd-monitor/taskmaster/pkg/examples/examples.go:48.40,52.3 3 0
github.com/etcd-monitor/taskmaster/pkg/examples/examples.go:54.2,54.12 1 0
github.com/etcd-monitor/taskmaster/pkg/examples/examples.go:58.83,63.16 3 0
github.com/etcd-monitor/taskmaster/pkg/examples/examples.go:63.16,65.3 1 0
github.com/etcd-monitor/taskmaster/pkg/examples/examples.go:66.2,82.56 4 0
github.com/etcd-monitor/taskmaster/pkg/examples/examples.go:82.56,84.3 1 0
github.com/etcd-monitor/taskmaster/pkg/examples/examples.go:86.2,90.16 3 0
github.com/etcd-monitor/taskmaster/pkg/examples/examples.go:90.16,92.3 1 0
github.com/etcd-monitor/taskmaster/pkg/examples/examples.go:94.2,95.31 2 0
github.com/etcd-monitor/taskmaster/pkg/examples/examples.go:95.31,99.3 1 0
github.com/etcd-monitor/taskmaster/pkg/examples/examples.go:102.2,102.76 1 0
github.com/etcd-monitor/taskmaster/pkg/examples/examples.go:102.76,106.3 1 0
github.com/etcd-monitor/taskmaster/pkg/examples/examples.go:108.2,108.12 1 0
github.com/etcd-monitor/taskmaster/pkg/examples/examples.go:112.80,116.16 3 0
github.com/etcd-monitor/taskmaster/pkg/examples/examples.go:116.16,118.3 1 0
github.com/etcd-monitor/taskmaster/pkg/examples/examples.go:119.2,124.26 3 0
github.com/etcd-monitor/taskmaster/pkg/examples/examples.go:124.26,131.57 2 0
github.com/etcd-monitor/taskmaster/pkg/examples/examples.go:131.57,133.4 1 0
github.com/etcd-monitor/taskmaster/pkg/examples/examples.go:137.2,140.25 2 0
github.com/etcd-monitor/taskmaster/pkg/examples/examples.go:140.25,142.17 2 0
github.com/etcd-monitor/taskmaster/pkg/examples/examples.go:142.17,144.4 1 0
github.com/etcd-monitor/taskmaster/pkg/examples/examples.go:145.3,148.79 1 0
github.com/etcd-monitor/taskmaster/pkg/examples/examples.go:151.2,151.12 1 0
github.com/etcd-monitor/taskmaster/pkg/examples/examples.go:155.90,164.73 4 0
github.com/etcd-monitor/taskmaster/pkg/examples/examples.go:164.73,166.3 1 0
github.com/etcd-monitor/taskmaster/pkg/examples/examples.go:167.2,167.66 1 0
github.com/etcd-monitor/taskmaster/pkg/examples/examples.go:167.66,169.3 1 0
github.com/etcd-monitor/taskmaster/pkg/examples/examples.go:170.2,170.62 1 0
github.com/etcd-monitor/taskmaster/pkg/examples/examples.go:170.62,172.3 1 0
github.com/etcd-monitor/taskmaster/pkg/examples/examples.go:174.2,178.16 3 0
github.com/etcd-monitor/taskmaster/pkg/examples/examples.go:178.16,180.3 1 0
github.com/etcd-monitor/taskmaster/pkg/examples/examples.go:181.2,184.16 3 0
github.com/etcd-monitor/taskmaster/pkg/examples/examples.go:184.16,186.3 1 0
github.com/etcd-monitor/taskmaster/pkg/examples/examples.go:187.2,190.87 2 0
github.com/etcd-monitor/taskmaster/pkg/examples/examples.go:190.87,195.3 1 0
github.com/etcd-monitor/taskmaster/pkg/examples/examples.go:198.2,199.16 2 0
github.com/etcd-monitor/taskmaster/pkg/examples/examples.go:199.16,201.3 1 0
github.com/etcd-monitor/taskmaster/pkg/examples/examples.go:203.2,204.37 2 0
github.com/etcd-monitor/taskmaster/pkg/examples/examples.go:204.37,206.3 1 0
github.com/etcd-monitor/taskmaster/pkg/examples/examples.go:208.2,208.12 1 0
github.com/etcd-monitor/taskmaster/pkg/examples/examples.go:212.79,221.59 5 0
github.com/etcd-monitor/taskmaster/pkg/examples/examples.go:221.59,223.3 1 0
github.com/etcd-monitor/taskmaster/pkg/examples/examples.go:224.2,224.61 1 0
github.com/etcd-monitor/taskmaster/pkg/examples/examples.go:224.61,226.3 1 0
github.com/etcd-monitor/taskmaster/pkg/examples/examples.go:227.2,227.64 1 0
github.com/etcd-monitor/taskmaster/pkg/examples/examples.go:227.64,229.3 1 0
github.com/etcd-monitor/taskmaster/pkg/examples/examples.go:231.2,235.16 3 0
github.com/etcd-monitor/taskmaster/pkg/examples/examples.go:235.16,237.3 1 0
github.com/etcd-monitor/taskmaster/pkg/examples/examples.go:239.2,239.18 1 0
github.com/etcd-monitor/taskmaster/pkg/examples/examples.go:239.18,241.3 1 0
github.com/etcd-monitor/taskmaster/pkg/examples/examples.go:241.8,243.3 1 0
github.com/etcd-monitor/taskmaster/pkg/examples/examples.go:246.2,247.16 2 0
github.com/etcd-monitor/taskmaster/pkg/examples/examples.go:247.16,249.3 1 0
github.com/etcd-monitor/taskmaster/pkg/examples/examples.go:251.2,252.38 2 0
github.com/etcd-monitor/taskmaster/pkg/examples/examples.go:252.38,254.3 1 0
github.com/etcd-monitor/taskmaster/pkg/examples/examples.go:256.2,256.12 1 0
github.com/etcd-monitor/taskmaster/pkg/examples/examples.go:260.96,265.16 3 0
github.com/etcd-monitor/taskmaster/pkg/examples/examples.go:265.16,267.3 1 0
github.com/etcd-monitor/taskmaster/pkg/examples/examples.go:268.2,274.28 4 0
github.com/etcd-monitor/taskmaster/pkg/examples/examples.go:274.28,276.3 1 0
github.com/etcd-monitor/taskmaster/pkg/examples/examples.go:278.2,278.27 1 0
github.com/etcd-monitor/taskmaster/pkg/examples/examples.go:278.27,280.3 1 0
github.com/etcd-monitor/taskmaster/pkg/examples/examples.go:283.2,283.12 1 0
github.com/etcd-monitor/taskmaster/pkg/examples/examples.go:283.12,284.48 1 0
github.com/etcd-monitor/taskmaster/pkg/examples/examples.go:284.48,286.4 1 0
github.com/etcd-monitor/taskmaster/pkg/examples/examples.go:290.2,292.9 2 0
github.com/etcd-monitor/taskmaster/pkg/examples/examples.go:293.31,294.62 1 0
github.com/etcd-monitor/taskmaster/pkg/examples/examples.go:295.20,296.19 1 0
github.com/etcd-monitor/taskmaster/pkg/examples/examples.go:299.2,299.12 1 0
github.com/etcd-monitor/taskmaster/pkg/examples/examples.go:303.92,307.16 3 0
github.com/etcd-monitor/taskmaster/pkg/examples/examples.go:307.16,309.3 1 0
github.com/etcd-monitor/taskmaster/pkg/examples/examples.go:310.2,318.35 4 0
github.com/etcd-monitor/taskmaster/pkg/examples/examples.go:318.35,322.4 2 0
github.com/etcd-monitor/taskmaster/pkg/examples/examples.go:328.2,328.12 1 0
github.com/etcd-monitor/taskmaster/pkg/examples/examples.go:328.12,329.48 1 0
github.com/etcd-monitor/taskmaster/pkg/examples/examples.go:329.48,331.4 1 0
github.com/etcd-monitor/taskmaster/pkg/examples/examples.go:335.2,341.12 4 0
github.com/etcd-monitor/taskmaster/pkg/examples/examples.go:345.78,356.16 6 0
github.com/etcd-monitor/taskmaster/pkg/examples/examples.go:356.16,358.3 1 0
github.com/etcd-monitor/taskmaster/pkg/examples/examples.go:361.2,371.16 4 0
github.com/etcd-monitor/taskmaster/pkg/examples/examples.go:371.16,373.3 1 0
github.com/etcd-monitor/taskmaster/pkg/examples/examples.go:375.2,375.20 1 0
github.com/etcd-monitor/taskmaster/pkg/examples/examples.go:375.20,377.3 1 0
github.com/etcd-monitor/taskmaster/pkg/examples/examples.go:377.8,379.3 1 0
github.com/etcd-monitor/taskmaster/pkg/examples/examples.go:382.2,394.16 4 0
github.com/etcd-monitor/taskmaster/pkg/examples/examples.go:394.16,396.3 1 0
github.com/etcd-monitor/taskmaster/pkg/examples/examples.go:398.2,398.21 1 0
github.com/etcd-monitor/taskmaster/pkg/examples/examples.go:398.21,400.3 1 0
github.com/etcd-monitor/taskmaster/pkg/examples/examples.go:400.8,402.3 1 0
github.com/etcd-monitor/taskmaster/pkg/examples/examples.go:404.2,404.12 1 0
github.com/etcd-monitor/taskmaster/pkg/examples/examples.go:408.73,415.16 4 0
github.com/etcd-monitor/taskmaster/pkg/examples/examples.go:415.16,417.3 1 0
github.com/etcd-monitor/taskmaster/pkg/examples/examples.go:419.2,424.16 4 0
github.com/etcd-monitor/taskmaster/pkg/examples/examples.go:424.16,426.3 1 0
github.com/etcd-monitor/taskmaster/pkg/examples/examples.go:428.2,432.16 3 0
github.com/etcd-monitor/taskmaster/pkg/examples/examples.go:432.16,434.3 1 0
github.com/etcd-monitor/taskmaster/pkg/examples/examples.go:437.2,437.12 1 0
github.com/etcd-monitor/taskmaster/pkg/examples/examples.go:437.12,438.33 1 0
github.com/etcd-monitor/taskmaster/pkg/examples/examples.go:438.33,440.4 1 0
github.com/etcd-monitor/taskmaster/pkg/examples/examples.go:444.2,445.16 2 0
github.com/etcd-monitor/taskmaster/pkg/examples/examples.go:445.16,447.3 1 0
github.com/etcd-monitor/taskmaster/pkg/examples/examples.go:449.2,456.16 4 0
github.com/etcd-monitor/taskmaster/pkg/examples/examples.go:456.16,458.3 1 0
github.com/etcd-monitor/taskmaster/pkg/examples/examples.go:460.2,464.16 3 0
github.com/etcd-monitor/taskmaster/pkg/examples/examples.go:464.16,466.3 1 0
github.com/etcd-monitor/taskmaster/pkg/examples/examples.go:468.2,468.27 1 0
github.com/etcd-monitor/taskmaster/pkg/examples/examples.go:468.27,470.3 1 0
github.com/etcd-monitor/taskmaster/pkg/examples/examples.go:472.2,472.12 1 0
github.com/etcd-monitor/taskmaster/pkg/examples/examples.go:476.73,485.12 5 0
github.com/etcd-monitor/taskmaster/pkg/examples/examples.go:485.12,487.36 2 0
github.com/etcd-monitor/taskmaster/pkg/examples/examples.go:487.36,488.30 1 0
github.com/etcd-monitor/taskmaster/pkg/examples/examples.go:488.30,490.13 2 0
github.com/etcd-monitor/taskmaster/pkg/examples/examples.go:493.4,493.43 1 0
github.com/etcd-monitor/taskmaster/pkg/examples/examples.go:493.43,498.5 1 0
github.com/etcd-monitor/taskmaster/pkg/examples/examples.go:503.2,513.12 8 0
github.com/etcd-monitor/taskmaster/pkg/examples/examples.go:513.12,515.37 2 0
github.com/etcd-monitor/taskmaster/pkg/examples/examples.go:515.37,516.43 1 0
github.com/etcd-monitor/taskmaster/pkg/examples/examples.go:516.43,519.5 1 0
github.com/etcd-monitor/taskmaster/pkg/examples/examples.go:523.2,525.12 2 0
github.com/etcd-monitor/taskmaster/pkg/examples/examples.go:529.99,533.16 3 0
github.com/etcd-monitor/taskmaster/pkg/examples/examples.go:533.16,535.3 1 0
github.com/etcd-monitor/taskmaster/pkg/examples/examples.go:537.2,541.45 3 0
github.com/etcd-monitor/taskmaster/pkg/examples/examples.go:541.45,546.7 4 0
github.com/etcd-monitor/taskmaster/pkg/examples/examples.go:546.7,547.11 1 0
github.com/etcd-monitor/taskmaster/pkg/examples/examples.go:548.22,549.15 1 0
github.com/etcd-monitor/taskmaster/pkg/examples/examples.go:550.20,551.48 1 0
github.com/etcd-monitor/taskmaster/pkg/examples/examples.go:556.2,556.47 1 0
github.com/etcd-monitor/taskmaster/pkg/examples/examples.go:556.47,560.3 3 0
github.com/etcd-monitor/taskmaster/pkg/examples/examples.go:563.2,565.43 2 0
github.com/etcd-monitor/taskmaster/pkg/examples/examples.go:565.43,567.3 1 0
github.com/etcd-monitor/taskmaster/pkg/examples/examples.go:570.2,571.23 2 0
github.com/etcd-monitor/taskmaster/pkg/examples/examples.go:575.66,590.35 2 0
github.com/etcd-monitor/taskmaster/pkg/examples/examples.go:590.35,592.52 2 0
github.com/etcd-monitor/taskmaster/pkg/examples/examples.go:592.52,594.4 1 0
github.com/etcd-monitor/taskmaster/pkg/examples/examples.go:595.3,595.30 1 0
github.com/etcd-monitor/taskmaster/pkg/controllers/util/util.go:45.65,48.2 1 0
github.com/etcd-monitor/taskmaster/pkg/controllers/util/util.go:50.89,53.2 1 0
github.com/etcd-monitor/taskmaster/pkg/controllers/util/util.go:55.114,58.2 1 0
github.com/etcd-monitor/taskmaster/pkg/controllers/util/util.go:60.154,63.2 1 0
github.com/etcd-monitor/taskmaster/pkg/controllers/util/util.go:71.62,76.2 2 4
github.com/etcd-monitor/taskmaster/pkg/controllers/util/util.go:82.64,84.16 2 0
github.com/etcd-monitor/taskmaster/pkg/controllers/util/util.go:84.16,85.13 1 0
github.com/etcd-monitor/taskmaster/pkg/controllers/util/util.go:87.2,87.12 1 0
github.com/etcd-monitor/taskmaster/pkg/controllers/util/util.go:90.65,92.2 1 0
github.com/etcd-monitor/taskmaster/pkg/controllers/util/util.go:94.70,96.2 1 0
github.com/etcd-monitor/taskmaster/pkg/featureprovider/plugins.go:18.66,22.51 3 0
github.com/etcd-monitor/taskmaster/pkg/featureprovider/plugins.go:22.51,24.3 1 0
github.com/etcd-monitor/taskmaster/pkg/featureprovider/plugins.go:26.2,27.38 2 0
github.com/etcd-monitor/taskmaster/pkg/featureprovider/plugins.go:31.76,37.12 5 0
github.com/etcd-monitor/taskmaster/pkg/featureprovider/plugins.go:37.12,39.3 1 0
github.com/etcd-monitor/taskmaster/pkg/featureprovider/plugins.go:40.2,40.15 1 0
github.com/etcd-monitor/taskmaster/pkg/featureprovider/plugins.go:44.37,48.44 4 0
github.com/etcd-monitor/taskmaster/pkg/featureprovider/plugins.go:48.44,50.3 1 0
github.com/etcd-monitor/taskmaster/pkg/featureprovider/plugins.go:51.2,51.17 1 0
github.com/etcd-monitor/taskmaster/pkg/clusterprovider/helper.go:15.76,17.48 2 0
github.com/etcd-monitor/taskmaster/pkg/clusterprovider/helper.go:17.48,18.38 1 0
github.com/etcd-monitor/taskmaster/pkg/clusterprovider/helper.go:18.38,20.4 1 0
github.com/etcd-monitor/taskmaster/pkg/clusterprovider/helper.go:20.9,22.4 1 0
github.com/etcd-monitor/taskmaster/pkg/clusterprovider/helper.go:24.2,24.18 1 0
github.com/etcd-monitor/taskmaster/pkg/clusterprovider/helper.go:28.95,30.32 2 0
github.com/etcd-monitor/taskmaster/pkg/clusterprovider/helper.go:30.32,32.3 1 0
github.com/etcd-monitor/taskmaster/pkg/clusterprovider/helper.go:37.2,37.29 1 0
github.com/etcd-monitor/taskmaster/pkg/clusterprovider/helper.go:41.158,47.16 3 0
github.com/etcd-monitor/taskmaster/pkg/clusterprovider/helper.go:47.16,50.3 2 0
github.com/etcd-monitor/taskmaster/pkg/clusterprovider/helper.go:51.2,54.16 3 0
github.com/etcd-monitor/taskmaster/pkg/clusterprovider/helper.go:54.16,57.3 2 0
github.com/etcd-monitor/taskmaster/pkg/clusterprovider/helper.go:60.2,61.24 2 0
github.com/etcd-monitor/taskmaster/pkg/clusterprovider/helper.go:61.24,63.17 2 0
github.com/etcd-monitor/taskmaster/pkg/clusterprovider/helper.go:63.17,65.4 1 0
github.com/etcd-monitor/taskmaster/pkg/clusterprovider/helper.go:68.2,68.31 1 0
github.com/etcd-monitor/taskmaster/pkg/clusterprovider/helper.go:68.31,70.28 2 0
github.com/etcd-monitor/taskmaster/pkg/clusterprovider/helper.go:70.28,72.4 1 0
github.com/etcd-monitor/taskmaster/pkg/clusterprovider/helper.go:74.3,81.20 2 0
github.com/etcd-monitor/taskmaster/pkg/clusterprovider/helper.go:81.20,83.4 1 0
github.com/etcd-monitor/taskmaster/pkg/clusterprovider/helper.go:85.3,85.36 1 0
github.com/etcd-monitor/taskmaster/pkg/clusterprovider/helper.go:88.2,88.21 1 0
github.com/etcd-monitor/taskmaster/pkg/clusterprovider/helper.go:92.90,96.16 3 0
github.com/etcd-monitor/taskmaster/pkg/clusterprovider/helper.go:96.16,99.3 2 0
github.com/etcd-monitor/taskmaster/pkg/clusterprovider/helper.go:100.2,104.16 4 0
github.com/etcd-monitor/taskmaster/pkg/clusterprovider/helper.go:104.16,107.3 2 0
github.com/etcd-monitor/taskmaster/pkg/clusterprovider/helper.go:109.2,109.41 1 0
github.com/etcd-monitor/taskmaster/pkg/clusterprovider/helper.go:109.41,111.22 2 0
github.com/etcd-monitor/taskmaster/pkg/clusterprovider/helper.go:112.10,113.25 1 0
github.com/etcd-monitor/taskmaster/pkg/clusterprovider/helper.go:114.10,115.25 1 0
github.com/etcd-monitor/taskmaster/pkg/clusterprovider/helper.go:118.3,121.5 1 0
github.com/etcd-monitor/taskmaster/pkg/clusterprovider/helper.go:124.2,124.20 1 0
github.com/etcd-monitor/taskmaster/pkg/clusterprovider/helper.go:128.69,129.30 1 0
github.com/etcd-monitor/taskmaster/pkg/clusterprovider/helper.go:129.30,131.3 1 0
github.com/etcd-monitor/taskmaster/pkg/clusterprovider/helper.go:134.2,134.40 1 0
github.com/etcd-monitor/taskmaster/pkg/clusterprovider/helper.go:134.40,136.3 1 0
github.com/etcd-monitor/taskmaster/pkg/clusterprovider/helper.go:137.2,137.40 1 0
github.com/etcd-monitor/taskmaster/pkg/clusterprovider/helper.go:137.40,139.3 1 0
github.com/etcd-monitor/taskmaster/pkg/clusterprovider/helper.go:141.2,141.23 1 0
github.com/etcd-monitor/taskmaster/pkg/clusterprovider/helper.go:141.23,145.45 1 0
github.com/etcd-monitor/taskmaster/pkg/clusterprovider/helper.go:145.45,147.4 1 0
github.com/etcd-monitor/taskmaster/pkg/clusterprovider/helper.go:150.2,150.13 1 0
github.com/etcd-monitor/taskmaster/pkg/clusterprovider/plugins.go:20.89,24.40 3 0
github.com/etcd-monitor/taskmaster/pkg/clusterprovider/plugins.go:24.40,26.3 1 0
github.com/etcd-monitor/taskmaster/pkg/clusterprovider/plugins.go:28.2,29.27 2 0
github.com/etcd-monitor/taskmaster/pkg/clusterprovider/plugins.go:36.20,42.12 5 0
github.com/etcd-monitor/taskmaster/pkg/clusterprovider/plugins.go:42.12,44.3 1 0
github.com/etcd-monitor/taskmaster/pkg/clusterprovider/plugins.go:45.2,45.15 1 0
github.com/etcd-monitor/taskmaster/pkg/signals/signal.go:17.52,23.12 5 1
github.com/etcd-monitor/taskmaster/pkg/signals/signal.go:23.12,28.3 4 0
github.com/etcd-monitor/taskmaster/pkg/signals/signal.go:30.2,30.13 1 1
github.com/etcd-monitor/taskmaster/pkg/monitor/alert.go:67.84,77.2 1 6
github.com/etcd-monitor/taskmaster/pkg/monitor/alert.go:80.58,85.2 4 0
github.com/etcd-monitor/taskmaster/pkg/monitor/alert.go:88.51,94.59 4 6
github.com/etcd-monitor/taskmaster/pkg/monitor/alert.go:94.59,95.44 1 1
github.com/etcd-monitor/taskmaster/pkg/monitor/alert.go:95.44,100.4 2 1
github.com/etcd-monitor/taskmaster/pkg/monitor/alert.go:104.2,105.42 2 5
github.com/etcd-monitor/taskmaster/pkg/monitor/alert.go:105.42,107.3 1 0
github.com/etcd-monitor/taskmaster/pkg/monitor/alert.go:110.2,118.38 3 5
github.com/etcd-monitor/taskmaster/pkg/monitor/alert.go:118.38,119.28 1 0
github.com/etcd-monitor/taskmaster/pkg/monitor/alert.go:119.28,120.41 1 0
github.com/etcd-monitor/taskmaster/pkg/monitor/alert.go:120.41,124.5 1 0
github.com/etcd-monitor/taskmaster/pkg/monitor/alert.go:130.51,137.2 5 3
github.com/etcd-monitor/taskmaster/pkg/monitor/alert.go:147.57,154.50 5 4
github.com/etcd-monitor/taskmaster/pkg/monitor/alert.go:154.50,156.43 1 4
github.com/etcd-monitor/taskmaster/pkg/monitor/alert.go:156.43,158.42 1 4
github.com/etcd-monitor/taskmaster/pkg/monitor/alert.go:158.42,160.24 2 5
github.com/etcd-monitor/taskmaster/pkg/monitor/alert.go:160.24,166.11 2 4
github.com/etcd-monitor/taskmaster/pkg/monitor/alert.go:172.2,172.21 1 4
github.com/etcd-monitor/taskmaster/pkg/monitor/alert.go:176.73,186.2 5 2
github.com/etcd-monitor/taskmaster/pkg/monitor/alert.go:198.39,200.2 1 0
github.com/etcd-monitor/taskmaster/pkg/monitor/alert.go:202.49,221.44 6 0
github.com/etcd-monitor/taskmaster/pkg/monitor/alert.go:221.44,223.3 1 0
github.com/etcd-monitor/taskmaster/pkg/monitor/alert.go:226.2,227.16 2 0
github.com/etcd-monitor/taskmaster/pkg/monitor/alert.go:227.16,229.3 1 0
github.com/etcd-monitor/taskmaster/pkg/monitor/alert.go:231.2,231.12 1 0
github.com/etcd-monitor/taskmaster/pkg/monitor/alert.go:234.61,236.28 2 0
github.com/etcd-monitor/taskmaster/pkg/monitor/alert.go:236.28,238.41 2 0
github.com/etcd-monitor/taskmaster/pkg/monitor/alert.go:238.41,240.4 1 0
github.com/etcd-monitor/taskmaster/pkg/monitor/alert.go:241.3,241.25 1 0
github.com/etcd-monitor/taskmaster/pkg/monitor/alert.go:244.2,245.38 2 0
github.com/etcd-monitor/taskmaster/pkg/monitor/alert.go:245.38,247.3 1 0
github.com/etcd-monitor/taskmaster/pkg/monitor/alert.go:247.8,247.46 1 0
github.com/etcd-monitor/taskmaster/pkg/monitor/alert.go:247.46,249.3 1 0
github.com/etcd-monitor/taskmaster/pkg/monitor/alert.go:251.2,282.78 1 0
github.com/etcd-monitor/taskmaster/pkg/monitor/alert.go:292.39,294.2 1 0
github.com/etcd-monitor/taskmaster/pkg/monitor/alert.go:296.49,321.16 3 0
github.com/etcd-monitor/taskmaster/pkg/monitor/alert.go:321.16,323.3 1 0
github.com/etcd-monitor/taskmaster/pkg/monitor/alert.go:325.2,326.16 2 0
github.com/etcd-monitor/taskmaster/pkg/monitor/alert.go:326.16,328.3 1 0
github.com/etcd-monitor/taskmaster/pkg/monitor/alert.go:329.2,331.38 2 0
github.com/etcd-monitor/taskmaster/pkg/monitor/alert.go:331.38,333.3 1 0
github.com/etcd-monitor/taskmaster/pkg/monitor/alert.go:335.2,335.12 1 0
github.com/etcd-monitor/taskmaster/pkg/monitor/alert.go:338.59,339.15 1 0
github.com/etcd-monitor/taskmaster/pkg/monitor/alert.go:340.26,341.18 1 0
github.com/etcd-monitor/taskmaster/pkg/monitor/alert.go:342.25,343.19 1 0
github.com/etcd-monitor/taskmaster/pkg/monitor/alert.go:344.10,345.16 1 0
github.com/etcd-monitor/taskmaster/pkg/monitor/alert.go:354.44,356.2 1 0
github.com/etcd-monitor/taskmaster/pkg/monitor/alert.go:358.54,372.16 3 0
github.com/etcd-monitor/taskmaster/pkg/monitor/alert.go:372.16,374.3 1 0
github.com/etcd-monitor/taskmaster/pkg/monitor/alert.go:376.2,379.16 2 0
github.com/etcd-monitor/taskmaster/pkg/monitor/alert.go:379.16,381.3 1 0
github.com/etcd-monitor/taskmaster/pkg/monitor/alert.go:382.2,384.80 2 0
github.com/etcd-monitor/taskmaster/pkg/monitor/alert.go:384.80,386.3 1 0
github.com/etcd-monitor/taskmaster/pkg/monitor/alert.go:388.2,388.12 1 0
github.com/etcd-monitor/taskmaster/pkg/monitor/alert.go:397.41,399.2 1 0
github.com/etcd-monitor/taskmaster/pkg/monitor/alert.go:401.51,411.16 3 0
github.com/etcd-monitor/taskmaster/pkg/monitor/alert.go:411.16,413.3 1 0
github.com/etcd-monitor/taskmaster/pkg/monitor/alert.go:415.2,416.16 2 0
github.com/etcd-monitor/taskmaster/pkg/monitor/alert.go:416.16,418.3 1 0
github.com/etcd-monitor/taskmaster/pkg/monitor/alert.go:420.2,421.37 2 0
github.com/etcd-monitor/taskmaster/pkg/monitor/alert.go:421.37,423.3 1 0
github.com/etcd-monitor/taskmaster/pkg/monitor/alert.go:425.2,427.16 3 0
github.com/etcd-monitor/taskmaster/pkg/monitor/alert.go:427.16,429.3 1 0
github.com/etcd-monitor/taskmaster/pkg/monitor/alert.go:430.2,432.53 2 0
github.com/etcd-monitor/taskmaster/pkg/monitor/alert.go:432.53,434.3 1 0
github.com/etcd-monitor/taskmaster/pkg/monitor/alert.go:436.2,436.12 1 0
github.com/etcd-monitor/taskmaster/pkg/monitor/alert.go:444.60,446.2 1 2
github.com/etcd-monitor/taskmaster/pkg/monitor/alert.go:448.41,450.2 1 0
github.com/etcd-monitor/taskmaster/pkg/monitor/alert.go:452.51,460.2 2 1
github.com/etcd-monitor/taskmaster/pkg/monitor/health.go:30.83,37.2 1 6
github.com/etcd-monitor/taskmaster/pkg/monitor/health.go:40.90,48.16 3 0
github.com/etcd-monitor/taskmaster/pkg/monitor/health.go:48.16,51.3 2 0
github.com/etcd-monitor/taskmaster/pkg/monitor/health.go:53.2,60.45 5 0
github.com/etcd-monitor/taskmaster/pkg/monitor/health.go:60.45,69.17 3 0
github.com/etcd-monitor/taskmaster/pkg/monitor/health.go:69.17,73.12 2 0
github.com/etcd-monitor/taskmaster/pkg/monitor/health.go:76.3,76.20 1 0
github.com/etcd-monitor/taskmaster/pkg/monitor/health.go:76.20,78.4 1 0
github.com/etcd-monitor/taskmaster/pkg/monitor/health.go:80.3,80.15 1 0
github.com/etcd-monitor/taskmaster/pkg/monitor/health.go:80.15,83.4 2 0
github.com/etcd-monitor/taskmaster/pkg/monitor/health.go:87.2,87.40 1 0
github.com/etcd-monitor/taskmaster/pkg/monitor/health.go:87.40,90.3 2 0
github.com/etcd-monitor/taskmaster/pkg/monitor/health.go:93.2,93.26 1 0
github.com/etcd-monitor/taskmaster/pkg/monitor/health.go:93.26,96.3 2 0
github.com/etcd-monitor/taskmaster/pkg/monitor/health.go:96.8,99.3 2 0
github.com/etcd-monitor/taskmaster/pkg/monitor/health.go:102.2,104.42 3 0
github.com/etcd-monitor/taskmaster/pkg/monitor/health.go:104.42,105.41 1 0
github.com/etcd-monitor/taskmaster/pkg/monitor/health.go:105.41,107.4 1 0
github.com/etcd-monitor/taskmaster/pkg/monitor/health.go:109.2,112.31 2 0
github.com/etcd-monitor/taskmaster/pkg/monitor/health.go:112.31,114.3 1 0
github.com/etcd-monitor/taskmaster/pkg/monitor/health.go:117.2,118.16 2 0
github.com/etcd-monitor/taskmaster/pkg/monitor/health.go:118.16,120.3 1 0
github.com/etcd-monitor/taskmaster/pkg/monitor/health.go:120.8,121.42 1 0
github.com/etcd-monitor/taskmaster/pkg/monitor/health.go:121.42,127.4 1 0
github.com/etcd-monitor/taskmaster/pkg/monitor/health.go:128.3,128.29 1 0
github.com/etcd-monitor/taskmaster/pkg/monitor/health.go:128.29,130.4 1 0
github.com/etcd-monitor/taskmaster/pkg/monitor/health.go:133.2,133.20 1 0
github.com/etcd-monitor/taskmaster/pkg/monitor/health.go:137.131,140.16 2 0
github.com/etcd-monitor/taskmaster/pkg/monitor/health.go:140.16,142.3 1 0
github.com/etcd-monitor/taskmaster/pkg/monitor/health.go:145.2,150.31 3 0
github.com/etcd-monitor/taskmaster/pkg/monitor/health.go:154.78,159.52 3 0
github.com/etcd-monitor/taskmaster/pkg/monitor/health.go:159.52,161.3 1 0
github.com/etcd-monitor/taskmaster/pkg/monitor/health.go:163.2,172.43 3 0
github.com/etcd-monitor/taskmaster/pkg/monitor/health.go:172.43,174.3 1 0
github.com/etcd-monitor/taskmaster/pkg/monitor/health.go:176.2,178.41 1 0
github.com/etcd-monitor/taskmaster/pkg/monitor/health.go:182.60,190.2 5 0
github.com/etcd-monitor/taskmaster/pkg/monitor/health.go:193.98,199.16 4 0
github.com/etcd-monitor/taskmaster/pkg/monitor/health.go:199.16,201.3 1 0
github.com/etcd-monitor/taskmaster/pkg/monitor/health.go:203.2,203.18 1 0
github.com/etcd-monitor/taskmaster/pkg/monitor/health.go:207.78,209.16 2 0
github.com/etcd-monitor/taskmaster/pkg/monitor/health.go:209.16,211.3 1 0
github.com/etcd-monitor/taskmaster/pkg/monitor/health.go:213.2,217.45 3 0
github.com/etcd-monitor/taskmaster/pkg/monitor/health.go:217.45,218.34 1 0
github.com/etcd-monitor/taskmaster/pkg/monitor/health.go:218.34,219.12 1 0
github.com/etcd-monitor/taskmaster/pkg/monitor/health.go:222.3,223.17 2 0
github.com/etcd-monitor/taskmaster/pkg/monitor/health.go:223.17,227.12 2 0
github.com/etcd-monitor/taskmaster/pkg/monitor/health.go:230.3,230.37 1 0
github.com/etcd-monitor/taskmaster/pkg/monitor/health.go:230.37,233.4 2 0
github.com/etcd-monitor/taskmaster/pkg/monitor/health.go:237.2,237.21 1 0
github.com/etcd-monitor/taskmaster/pkg/monitor/health.go:237.21,242.3 2 0
github.com/etcd-monitor/taskmaster/pkg/monitor/health.go:244.2,244.19 1 0
github.com/etcd-monitor/taskmaster/pkg/monitor/health.go:248.101,252.16 3 0
github.com/etcd-monitor/taskmaster/pkg/monitor/health.go:252.16,254.3 1 0
github.com/etcd-monitor/taskmaster/pkg/monitor/health.go:256.2,256.45 1 0
github.com/etcd-monitor/taskmaster/pkg/monitor/health.go:256.45,257.34 1 0
github.com/etcd-monitor/taskmaster/pkg/monitor/health.go:257.34,258.12 1 0
github.com/etcd-monitor/taskmaster/pkg/monitor/health.go:261.3,265.17 4 0
github.com/etcd-monitor/taskmaster/pkg/monitor/health.go:265.17,269.12 2 0
github.com/etcd-monitor/taskmaster/pkg/monitor/health.go:272.3,272.34 1 0
github.com/etcd-monitor/taskmaster/pkg/monitor/health.go:275.2,275.23 1 0
github.com/etcd-monitor/taskmaster/pkg/monitor/health.go:279.71,281.16 2 0
github.com/etcd-monitor/taskmaster/pkg/monitor/health.go:281.16,283.3 1 0
github.com/etcd-monitor/taskmaster/pkg/monitor/health.go:284.2,284.23 1 0
github.com/etcd-monitor/taskmaster/pkg/monitor/health.go:300.83,302.16 2 0
github.com/etcd-monitor/taskmaster/pkg/monitor/health.go:302.16,304.3 1 0
github.com/etcd-monitor/taskmaster/pkg/monitor/health.go:306.2,308.45 2 0
github.com/etcd-monitor/taskmaster/pkg/monitor/health.go:308.45,317.33 2 0
github.com/etcd-monitor/taskmaster/pkg/monitor/health.go:317.33,326.18 3 0
github.com/etcd-monitor/taskmaster/pkg/monitor/health.go:326.18,331.5 2 0
github.com/etcd-monitor/taskmaster/pkg/monitor/health.go:331.10,336.83 3 0
github.com/etcd-monitor/taskmaster/pkg/monitor/health.go:336.83,339.6 2 0
github.com/etcd-monitor/taskmaster/pkg/monitor/health.go:343.3,343.42 1 0
github.com/etcd-monitor/taskmaster/pkg/monitor/health.go:346.2,346.25 1 0
github.com/etcd-monitor/taskmaster/pkg/monitor/metrics.go:32.89,39.2 1 0
github.com/etcd-monitor/taskmaster/pkg/monitor/metrics.go:42.91,54.12 6 0
github.com/etcd-monitor/taskmaster/pkg/monitor/metrics.go:54.12,56.66 2 0
github.com/etcd-monitor/taskmaster/pkg/monitor/metrics.go:56.66,60.4 3 0
github.com/etcd-monitor/taskmaster/pkg/monitor/metrics.go:64.2,65.12 2 0
github.com/etcd-monitor/taskmaster/pkg/monitor/metrics.go:65.12,67.65 2 0
github.com/etcd-monitor/taskmaster/pkg/monitor/metrics.go:67.65,71.4 3 0
github.com/etcd-monitor/taskmaster/pkg/monitor/metrics.go:75.2,76.12 2 0
github.com/etcd-monitor/taskmaster/pkg/monitor/metrics.go:76.12,78.62 2 0
github.com/etcd-monitor/taskmaster/pkg/monitor/metrics.go:78.62,82.4 3 0
github.com/etcd-monitor/taskmaster/pkg/monitor/metrics.go:86.2,87.12 2 0
github.com/etcd-monitor/taskmaster/pkg/monitor/metrics.go:87.12,89.64 2 0
github.com/etcd-monitor/taskmaster/pkg/monitor/metrics.go:89.64,93.4 3 0
github.com/etcd-monitor/taskmaster/pkg/monitor/metrics.go:96.2,98.21 2 0
github.com/etcd-monitor/taskmaster/pkg/monitor/metrics.go:98.21,101.3 1 0
github.com/etcd-monitor/taskmaster/pkg/monitor/metrics.go:103.2,103.22 1 0
github.com/etcd-monitor/taskmaster/pkg/monitor/metrics.go:107.106,110.16 2 0
github.com/etcd-monitor/taskmaster/pkg/monitor/metrics.go:110.16,112.3 1 0
github.com/etcd-monitor/taskmaster/pkg/monitor/metrics.go:115.2,115.45 1 0
github.com/etcd-monitor/taskmaster/pkg/monitor/metrics.go:115.45,116.34 1 0
github.com/etcd-monitor/taskmaster/pkg/monitor/metrics.go:116.34,117.12 1 0
github.com/etcd-monitor/taskmaster/pkg/monitor/metrics.go:120.3,121.17 2 0
github.com/etcd-monitor/taskmaster/pkg/monitor/metrics.go:121.17,122.12 1 0
github.com/etcd-monitor/taskmaster/pkg/monitor/metrics.go:125.3,125.37 1 0
github.com/etcd-monitor/taskmaster/pkg/monitor/metrics.go:125.37,128.9 3 0
github.com/etcd-monitor/taskmaster/pkg/monitor/metrics.go:132.2,132.12 1 0
github.com/etcd-monitor/taskmaster/pkg/monitor/metrics.go:136.105,139.26 2 0
github.com/etcd-monitor/taskmaster/pkg/monitor/metrics.go:139.26,144.17 4 0
github.com/etcd-monitor/taskmaster/pkg/monitor/metrics.go:144.17,146.4 1 0
github.com/etcd-monitor/taskmaster/pkg/monitor/metrics.go:150.2,150.28 1 0
github.com/etcd-monitor/taskmaster/pkg/monitor/metrics.go:150.28,155.3 4 0
github.com/etcd-monitor/taskmaster/pkg/monitor/metrics.go:158.2,160.26 3 0
github.com/etcd-monitor/taskmaster/pkg/monitor/metrics.go:160.26,165.17 4 0
github.com/etcd-monitor/taskmaster/pkg/monitor/metrics.go:165.17,167.4 1 0
github.com/etcd-monitor/taskmaster/pkg/monitor/metrics.go:171.2,174.29 2 0
github.com/etcd-monitor/taskmaster/pkg/monitor/metrics.go:174.29,179.3 4 0
github.com/etcd-monitor/taskmaster/pkg/monitor/metrics.go:182.2,189.12 2 0
github.com/etcd-monitor/taskmaster/pkg/monitor/metrics.go:193.102,196.16 2 0
github.com/etcd-monitor/taskmaster/pkg/monitor/metrics.go:196.16,198.3 1 0
github.com/etcd-monitor/taskmaster/pkg/monitor/metrics.go:200.2,200.45 1 0
github.com/etcd-monitor/taskmaster/pkg/monitor/metrics.go:200.45,201.34 1 0
github.com/etcd-monitor/taskmaster/pkg/monitor/metrics.go:201.34,202.12 1 0
github.com/etcd-monitor/taskmaster/pkg/monitor/metrics.go:205.3,206.17 2 0
github.com/etcd-monitor/taskmaster/pkg/monitor/metrics.go:206.17,210.12 2 0
github.com/etcd-monitor/taskmaster/pkg/monitor/metrics.go:214.3,215.58 2 0
github.com/etcd-monitor/taskmaster/pkg/monitor/metrics.go:219.2,219.12 1 0
github.com/etcd-monitor/taskmaster/pkg/monitor/metrics.go:223.104,230.16 2 0
github.com/etcd-monitor/taskmaster/pkg/monitor/metrics.go:230.16,232.3 1 0
github.com/etcd-monitor/taskmaster/pkg/monitor/metrics.go:234.2,236.12 2 0
github.com/etcd-monitor/taskmaster/pkg/monitor/metrics.go:240.86,247.44 4 0
github.com/etcd-monitor/taskmaster/pkg/monitor/metrics.go:247.44,249.3 1 0
github.com/etcd-monitor/taskmaster/pkg/monitor/metrics.go:253.70,261.2 5 0
github.com/etcd-monitor/taskmaster/pkg/monitor/metrics.go:264.112,269.16 3 0
github.com/etcd-monitor/taskmaster/pkg/monitor/metrics.go:269.16,271.3 1 0
github.com/etcd-monitor/taskmaster/pkg/monitor/metrics.go:274.2,278.16 3 0
github.com/etcd-monitor/taskmaster/pkg/monitor/metrics.go:278.16,280.3 1 0
github.com/etcd-monitor/taskmaster/pkg/monitor/metrics.go:283.2,287.18 4 0
github.com/etcd-monitor/taskmaster/pkg/monitor/metrics.go:291.113,301.34 4 0
github.com/etcd-monitor/taskmaster/pkg/monitor/metrics.go:301.34,306.17 4 0
github.com/etcd-monitor/taskmaster/pkg/monitor/metrics.go:306.17,308.4 1 0
github.com/etcd-monitor/taskmaster/pkg/monitor/metrics.go:308.9,310.4 1 0
github.com/etcd-monitor/taskmaster/pkg/monitor/metrics.go:314.2,314.34 1 0
github.com/etcd-monitor/taskmaster/pkg/monitor/metrics.go:314.34,319.17 4 0
github.com/etcd-monitor/taskmaster/pkg/monitor/metrics.go:319.17,321.4 1 0
github.com/etcd-monitor/taskmaster/pkg/monitor/metrics.go:321.9,323.4 1 0
github.com/etcd-monitor/taskmaster/pkg/monitor/metrics.go:327.2,327.28 1 0
github.com/etcd-monitor/taskmaster/pkg/monitor/metrics.go:327.28,332.3 4 0
github.com/etcd-monitor/taskmaster/pkg/monitor/metrics.go:334.2,334.29 1 0
github.com/etcd-monitor/taskmaster/pkg/monitor/metrics.go:334.29,339.3 4 0
github.com/etcd-monitor/taskmaster/pkg/monitor/metrics.go:341.2,345.20 4 0
github.com/etcd-monitor/taskmaster/pkg/monitor/metrics.go:366.54,367.22 1 0
github.com/etcd-monitor/taskmaster/pkg/monitor/metrics.go:367.22,369.3 1 0
github.com/etcd-monitor/taskmaster/pkg/monitor/metrics.go:371.2,372.15 2 0
github.com/etcd-monitor/taskmaster/pkg/monitor/metrics.go:372.15,374.3 1 0
github.com/etcd-monitor/taskmaster/pkg/monitor/metrics.go:375.2,375.26 1 0
github.com/etcd-monitor/taskmaster/pkg/monitor/metrics.go:375.26,377.3 1 0
github.com/etcd-monitor/taskmaster/pkg/monitor/metrics.go:379.2,379.22 1 0
github.com/etcd-monitor/taskmaster/pkg/monitor/service.go:129.85,130.19 1 0
github.com/etcd-monitor/taskmaster/pkg/monitor/service.go:130.19,133.17 3 0
github.com/etcd-monitor/taskmaster/pkg/monitor/service.go:133.17,135.4 1 0
github.com/etcd-monitor/taskmaster/pkg/monitor/service.go:138.2,148.16 3 0
github.com/etcd-monitor/taskmaster/pkg/monitor/service.go:152.41,156.18 3 0
github.com/etcd-monitor/taskmaster/pkg/monitor/service.go:156.18,158.3 1 0
github.com/etcd-monitor/taskmaster/pkg/monitor/service.go:161.2,168.16 4 0
github.com/etcd-monitor/taskmaster/pkg/monitor/service.go:168.16,170.3 1 0
github.com/etcd-monitor/taskmaster/pkg/monitor/service.go:173.2,186.12 10 0
github.com/etcd-monitor/taskmaster/pkg/monitor/service.go:190.40,194.19 3 0
github.com/etcd-monitor/taskmaster/pkg/monitor/service.go:194.19,196.3 1 0
github.com/etcd-monitor/taskmaster/pkg/monitor/service.go:198.2,201.22 3 0
github.com/etcd-monitor/taskmaster/pkg/monitor/service.go:201.22,202.43 1 0
github.com/etcd-monitor/taskmaster/pkg/monitor/service.go:202.43,204.4 1 0
github.com/etcd-monitor/taskmaster/pkg/monitor/service.go:207.2,210.12 3 0
github.com/etcd-monitor/taskmaster/pkg/monitor/service.go:214.45,220.6 4 0
github.com/etcd-monitor/taskmaster/pkg/monitor/service.go:220.6,221.10 1 0
github.com/etcd-monitor/taskmaster/pkg/monitor/service.go:222.24,223.10 1 0
github.com/etcd-monitor/taskmaster/pkg/monitor/service.go:224.19,226.18 2 0
github.com/etcd-monitor/taskmaster/pkg/monitor/service.go:226.18,228.13 2 0
github.com/etcd-monitor/taskmaster/pkg/monitor/service.go:232.4,232.32 1 0
github.com/etcd-monitor/taskmaster/pkg/monitor/service.go:238.50,244.6 4 0
github.com/etcd-monitor/taskmaster/pkg/monitor/service.go:244.6,245.10 1 0
github.com/etcd-monitor/taskmaster/pkg/monitor/service.go:246.24,247.10 1 0
github.com/etcd-monitor/taskmaster/pkg/monitor/service.go:248.19,250.18 2 0
github.com/etcd-monitor/taskmaster/pkg/monitor/service.go:250.18,252.13 2 0
github.com/etcd-monitor/taskmaster/pkg/monitor/service.go:256.4,256.33 1 0
github.com/etcd-monitor/taskmaster/pkg/monitor/service.go:262.40,268.6 3 0
github.com/etcd-monitor/taskmaster/pkg/monitor/service.go:268.6,269.10 1 0
github.com/etcd-monitor/taskmaster/pkg/monitor/service.go:270.24,271.10 1 0
github.com/etcd-monitor/taskmaster/pkg/monitor/service.go:272.33,273.30 1 0
github.com/etcd-monitor/taskmaster/pkg/monitor/service.go:273.30,275.13 2 0
github.com/etcd-monitor/taskmaster/pkg/monitor/service.go:278.4,278.43 1 0
github.com/etcd-monitor/taskmaster/pkg/monitor/service.go:278.43,280.5 1 0
github.com/etcd-monitor/taskmaster/pkg/monitor/service.go:286.67,287.20 1 0
github.com/etcd-monitor/taskmaster/pkg/monitor/service.go:288.18,291.43 1 0
github.com/etcd-monitor/taskmaster/pkg/monitor/service.go:292.21,294.44 1 0
github.com/etcd-monitor/taskmaster/pkg/monitor/service.go:299.68,300.21 1 0
github.com/etcd-monitor/taskmaster/pkg/monitor/service.go:300.21,308.3 1 0
github.com/etcd-monitor/taskmaster/pkg/monitor/service.go:310.2,310.23 1 0
github.com/etcd-monitor/taskmaster/pkg/monitor/service.go:310.23,317.3 1 0
github.com/etcd-monitor/taskmaster/pkg/monitor/service.go:319.2,319.29 1 0
github.com/etcd-monitor/taskmaster/pkg/monitor/service.go:319.29,326.3 1 0
github.com/etcd-monitor/taskmaster/pkg/monitor/service.go:328.2,328.28 1 0
github.com/etcd-monitor/taskmaster/pkg/monitor/service.go:328.28,329.39 1 0
github.com/etcd-monitor/taskmaster/pkg/monitor/service.go:329.39,337.4 1 0
github.com/etcd-monitor/taskmaster/pkg/monitor/service.go:342.71,346.64 2 0
github.com/etcd-monitor/taskmaster/pkg/monitor/service.go:346.64,354.3 1 0
github.com/etcd-monitor/taskmaster/pkg/monitor/service.go:357.2,358.54 2 0
github.com/etcd-monitor/taskmaster/pkg/monitor/service.go:358.54,366.3 1 0
github.com/etcd-monitor/taskmaster/pkg/monitor/service.go:369.2,369.35 1 0
github.com/etcd-monitor/taskmaster/pkg/monitor/service.go:369.35,377.3 1 0
github.com/etcd-monitor/taskmaster/pkg/monitor/service.go:381.70,382.29 1 0
github.com/etcd-monitor/taskmaster/pkg/monitor/service.go:382.29,384.3 1 0
github.com/etcd-monitor/taskmaster/pkg/monitor/service.go:385.2,385.66 1 0
github.com/etcd-monitor/taskmaster/pkg/monitor/service.go:389.73,390.32 1 0
github.com/etcd-monitor/taskmaster/pkg/monitor/service.go:390.32,392.3 1 0
github.com/etcd-monitor/taskmaster/pkg/monitor/service.go:393.2,393.65 1 0
github.com/etcd-monitor/taskmaster/pkg/monitor/service.go:397.44,401.2 3 0
github.com/etcd-monitor/taskmaster/pkg/monitor/service.go:404.61,406.2 1 0
github.com/etcd-monitor/taskmaster/pkg/monitor/service.go:409.67,411.2 1 0
github.com/etcd-monitor/taskmaster/pkg/monitor/service.go:414.59,416.2 1 0
github.com/etcd-monitor/taskmaster/pkg/k8s/client.go:17.63,20.22 3 4
github.com/etcd-monitor/taskmaster/pkg/k8s/client.go:20.22,22.17 2 3
github.com/etcd-monitor/taskmaster/pkg/k8s/client.go:22.17,24.4 1 3
github.com/etcd-monitor/taskmaster/pkg/k8s/client.go:25.8,27.17 2 1
github.com/etcd-monitor/taskmaster/pkg/k8s/client.go:27.17,29.4 1 1
github.com/etcd-monitor/taskmaster/pkg/k8s/client.go:31.2,31.17 1 0
github.com/etcd-monitor/taskmaster/pkg/k8s/client.go:41.3,43.16 2 7
github.com/etcd-monitor/taskmaster/pkg/k8s/client.go:43.16,46.3 2 0
github.com/etcd-monitor/taskmaster/pkg/k8s/client.go:48.2,49.16 2 6
github.com/etcd-monitor/taskmaster/pkg/k8s/client.go:49.16,52.3 2 0
github.com/etcd-monitor/taskmaster/pkg/k8s/client.go:54.2,57.81 3 6
github.com/etcd-monitor/taskmaster/pkg/inspection/alarm.go:18.82,21.15 3 0
github.com/etcd-monitor/taskmaster/pkg/inspection/alarm.go:21.15,22.17 1 0
github.com/etcd-monitor/taskmaster/pkg/inspection/alarm.go:22.17,24.4 1 0
github.com/etcd-monitor/taskmaster/pkg/inspection/alarm.go:26.2,26.16 1 0
github.com/etcd-monitor/taskmaster/pkg/inspection/alarm.go:26.16,29.3 2 0
github.com/etcd-monitor/taskmaster/pkg/inspection/alarm.go:31.2,32.16 2 0
github.com/etcd-monitor/taskmaster/pkg/inspection/alarm.go:32.16,34.3 1 0
github.com/etcd-monitor/taskmaster/pkg/inspection/alarm.go:36.2,36.43 1 0
github.com/etcd-monitor/taskmaster/pkg/inspection/alarm.go:36.43,37.23 1 0
github.com/etcd-monitor/taskmaster/pkg/inspection/alarm.go:37.23,39.4 1 0
github.com/etcd-monitor/taskmaster/pkg/inspection/alarm.go:40.3,40.28 1 0
github.com/etcd-monitor/taskmaster/pkg/inspection/alarm.go:40.28,41.56 1 0
github.com/etcd-monitor/taskmaster/pkg/inspection/alarm.go:41.56,48.5 2 0
github.com/etcd-monitor/taskmaster/pkg/inspection/alarm.go:51.2,51.12 1 0
github.com/etcd-monitor/taskmaster/pkg/inspection/alarm.go:54.57,55.42 1 0
github.com/etcd-monitor/taskmaster/pkg/inspection/alarm.go:55.42,62.3 2 0
github.com/etcd-monitor/taskmaster/pkg/inspection/consistency.go:24.94,27.15 3 0
github.com/etcd-monitor/taskmaster/pkg/inspection/consistency.go:27.15,28.17 1 0
github.com/etcd-monitor/taskmaster/pkg/inspection/consistency.go:28.17,30.4 1 0
github.com/etcd-monitor/taskmaster/pkg/inspection/consistency.go:32.2,32.16 1 0
github.com/etcd-monitor/taskmaster/pkg/inspection/consistency.go:32.16,35.3 2 0
github.com/etcd-monitor/taskmaster/pkg/inspection/consistency.go:38.2,39.43 2 0
github.com/etcd-monitor/taskmaster/pkg/inspection/consistency.go:39.43,41.3 1 0
github.com/etcd-monitor/taskmaster/pkg/inspection/consistency.go:44.2,45.16 2 0
github.com/etcd-monitor/taskmaster/pkg/inspection/consistency.go:45.16,48.3 2 0
github.com/etcd-monitor/taskmaster/pkg/inspection/consistency.go:49.2,61.37 5 0
github.com/etcd-monitor/taskmaster/pkg/inspection/consistency.go:61.37,64.17 2 0
github.com/etcd-monitor/taskmaster/pkg/inspection/consistency.go:64.17,66.12 2 0
github.com/etcd-monitor/taskmaster/pkg/inspection/consistency.go:70.3,71.17 2 0
github.com/etcd-monitor/taskmaster/pkg/inspection/consistency.go:71.17,73.12 2 0
github.com/etcd-monitor/taskmaster/pkg/inspection/consistency.go:76.3,83.5 1 0
github.com/etcd-monitor/taskmaster/pkg/inspection/consistency.go:86.2,86.27 1 0
github.com/etcd-monitor/taskmaster/pkg/inspection/consistency.go:86.27,89.3 2 0
github.com/etcd-monitor/taskmaster/pkg/inspection/consistency.go:92.2,92.76 1 0
github.com/etcd-monitor/taskmaster/pkg/inspection/consistency.go:92.76,92.97 1 0
github.com/etcd-monitor/taskmaster/pkg/inspection/consistency.go:93.2,93.76 1 0
github.com/etcd-monitor/taskmaster/pkg/inspection/consistency.go:93.76,93.97 1 0
github.com/etcd-monitor/taskmaster/pkg/inspection/consistency.go:94.2,94.73 1 0
github.com/etcd-monitor/taskmaster/pkg/inspection/consistency.go:94.73,94.91 1 0
github.com/etcd-monitor/taskmaster/pkg/inspection/consistency.go:95.2,95.84 1 0
github.com/etcd-monitor/taskmaster/pkg/inspection/consistency.go:95.84,95.113 1 0
github.com/etcd-monitor/taskmaster/pkg/inspection/consistency.go:96.2,96.77 1 0
github.com/etcd-monitor/taskmaster/pkg/inspection/consistency.go:96.77,96.99 1 0
github.com/etcd-monitor/taskmaster/pkg/inspection/consistency.go:99.2,110.12 8 0
github.com/etcd-monitor/taskmaster/pkg/inspection/consistency.go:114.86,115.21 1 0
github.com/etcd-monitor/taskmaster/pkg/inspection/consistency.go:115.21,117.3 1 0
github.com/etcd-monitor/taskmaster/pkg/inspection/consistency.go:119.2,122.33 3 0
github.com/etcd-monitor/taskmaster/pkg/inspection/consistency.go:122.33,124.18 2 0
github.com/etcd-monitor/taskmaster/pkg/inspection/consistency.go:124.18,126.4 1 0
github.com/etcd-monitor/taskmaster/pkg/inspection/consistency.go:127.3,127.18 1 0
github.com/etcd-monitor/taskmaster/pkg/inspection/consistency.go:127.18,129.4 1 0
github.com/etcd-monitor/taskmaster/pkg/inspection/consistency.go:132.2,132.18 1 0
github.com/etcd-monitor/taskmaster/pkg/inspection/healthy.go:12.86,15.15 3 0
github.com/etcd-monitor/taskmaster/pkg/inspection/healthy.go:15.15,16.17 1 0
github.com/etcd-monitor/taskmaster/pkg/inspection/healthy.go:16.17,18.4 1 0
github.com/etcd-monitor/taskmaster/pkg/inspection/healthy.go:20.2,20.16 1 0
github.com/etcd-monitor/taskmaster/pkg/inspection/healthy.go:20.16,23.3 2 0
github.com/etcd-monitor/taskmaster/pkg/inspection/healthy.go:25.2,25.43 1 0
github.com/etcd-monitor/taskmaster/pkg/inspection/healthy.go:25.43,31.30 3 0
github.com/etcd-monitor/taskmaster/pkg/inspection/healthy.go:31.30,33.4 1 0
github.com/etcd-monitor/taskmaster/pkg/inspection/healthy.go:33.9,35.4 1 0
github.com/etcd-monitor/taskmaster/pkg/inspection/healthy.go:37.2,37.12 1 0
github.com/etcd-monitor/taskmaster/pkg/inspection/inspection.go:36.80,41.16 4 0
github.com/etcd-monitor/taskmaster/pkg/inspection/inspection.go:41.16,43.3 1 0
github.com/etcd-monitor/taskmaster/pkg/inspection/inspection.go:45.2,53.20 3 0
github.com/etcd-monitor/taskmaster/pkg/inspection/inspection.go:57.100,64.13 5 0
github.com/etcd-monitor/taskmaster/pkg/inspection/inspection.go:64.13,67.3 2 0
github.com/etcd-monitor/taskmaster/pkg/inspection/inspection.go:70.2,74.9 3 0
github.com/etcd-monitor/taskmaster/pkg/inspection/inspection.go:74.9,77.3 2 0
github.com/etcd-monitor/taskmaster/pkg/inspection/inspection.go:80.2,85.14 3 0
github.com/etcd-monitor/taskmaster/pkg/inspection/inspection.go:89.100,97.20 5 0
github.com/etcd-monitor/taskmaster/pkg/inspection/inspection.go:97.20,121.17 3 0
github.com/etcd-monitor/taskmaster/pkg/inspection/inspection.go:121.17,129.18 3 0
github.com/etcd-monitor/taskmaster/pkg/inspection/inspection.go:129.18,132.5 2 0
github.com/etcd-monitor/taskmaster/pkg/inspection/inspection.go:133.4,133.74 1 0
github.com/etcd-monitor/taskmaster/pkg/inspection/inspection.go:134.9,141.18 2 0
github.com/etcd-monitor/taskmaster/pkg/inspection/inspection.go:141.18,144.5 2 0
github.com/etcd-monitor/taskmaster/pkg/inspection/inspection.go:145.4,145.74 1 0
github.com/etcd-monitor/taskmaster/pkg/inspection/inspection.go:149.3,149.50 1 0
github.com/etcd-monitor/taskmaster/pkg/inspection/inspection.go:150.8,157.17 2 0
github.com/etcd-monitor/taskmaster/pkg/inspection/inspection.go:157.17,160.4 1 0
github.com/etcd-monitor/taskmaster/pkg/inspection/inspection.go:160.9,162.4 1 0
github.com/etcd-monitor/taskmaster/pkg/inspection/inspection.go:165.3,165.51 1 0
github.com/etcd-monitor/taskmaster/pkg/inspection/inspection.go:168.2,168.12 1 0
github.com/etcd-monitor/taskmaster/pkg/inspection/inspection.go:172.116,179.65 5 0
github.com/etcd-monitor/taskmaster/pkg/inspection/inspection.go:179.65,182.3 2 0
github.com/etcd-monitor/taskmaster/pkg/inspection/inspection.go:185.2,190.16 2 0
github.com/etcd-monitor/taskmaster/pkg/inspection/inspection.go:190.16,192.3 1 0
github.com/etcd-monitor/taskmaster/pkg/inspection/inspection.go:195.2,196.16 2 0
github.com/etcd-monitor/taskmaster/pkg/inspection/inspection.go:196.16,198.3 1 0
github.com/etcd-monitor/taskmaster/pkg/inspection/inspection.go:201.2,202.58 2 0
github.com/etcd-monitor/taskmaster/pkg/inspection/inspection.go:202.58,205.3 2 0
github.com/etcd-monitor/taskmaster/pkg/inspection/inspection.go:205.8,211.3 1 0
github.com/etcd-monitor/taskmaster/pkg/inspection/inspection.go:212.2,215.35 3 0
github.com/etcd-monitor/taskmaster/pkg/inspection/inspection.go:219.97,222.37 2 0
github.com/etcd-monitor/taskmaster/pkg/inspection/inspection.go:222.37,224.49 2 0
github.com/etcd-monitor/taskmaster/pkg/inspection/inspection.go:224.49,225.39 1 0
github.com/etcd-monitor/taskmaster/pkg/inspection/inspection.go:225.39,227.5 1 0
github.com/etcd-monitor/taskmaster/pkg/inspection/inspection.go:227.10,227.36 1 0
github.com/etcd-monitor/taskmaster/pkg/inspection/inspection.go:227.36,229.5 1 0
github.com/etcd-monitor/taskmaster/pkg/inspection/inspection.go:233.2,238.88 2 0
github.com/etcd-monitor/taskmaster/pkg/inspection/inspection.go:238.88,245.17 3 0
github.com/etcd-monitor/taskmaster/pkg/inspection/inspection.go:245.17,247.4 1 0
github.com/etcd-monitor/taskmaster/pkg/inspection/inspection.go:249.3,251.49 2 0
github.com/etcd-monitor/taskmaster/pkg/inspection/inspection.go:251.49,253.4 1 0
github.com/etcd-monitor/taskmaster/pkg/inspection/inspection.go:254.3,254.48 1 0
github.com/etcd-monitor/taskmaster/pkg/inspection/inspection.go:254.48,256.4 1 0
github.com/etcd-monitor/taskmaster/pkg/inspection/inspection.go:257.3,257.46 1 0
github.com/etcd-monitor/taskmaster/pkg/inspection/inspection.go:257.46,259.4 1 0
github.com/etcd-monitor/taskmaster/pkg/inspection/inspection.go:261.3,261.43 1 0
github.com/etcd-monitor/taskmaster/pkg/inspection/inspection.go:264.2,264.26 1 0
github.com/etcd-monitor/taskmaster/pkg/inspection/inspection.go:268.125,275.13 5 0
github.com/etcd-monitor/taskmaster/pkg/inspection/inspection.go:275.13,281.3 2 0
github.com/etcd-monitor/taskmaster/pkg/inspection/inspection.go:283.2,285.53 2 0
github.com/etcd-monitor/taskmaster/pkg/inspection/inspection.go:289.61,291.2 1 0
github.com/etcd-monitor/taskmaster/pkg/inspection/inspection.go:294.58,301.2 5 0
github.com/etcd-monitor/taskmaster/pkg/inspection/inspection.go:304.28,312.2 5 0
github.com/etcd-monitor/taskmaster/pkg/inspection/request.go:32.91,35.15 3 0
github.com/etcd-monitor/taskmaster/pkg/inspection/request.go:35.15,36.17 1 0
github.com/etcd-monitor/taskmaster/pkg/inspection/request.go:36.17,38.4 1 0
github.com/etcd-monitor/taskmaster/pkg/inspection/request.go:40.2,40.16 1 0
github.com/etcd-monitor/taskmaster/pkg/inspection/request.go:40.16,43.3 2 0
github.com/etcd-monitor/taskmaster/pkg/inspection/request.go:46.2,47.16 2 0
github.com/etcd-monitor/taskmaster/pkg/inspection/request.go:47.16,50.3 2 0
github.com/etcd-monitor/taskmaster/pkg/inspection/request.go:53.2,69.35 3 0
github.com/etcd-monitor/taskmaster/pkg/inspection/request.go:69.35,83.3 5 0
github.com/etcd-monitor/taskmaster/pkg/inspection/request.go:86.2,86.35 1 0
github.com/etcd-monitor/taskmaster/pkg/inspection/request.go:86.35,88.17 2 0
github.com/etcd-monitor/taskmaster/pkg/inspection/request.go:88.17,90.12 2 0
github.com/etcd-monitor/taskmaster/pkg/inspection/request.go:93.3,98.56 2 0
github.com/etcd-monitor/taskmaster/pkg/inspection/request.go:101.2,101.12 1 0
github.com/etcd-monitor/taskmaster/pkg/inspection/request.go:105.118,113.6 5 0
github.com/etcd-monitor/taskmaster/pkg/inspection/request.go:113.6,114.10 1 0
github.com/etcd-monitor/taskmaster/pkg/inspection/request.go:115.21,117.10 2 0
github.com/etcd-monitor/taskmaster/pkg/inspection/request.go:118.33,119.30 1 0
github.com/etcd-monitor/taskmaster/pkg/inspection/request.go:119.30,124.13 4 0
github.com/etcd-monitor/taskmaster/pkg/inspection/request.go:127.4,127.43 1 0
github.com/etcd-monitor/taskmaster/pkg/inspection/request.go:127.43,129.5 1 0
github.com/etcd-monitor/taskmaster/pkg/inspection/request.go:135.101,138.20 2 0
github.com/etcd-monitor/taskmaster/pkg/inspection/request.go:139.29,140.23 1 0
github.com/etcd-monitor/taskmaster/pkg/inspection/request.go:140.23,142.4 1 0
github.com/etcd-monitor/taskmaster/pkg/inspection/request.go:142.9,144.4 1 0
github.com/etcd-monitor/taskmaster/pkg/inspection/request.go:145.32,146.24 1 0
github.com/etcd-monitor/taskmaster/pkg/inspection/request.go:147.10,148.25 1 0
github.com/etcd-monitor/taskmaster/pkg/inspection/request.go:151.2,161.57 3 0
github.com/etcd-monitor/taskmaster/pkg/inspection/request.go:165.90,170.16 4 0
github.com/etcd-monitor/taskmaster/pkg/inspection/request.go:170.16,172.3 1 0
github.com/etcd-monitor/taskmaster/pkg/inspection/request.go:174.2,174.24 1 0
github.com/etcd-monitor/taskmaster/pkg/inspection/request.go:178.61,182.61 3 0
github.com/etcd-monitor/taskmaster/pkg/inspection/request.go:182.61,183.36 1 0
github.com/etcd-monitor/taskmaster/pkg/inspection/request.go:183.36,185.4 1 0
github.com/etcd-monitor/taskmaster/pkg/inspection/request.go:186.3,187.70 2 0
github.com/etcd-monitor/taskmaster/pkg/inspection/request.go:192.36,196.52 3 0
github.com/etcd-monitor/taskmaster/pkg/inspection/request.go:196.52,197.36 1 0
github.com/etcd-monitor/taskmaster/pkg/inspection/request.go:197.36,199.4 1 0
github.com/etcd-monitor/taskmaster/pkg/inspection/request.go:200.3,200.70 1 0
github.com/etcd-monitor/taskmaster/pkg/inspection/request.go:203.2,203.49 1 0
github.com/etcd-monitor/taskmaster/pkg/inspection/request.go:207.50,209.21 2 0
github.com/etcd-monitor/taskmaster/pkg/inspection/request.go:209.21,211.3 1 0
github.com/etcd-monitor/taskmaster/pkg/inspection/request.go:212.2,212.18 1 0
