mode: set
github.com/etcd-monitor/taskmaster/pkg/signals/signal.go:17.52,23.12 5 1
github.com/etcd-monitor/taskmaster/pkg/signals/signal.go:23.12,28.3 4 1
github.com/etcd-monitor/taskmaster/pkg/signals/signal.go:30.2,30.13 1 1
github.com/etcd-monitor/taskmaster/pkg/examples/examples.go:15.82,23.16 3 0
github.com/etcd-monitor/taskmaster/pkg/examples/examples.go:23.16,25.3 1 0
github.com/etcd-monitor/taskmaster/pkg/examples/examples.go:26.2,31.39 3 0
github.com/etcd-monitor/taskmaster/pkg/examples/examples.go:31.39,33.3 1 0
github.com/etcd-monitor/taskmaster/pkg/examples/examples.go:35.2,41.41 3 0
github.com/etcd-monitor/taskmaster/pkg/examples/examples.go:41.41,43.3 1 0
github.com/etcd-monitor/taskmaster/pkg/examples/examples.go:45.2,48.40 2 0
github.com/etcd-monitor/taskmaster/pkg/examples/examples.go:48.40,52.3 3 0
github.com/etcd-monitor/taskmaster/pkg/examples/examples.go:54.2,54.12 1 0
github.com/etcd-monitor/taskmaster/pkg/examples/examples.go:58.83,63.16 3 0
github.com/etcd-monitor/taskmaster/pkg/examples/examples.go:63.16,65.3 1 0
github.com/etcd-monitor/taskmaster/pkg/examples/examples.go:66.2,82.56 4 0
github.com/etcd-monitor/taskmaster/pkg/examples/examples.go:82.56,84.3 1 0
github.com/etcd-monitor/taskmaster/pkg/examples/examples.go:86.2,90.16 3 0
github.com/etcd-monitor/taskmaster/pkg/examples/examples.go:90.16,92.3 1 0
github.com/etcd-monitor/taskmaster/pkg/examples/examples.go:94.2,95.31 2 0
github.com/etcd-monitor/taskmaster/pkg/examples/examples.go:95.31,99.3 1 0
github.com/etcd-monitor/taskmaster/pkg/examples/examples.go:102.2,102.76 1 0
github.com/etcd-monitor/taskmaster/pkg/examples/examples.go:102.76,106.3 1 0
github.com/etcd-monitor/taskmaster/pkg/examples/examples.go:108.2,108.12 1 0
github.com/etcd-monitor/taskmaster/pkg/examples/examples.go:112.80,116.16 3 0
github.com/etcd-monitor/taskmaster/pkg/examples/examples.go:116.16,118.3 1 0
github.com/etcd-monitor/taskmaster/pkg/examples/examples.go:119.2,124.26 3 0
github.com/etcd-monitor/taskmaster/pkg/examples/examples.go:124.26,131.57 2 0
github.com/etcd-monitor/taskmaster/pkg/examples/examples.go:131.57,133.4 1 0
github.com/etcd-monitor/taskmaster/pkg/examples/examples.go:137.2,140.25 2 0
github.com/etcd-monitor/taskmaster/pkg/examples/examples.go:140.25,142.17 2 0
github.com/etcd-monitor/taskmaster/pkg/examples/examples.go:142.17,144.4 1 0
github.com/etcd-monitor/taskmaster/pkg/examples/examples.go:145.3,148.79 1 0
github.com/etcd-monitor/taskmaster/pkg/examples/examples.go:151.2,151.12 1 0
github.com/etcd-monitor/taskmaster/pkg/examples/examples.go:155.90,164.73 4 0
github.com/etcd-monitor/taskmaster/pkg/examples/examples.go:164.73,166.3 1 0
github.com/etcd-monitor/taskmaster/pkg/examples/examples.go:167.2,167.66 1 0
github.com/etcd-monitor/taskmaster/pkg/examples/examples.go:167.66,169.3 1 0
github.com/etcd-monitor/taskmaster/pkg/examples/examples.go:170.2,170.62 1 0
github.com/etcd-monitor/taskmaster/pkg/examples/examples.go:170.62,172.3 1 0
github.com/etcd-monitor/taskmaster/pkg/examples/examples.go:174.2,178.16 3 0
github.com/etcd-monitor/taskmaster/pkg/examples/examples.go:178.16,180.3 1 0
github.com/etcd-monitor/taskmaster/pkg/examples/examples.go:181.2,184.16 3 0
github.com/etcd-monitor/taskmaster/pkg/examples/examples.go:184.16,186.3 1 0
github.com/etcd-monitor/taskmaster/pkg/examples/examples.go:187.2,190.87 2 0
github.com/etcd-monitor/taskmaster/pkg/examples/examples.go:190.87,195.3 1 0
github.com/etcd-monitor/taskmaster/pkg/examples/examples.go:198.2,199.16 2 0
github.com/etcd-monitor/taskmaster/pkg/examples/examples.go:199.16,201.3 1 0
github.com/etcd-monitor/taskmaster/pkg/examples/examples.go:203.2,204.37 2 0
github.com/etcd-monitor/taskmaster/pkg/examples/examples.go:204.37,206.3 1 0
github.com/etcd-monitor/taskmaster/pkg/examples/examples.go:208.2,208.12 1 0
github.com/etcd-monitor/taskmaster/pkg/examples/examples.go:212.79,221.59 5 0
github.com/etcd-monitor/taskmaster/pkg/examples/examples.go:221.59,223.3 1 0
github.com/etcd-monitor/taskmaster/pkg/examples/examples.go:224.2,224.61 1 0
github.com/etcd-monitor/taskmaster/pkg/examples/examples.go:224.61,226.3 1 0
github.com/etcd-monitor/taskmaster/pkg/examples/examples.go:227.2,227.64 1 0
github.com/etcd-monitor/taskmaster/pkg/examples/examples.go:227.64,229.3 1 0
github.com/etcd-monitor/taskmaster/pkg/examples/examples.go:231.2,235.16 3 0
github.com/etcd-monitor/taskmaster/pkg/examples/examples.go:235.16,237.3 1 0
github.com/etcd-monitor/taskmaster/pkg/examples/examples.go:239.2,239.18 1 0
github.com/etcd-monitor/taskmaster/pkg/examples/examples.go:239.18,241.3 1 0
github.com/etcd-monitor/taskmaster/pkg/examples/examples.go:241.8,243.3 1 0
github.com/etcd-monitor/taskmaster/pkg/examples/examples.go:246.2,247.16 2 0
github.com/etcd-monitor/taskmaster/pkg/examples/examples.go:247.16,249.3 1 0
github.com/etcd-monitor/taskmaster/pkg/examples/examples.go:251.2,252.38 2 0
github.com/etcd-monitor/taskmaster/pkg/examples/examples.go:252.38,254.3 1 0
github.com/etcd-monitor/taskmaster/pkg/examples/examples.go:256.2,256.12 1 0
github.com/etcd-monitor/taskmaster/pkg/examples/examples.go:260.96,265.16 3 0
github.com/etcd-monitor/taskmaster/pkg/examples/examples.go:265.16,267.3 1 0
github.com/etcd-monitor/taskmaster/pkg/examples/examples.go:268.2,274.28 4 0
github.com/etcd-monitor/taskmaster/pkg/examples/examples.go:274.28,276.3 1 0
github.com/etcd-monitor/taskmaster/pkg/examples/examples.go:278.2,278.27 1 0
github.com/etcd-monitor/taskmaster/pkg/examples/examples.go:278.27,280.3 1 0
github.com/etcd-monitor/taskmaster/pkg/examples/examples.go:283.2,283.12 1 0
github.com/etcd-monitor/taskmaster/pkg/examples/examples.go:283.12,284.48 1 0
github.com/etcd-monitor/taskmaster/pkg/examples/examples.go:284.48,286.4 1 0
github.com/etcd-monitor/taskmaster/pkg/examples/examples.go:290.2,292.9 2 0
github.com/etcd-monitor/taskmaster/pkg/examples/examples.go:293.31,294.62 1 0
github.com/etcd-monitor/taskmaster/pkg/examples/examples.go:295.20,296.19 1 0
github.com/etcd-monitor/taskmaster/pkg/examples/examples.go:299.2,299.12 1 0
github.com/etcd-monitor/taskmaster/pkg/examples/examples.go:303.92,307.16 3 0
github.com/etcd-monitor/taskmaster/pkg/examples/examples.go:307.16,309.3 1 0
github.com/etcd-monitor/taskmaster/pkg/examples/examples.go:310.2,318.35 4 0
github.com/etcd-monitor/taskmaster/pkg/examples/examples.go:318.35,322.4 2 0
github.com/etcd-monitor/taskmaster/pkg/examples/examples.go:328.2,328.12 1 0
github.com/etcd-monitor/taskmaster/pkg/examples/examples.go:328.12,329.48 1 0
github.com/etcd-monitor/taskmaster/pkg/examples/examples.go:329.48,331.4 1 0
github.com/etcd-monitor/taskmaster/pkg/examples/examples.go:335.2,341.12 4 0
github.com/etcd-monitor/taskmaster/pkg/examples/examples.go:345.78,356.16 6 0
github.com/etcd-monitor/taskmaster/pkg/examples/examples.go:356.16,358.3 1 0
github.com/etcd-monitor/taskmaster/pkg/examples/examples.go:361.2,371.16 4 0
github.com/etcd-monitor/taskmaster/pkg/examples/examples.go:371.16,373.3 1 0
github.com/etcd-monitor/taskmaster/pkg/examples/examples.go:375.2,375.20 1 0
github.com/etcd-monitor/taskmaster/pkg/examples/examples.go:375.20,377.3 1 0
github.com/etcd-monitor/taskmaster/pkg/examples/examples.go:377.8,379.3 1 0
github.com/etcd-monitor/taskmaster/pkg/examples/examples.go:382.2,394.16 4 0
github.com/etcd-monitor/taskmaster/pkg/examples/examples.go:394.16,396.3 1 0
github.com/etcd-monitor/taskmaster/pkg/examples/examples.go:398.2,398.21 1 0
github.com/etcd-monitor/taskmaster/pkg/examples/examples.go:398.21,400.3 1 0
github.com/etcd-monitor/taskmaster/pkg/examples/examples.go:400.8,402.3 1 0
github.com/etcd-monitor/taskmaster/pkg/examples/examples.go:404.2,404.12 1 0
github.com/etcd-monitor/taskmaster/pkg/examples/examples.go:408.73,415.16 4 0
github.com/etcd-monitor/taskmaster/pkg/examples/examples.go:415.16,417.3 1 0
github.com/etcd-monitor/taskmaster/pkg/examples/examples.go:419.2,424.16 4 0
github.com/etcd-monitor/taskmaster/pkg/examples/examples.go:424.16,426.3 1 0
github.com/etcd-monitor/taskmaster/pkg/examples/examples.go:428.2,432.16 3 0
github.com/etcd-monitor/taskmaster/pkg/examples/examples.go:432.16,434.3 1 0
github.com/etcd-monitor/taskmaster/pkg/examples/examples.go:437.2,437.12 1 0
github.com/etcd-monitor/taskmaster/pkg/examples/examples.go:437.12,438.33 1 0
github.com/etcd-monitor/taskmaster/pkg/examples/examples.go:438.33,440.4 1 0
github.com/etcd-monitor/taskmaster/pkg/examples/examples.go:444.2,445.16 2 0
github.com/etcd-monitor/taskmaster/pkg/examples/examples.go:445.16,447.3 1 0
github.com/etcd-monitor/taskmaster/pkg/examples/examples.go:449.2,456.16 4 0
github.com/etcd-monitor/taskmaster/pkg/examples/examples.go:456.16,458.3 1 0
github.com/etcd-monitor/taskmaster/pkg/examples/examples.go:460.2,464.16 3 0
github.com/etcd-monitor/taskmaster/pkg/examples/examples.go:464.16,466.3 1 0
github.com/etcd-monitor/taskmaster/pkg/examples/examples.go:468.2,468.27 1 0
github.com/etcd-monitor/taskmaster/pkg/examples/examples.go:468.27,470.3 1 0
github.com/etcd-monitor/taskmaster/pkg/examples/examples.go:472.2,472.12 1 0
github.com/etcd-monitor/taskmaster/pkg/examples/examples.go:476.73,485.12 5 0
github.com/etcd-monitor/taskmaster/pkg/examples/examples.go:485.12,487.36 2 0
github.com/etcd-monitor/taskmaster/pkg/examples/examples.go:487.36,488.30 1 0
github.com/etcd-monitor/taskmaster/pkg/examples/examples.go:488.30,490.13 2 0
github.com/etcd-monitor/taskmaster/pkg/examples/examples.go:493.4,493.43 1 0
github.com/etcd-monitor/taskmaster/pkg/examples/examples.go:493.43,498.5 1 0
github.com/etcd-monitor/taskmaster/pkg/examples/examples.go:503.2,513.12 8 0
github.com/etcd-monitor/taskmaster/pkg/examples/examples.go:513.12,515.37 2 0
github.com/etcd-monitor/taskmaster/pkg/examples/examples.go:515.37,516.43 1 0
github.com/etcd-monitor/taskmaster/pkg/examples/examples.go:516.43,519.5 1 0
github.com/etcd-monitor/taskmaster/pkg/examples/examples.go:523.2,525.12 2 0
github.com/etcd-monitor/taskmaster/pkg/examples/examples.go:529.99,533.16 3 0
github.com/etcd-monitor/taskmaster/pkg/examples/examples.go:533.16,535.3 1 0
github.com/etcd-monitor/taskmaster/pkg/examples/examples.go:537.2,541.45 3 0
github.com/etcd-monitor/taskmaster/pkg/examples/examples.go:541.45,546.7 4 0
github.com/etcd-monitor/taskmaster/pkg/examples/examples.go:546.7,547.11 1 0
github.com/etcd-monitor/taskmaster/pkg/examples/examples.go:548.22,549.15 1 0
github.com/etcd-monitor/taskmaster/pkg/examples/examples.go:550.20,551.48 1 0
github.com/etcd-monitor/taskmaster/pkg/examples/examples.go:556.2,556.47 1 0
github.com/etcd-monitor/taskmaster/pkg/examples/examples.go:556.47,560.3 3 0
github.com/etcd-monitor/taskmaster/pkg/examples/examples.go:563.2,565.43 2 0
github.com/etcd-monitor/taskmaster/pkg/examples/examples.go:565.43,567.3 1 0
github.com/etcd-monitor/taskmaster/pkg/examples/examples.go:570.2,571.23 2 0
github.com/etcd-monitor/taskmaster/pkg/examples/examples.go:575.66,590.35 2 0
github.com/etcd-monitor/taskmaster/pkg/examples/examples.go:590.35,592.52 2 0
github.com/etcd-monitor/taskmaster/pkg/examples/examples.go:592.52,594.4 1 0
github.com/etcd-monitor/taskmaster/pkg/examples/examples.go:595.3,595.30 1 0
