mode: set
github.com/etcd-monitor/taskmaster/pkg/api/prometheus.go:58.108,71.2 4 0
github.com/etcd-monitor/taskmaster/pkg/api/prometheus.go:74.49,278.2 26 0
github.com/etcd-monitor/taskmaster/pkg/api/prometheus.go:281.48,285.21 3 0
github.com/etcd-monitor/taskmaster/pkg/api/prometheus.go:285.21,287.3 1 0
github.com/etcd-monitor/taskmaster/pkg/api/prometheus.go:291.47,294.16 2 0
github.com/etcd-monitor/taskmaster/pkg/api/prometheus.go:294.16,297.3 2 0
github.com/etcd-monitor/taskmaster/pkg/api/prometheus.go:300.2,300.20 1 0
github.com/etcd-monitor/taskmaster/pkg/api/prometheus.go:300.20,302.3 1 0
github.com/etcd-monitor/taskmaster/pkg/api/prometheus.go:302.8,304.3 1 0
github.com/etcd-monitor/taskmaster/pkg/api/prometheus.go:306.2,306.22 1 0
github.com/etcd-monitor/taskmaster/pkg/api/prometheus.go:306.22,308.3 1 0
github.com/etcd-monitor/taskmaster/pkg/api/prometheus.go:308.8,310.3 1 0
github.com/etcd-monitor/taskmaster/pkg/api/prometheus.go:312.2,318.16 5 0
github.com/etcd-monitor/taskmaster/pkg/api/prometheus.go:318.16,321.3 2 0
github.com/etcd-monitor/taskmaster/pkg/api/prometheus.go:324.2,350.53 19 0
github.com/etcd-monitor/taskmaster/pkg/api/prometheus.go:354.54,356.2 1 0
github.com/etcd-monitor/taskmaster/pkg/api/prometheus.go:359.66,362.2 2 0
github.com/etcd-monitor/taskmaster/pkg/api/prometheus.go:365.58,367.16 2 0
github.com/etcd-monitor/taskmaster/pkg/api/prometheus.go:367.16,369.3 1 0
github.com/etcd-monitor/taskmaster/pkg/api/prometheus.go:371.2,372.16 2 0
github.com/etcd-monitor/taskmaster/pkg/api/prometheus.go:372.16,374.3 1 0
github.com/etcd-monitor/taskmaster/pkg/api/prometheus.go:376.2,418.16 2 0
github.com/etcd-monitor/taskmaster/pkg/api/server.go:32.100,49.2 4 1
github.com/etcd-monitor/taskmaster/pkg/api/server.go:52.32,76.2 12 1
github.com/etcd-monitor/taskmaster/pkg/api/server.go:79.32,82.2 2 0
github.com/etcd-monitor/taskmaster/pkg/api/server.go:85.50,88.2 2 1
github.com/etcd-monitor/taskmaster/pkg/api/server.go:91.71,99.2 2 1
github.com/etcd-monitor/taskmaster/pkg/api/server.go:102.78,104.16 2 1
github.com/etcd-monitor/taskmaster/pkg/api/server.go:104.16,107.3 2 1
github.com/etcd-monitor/taskmaster/pkg/api/server.go:109.2,109.39 1 0
github.com/etcd-monitor/taskmaster/pkg/api/server.go:113.79,118.16 3 0
github.com/etcd-monitor/taskmaster/pkg/api/server.go:118.16,121.3 2 0
github.com/etcd-monitor/taskmaster/pkg/api/server.go:124.2,125.26 2 0
github.com/etcd-monitor/taskmaster/pkg/api/server.go:125.26,128.3 2 0
github.com/etcd-monitor/taskmaster/pkg/api/server.go:131.2,132.16 2 0
github.com/etcd-monitor/taskmaster/pkg/api/server.go:132.16,135.3 2 0
github.com/etcd-monitor/taskmaster/pkg/api/server.go:137.2,144.41 2 0
github.com/etcd-monitor/taskmaster/pkg/api/server.go:148.78,150.16 2 0
github.com/etcd-monitor/taskmaster/pkg/api/server.go:150.16,153.3 2 0
github.com/etcd-monitor/taskmaster/pkg/api/server.go:155.2,161.41 2 0
github.com/etcd-monitor/taskmaster/pkg/api/server.go:165.79,167.16 2 1
github.com/etcd-monitor/taskmaster/pkg/api/server.go:167.16,170.3 2 1
github.com/etcd-monitor/taskmaster/pkg/api/server.go:172.2,172.40 1 0
github.com/etcd-monitor/taskmaster/pkg/api/server.go:176.79,186.2 2 0
github.com/etcd-monitor/taskmaster/pkg/api/server.go:189.79,191.16 2 0
github.com/etcd-monitor/taskmaster/pkg/api/server.go:191.16,194.3 2 0
github.com/etcd-monitor/taskmaster/pkg/api/server.go:196.2,210.41 2 0
github.com/etcd-monitor/taskmaster/pkg/api/server.go:214.71,216.25 2 0
github.com/etcd-monitor/taskmaster/pkg/api/server.go:216.25,219.3 2 0
github.com/etcd-monitor/taskmaster/pkg/api/server.go:222.2,230.41 3 0
github.com/etcd-monitor/taskmaster/pkg/api/server.go:234.77,236.25 2 0
github.com/etcd-monitor/taskmaster/pkg/api/server.go:236.25,239.3 2 0
github.com/etcd-monitor/taskmaster/pkg/api/server.go:246.2,254.41 3 0
github.com/etcd-monitor/taskmaster/pkg/api/server.go:258.74,263.65 2 0
github.com/etcd-monitor/taskmaster/pkg/api/server.go:263.65,266.3 2 0
github.com/etcd-monitor/taskmaster/pkg/api/server.go:268.2,268.29 1 0
github.com/etcd-monitor/taskmaster/pkg/api/server.go:268.29,270.3 1 0
github.com/etcd-monitor/taskmaster/pkg/api/server.go:272.2,276.53 2 0
github.com/etcd-monitor/taskmaster/pkg/api/server.go:280.81,284.56 3 1
github.com/etcd-monitor/taskmaster/pkg/api/server.go:284.56,286.3 1 0
github.com/etcd-monitor/taskmaster/pkg/api/server.go:290.91,298.16 3 1
github.com/etcd-monitor/taskmaster/pkg/api/server.go:298.16,300.3 1 1
github.com/etcd-monitor/taskmaster/pkg/api/server.go:302.2,302.34 1 1
github.com/etcd-monitor/taskmaster/pkg/api/server.go:306.68,307.71 1 1
github.com/etcd-monitor/taskmaster/pkg/api/server.go:307.71,323.3 5 1
github.com/etcd-monitor/taskmaster/pkg/api/server.go:327.65,328.71 1 1
github.com/etcd-monitor/taskmaster/pkg/api/server.go:328.71,333.28 4 1
github.com/etcd-monitor/taskmaster/pkg/api/server.go:333.28,336.4 2 1
github.com/etcd-monitor/taskmaster/pkg/api/server.go:338.3,338.23 1 1
github.com/etcd-monitor/taskmaster/pkg/api/server.go:348.49,351.2 2 1
